I am  0
$JOB_ID 17854 5
$JOB_ID bcast 17854 5
regularizer 160 160
param: ./tmp.szAXKLqUTt.Toto_gene_num080/cnfsseight.Toto_gene_num080.27452761.null ./tmp.szAXKLqUTt.Toto_gene_num080/cnfsseight.Toto_gene_num080.27452761.input output17854
num_states: 272
num_label: 16
num_params: 34548
num_gates: 79
num_ps_gates: 21
num_pi_gates: 58
window_size: 15
dim_features: 1201
dim_one_pos: 79
num_params = 34548
open model success
Loading weights from /home/vpatel/projects/raptorx-ss3-ss8/data/model.p0-900.1561189
Training data0 loaded
0 1
Initialization Finished!
num_data = 0
num_tst = 1
[TRAIN]begin lbfgs

Iteration:  1
 Weight Norm: 56.5295
 Objective: 0
 test ACC(Viterbi): 0.564516   35/62
output17854/model.p0-1.17854
 test ACC(MAP1): 0.564516   35/62
 test ACC(MAP1-L8to3): 0.725806   45/62
 train ACC: nan   0/0
