I am  0
$JOB_ID 17251 5
$JOB_ID bcast 17251 5
regularizer 160 160
param: ./tmp.1X7iOdGRID.Taj_gene_num081/cnfsseight.Taj_gene_num081.32691635.null ./tmp.1X7iOdGRID.Taj_gene_num081/cnfsseight.Taj_gene_num081.32691635.input output17251
num_states: 272
num_label: 16
num_params: 34548
num_gates: 79
num_ps_gates: 21
num_pi_gates: 58
window_size: 15
dim_features: 1201
dim_one_pos: 79
num_params = 34548
open model success
Loading weights from /home/vpatel/projects/raptorx-ss3-ss8/data/model.p0-900.1561189
Training data0 loaded
0 1
Initialization Finished!
num_data = 0
num_tst = 1
[TRAIN]begin lbfgs

Iteration:  1
 Weight Norm: 56.5295
 Objective: 0
 test ACC(Viterbi): 0.621908   176/283
output17251/model.p0-1.17251
 test ACC(MAP1): 0.35689   101/283
 test ACC(MAP1-L8to3): 0.420495   119/283
 train ACC: nan   0/0
