I am  0
$JOB_ID 396 3
$JOB_ID bcast 396 3
regularizer 160 160
param: ./tmp.sgYbq9e3ze.Echild_gene_num074/cnfsseight.Echild_gene_num074.8844604.null ./tmp.sgYbq9e3ze.Echild_gene_num074/cnfsseight.Echild_gene_num074.8844604.input output396
num_states: 272
num_label: 16
num_params: 34548
num_gates: 79
num_ps_gates: 21
num_pi_gates: 58
window_size: 15
dim_features: 1201
dim_one_pos: 79
num_params = 34548
open model success
Loading weights from /home/vpatel/projects/raptorx-ss3-ss8/data/model.p0-900.1561189
Training data0 loaded
0 1
Initialization Finished!
num_data = 0
num_tst = 1
[TRAIN]begin lbfgs

Iteration:  1
 Weight Norm: 56.5295
 Objective: 0
 test ACC(Viterbi): 0.533333   144/270
output396/model.p0-1.396
 test ACC(MAP1): 0.444444   120/270
 test ACC(MAP1-L8to3): 0.62963   170/270
 train ACC: nan   0/0
