I am  0
$JOB_ID 9268 4
$JOB_ID bcast 9268 4
regularizer 160 160
param: ./tmp.sbaD8zgdgC.Gadjet_gene_num039/cnfsseight.Gadjet_gene_num039.61783664.null ./tmp.sbaD8zgdgC.Gadjet_gene_num039/cnfsseight.Gadjet_gene_num039.61783664.input output9268
num_states: 272
num_label: 16
num_params: 34548
num_gates: 79
num_ps_gates: 21
num_pi_gates: 58
window_size: 15
dim_features: 1201
dim_one_pos: 79
num_params = 34548
open model success
Loading weights from /home/vpatel/projects/raptorx-ss3-ss8/data/model.p0-900.1561189
Training data0 loaded
0 1
Initialization Finished!
num_data = 0
num_tst = 1
[TRAIN]begin lbfgs

Iteration:  1
 Weight Norm: 56.5295
 Objective: 0
 test ACC(Viterbi): 0.100223   45/449
output9268/model.p0-1.9268
 test ACC(MAP1): 0.0200445   9/449
 test ACC(MAP1-L8to3): 0.516704   232/449
 train ACC: nan   0/0
