I am  0
$JOB_ID 32256 5
$JOB_ID bcast 32256 5
regularizer 160 160
param: ./tmp.DjQpqhV1T4.Ghost_gene_num111/cnfsseight.Ghost_gene_num111.61993227.null ./tmp.DjQpqhV1T4.Ghost_gene_num111/cnfsseight.Ghost_gene_num111.61993227.input output32256
num_states: 272
num_label: 16
num_params: 34548
num_gates: 79
num_ps_gates: 21
num_pi_gates: 58
window_size: 15
dim_features: 1201
dim_one_pos: 79
num_params = 34548
open model success
Loading weights from /home/vpatel/projects/raptorx-ss3-ss8/data/model.p0-900.1561189
Training data0 loaded
0 1
Initialization Finished!
num_data = 0
num_tst = 1
[TRAIN]begin lbfgs

Iteration:  1
 Weight Norm: 56.5295
 Objective: 0
 test ACC(Viterbi): 0.511029   139/272
output32256/model.p0-1.32256
 test ACC(MAP1): 0.3125   85/272
 test ACC(MAP1-L8to3): 0.613971   167/272
 train ACC: nan   0/0
