I am  0
$JOB_ID 30442 5
$JOB_ID bcast 30442 5
regularizer 160 160
param: ./tmp.eW42phWla9.Zonia_gene_num012/cnfsseight.Zonia_gene_num012.48125095.null ./tmp.eW42phWla9.Zonia_gene_num012/cnfsseight.Zonia_gene_num012.48125095.input output30442
num_states: 272
num_label: 16
num_params: 34548
num_gates: 79
num_ps_gates: 21
num_pi_gates: 58
window_size: 15
dim_features: 1201
dim_one_pos: 79
num_params = 34548
open model success
Loading weights from /home/vpatel/projects/raptorx-ss3-ss8/data/model.p0-900.1561189
Training data0 loaded
0 1
Initialization Finished!
num_data = 0
num_tst = 1
[TRAIN]begin lbfgs

Iteration:  1
 Weight Norm: 56.5295
 Objective: 0
 test ACC(Viterbi): 0.459552   267/581
output30442/model.p0-1.30442
 test ACC(MAP1): 0.35284   205/581
 test ACC(MAP1-L8to3): 0.538726   313/581
 train ACC: nan   0/0
