I am  0
$JOB_ID 11511 5
$JOB_ID bcast 11511 5
regularizer 160 160
param: ./tmp.QGBj6fJimu.Toto_gene_num139/cnfsseight.Toto_gene_num139.41832513.null ./tmp.QGBj6fJimu.Toto_gene_num139/cnfsseight.Toto_gene_num139.41832513.input output11511
num_states: 272
num_label: 16
num_params: 34548
num_gates: 79
num_ps_gates: 21
num_pi_gates: 58
window_size: 15
dim_features: 1201
dim_one_pos: 79
num_params = 34548
open model success
Loading weights from /home/vpatel/projects/raptorx-ss3-ss8/data/model.p0-900.1561189
Training data0 loaded
0 1
Initialization Finished!
num_data = 0
num_tst = 1
[TRAIN]begin lbfgs

Iteration:  1
 Weight Norm: 56.5295
 Objective: 0
 test ACC(Viterbi): 0.808696   93/115
output11511/model.p0-1.11511
 test ACC(MAP1): 0.713043   82/115
 test ACC(MAP1-L8to3): 0.773913   89/115
 train ACC: nan   0/0
