I am  0
$JOB_ID 25285 5
$JOB_ID bcast 25285 5
regularizer 160 160
param: ./tmp.CV4qpRJvIM.Ariel_gene_num112/cnfsseight.Ariel_gene_num112.81650947.null ./tmp.CV4qpRJvIM.Ariel_gene_num112/cnfsseight.Ariel_gene_num112.81650947.input output25285
num_states: 272
num_label: 16
num_params: 34548
num_gates: 79
num_ps_gates: 21
num_pi_gates: 58
window_size: 15
dim_features: 1201
dim_one_pos: 79
num_params = 34548
open model success
Loading weights from /home/vpatel/projects/raptorx-ss3-ss8/data/model.p0-900.1561189
Training data0 loaded
0 1
Initialization Finished!
num_data = 0
num_tst = 1
[TRAIN]begin lbfgs

Iteration:  1
 Weight Norm: 56.5295
 Objective: 0
 test ACC(Viterbi): 0.529781   169/319
output25285/model.p0-1.25285
 test ACC(MAP1): 0.404389   129/319
 test ACC(MAP1-L8to3): 0.658307   210/319
 train ACC: nan   0/0
