I am  0
$JOB_ID 16518 5
$JOB_ID bcast 16518 5
regularizer 160 160
param: ./tmp.iKCr0autuk.MiaZeal_gene_num007/cnfsseight.MiaZeal_gene_num007.27170553.null ./tmp.iKCr0autuk.MiaZeal_gene_num007/cnfsseight.MiaZeal_gene_num007.27170553.input output16518
num_states: 272
num_label: 16
num_params: 34548
num_gates: 79
num_ps_gates: 21
num_pi_gates: 58
window_size: 15
dim_features: 1201
dim_one_pos: 79
num_params = 34548
open model success
Loading weights from /home/vpatel/projects/raptorx-ss3-ss8/data/model.p0-900.1561189
Training data0 loaded
0 1
Initialization Finished!
num_data = 0
num_tst = 1
[TRAIN]begin lbfgs

Iteration:  1
 Weight Norm: 56.5295
 Objective: 0
 test ACC(Viterbi): 0.765957   36/47
output16518/model.p0-1.16518
 test ACC(MAP1): 0.680851   32/47
 test ACC(MAP1-L8to3): 0.680851   32/47
 train ACC: nan   0/0
