I am  0
$JOB_ID 19746 5
$JOB_ID bcast 19746 5
regularizer 160 160
param: ./tmp.BdrPOUUPie.Che12_gene_num075/cnfsseight.Che12_gene_num075.272853.null ./tmp.BdrPOUUPie.Che12_gene_num075/cnfsseight.Che12_gene_num075.272853.input output19746
num_states: 272
num_label: 16
num_params: 34548
num_gates: 79
num_ps_gates: 21
num_pi_gates: 58
window_size: 15
dim_features: 1201
dim_one_pos: 79
num_params = 34548
open model success
Loading weights from /home/vpatel/projects/raptorx-ss3-ss8/data/model.p0-900.1561189
Training data0 loaded
0 1
Initialization Finished!
num_data = 0
num_tst = 1
[TRAIN]begin lbfgs

Iteration:  1
 Weight Norm: 56.5295
 Objective: 0
 test ACC(Viterbi): 0.565657   168/297
output19746/model.p0-1.19746
 test ACC(MAP1): 0.525253   156/297
 test ACC(MAP1-L8to3): 0.670034   199/297
 train ACC: nan   0/0
