I am  0
$JOB_ID 1504 4
$JOB_ID bcast 1504 4
regularizer 160 160
param: ./tmp.yB2Um3Wr7r.Artemis2UCLA_gene_num028/cnfsseight.Artemis2UCLA_gene_num028.12165266.null ./tmp.yB2Um3Wr7r.Artemis2UCLA_gene_num028/cnfsseight.Artemis2UCLA_gene_num028.12165266.input output1504
num_states: 272
num_label: 16
num_params: 34548
num_gates: 79
num_ps_gates: 21
num_pi_gates: 58
window_size: 15
dim_features: 1201
dim_one_pos: 79
num_params = 34548
open model success
Loading weights from /home/vpatel/projects/raptorx-ss3-ss8/data/model.p0-900.1561189
Training data0 loaded
0 1
Initialization Finished!
num_data = 0
num_tst = 1
[TRAIN]begin lbfgs

Iteration:  1
 Weight Norm: 56.5295
 Objective: 0
 test ACC(Viterbi): 0.411864   243/590
output1504/model.p0-1.1504
 test ACC(MAP1): 0.30339   179/590
 test ACC(MAP1-L8to3): 0.647458   382/590
 train ACC: nan   0/0
