I am  0
$JOB_ID 9094 4
$JOB_ID bcast 9094 4
regularizer 160 160
param: ./tmp.xFWQXb6ASb.QuinnKiro_gene_num067/cnfsseight.QuinnKiro_gene_num067.69302694.null ./tmp.xFWQXb6ASb.QuinnKiro_gene_num067/cnfsseight.QuinnKiro_gene_num067.69302694.input output9094
num_states: 272
num_label: 16
num_params: 34548
num_gates: 79
num_ps_gates: 21
num_pi_gates: 58
window_size: 15
dim_features: 1201
dim_one_pos: 79
num_params = 34548
open model success
Loading weights from /home/vpatel/projects/raptorx-ss3-ss8/data/model.p0-900.1561189
Training data0 loaded
0 1
Initialization Finished!
num_data = 0
num_tst = 1
[TRAIN]begin lbfgs

Iteration:  1
 Weight Norm: 56.5295
 Objective: 0
 test ACC(Viterbi): 0.232558   20/86
output9094/model.p0-1.9094
 test ACC(MAP1): 0.209302   18/86
 test ACC(MAP1-L8to3): 0.639535   55/86
 train ACC: nan   0/0
