I am  0
$JOB_ID 7180 4
$JOB_ID bcast 7180 4
regularizer 160 160
param: ./tmp.sY7CtHsO7W.MiaZeal_gene_num196/cnfsseight.MiaZeal_gene_num196.53304953.null ./tmp.sY7CtHsO7W.MiaZeal_gene_num196/cnfsseight.MiaZeal_gene_num196.53304953.input output7180
num_states: 272
num_label: 16
num_params: 34548
num_gates: 79
num_ps_gates: 21
num_pi_gates: 58
window_size: 15
dim_features: 1201
dim_one_pos: 79
num_params = 34548
open model success
Loading weights from /home/vpatel/projects/raptorx-ss3-ss8/data/model.p0-900.1561189
Training data0 loaded
0 1
Initialization Finished!
num_data = 0
num_tst = 1
[TRAIN]begin lbfgs

Iteration:  1
 Weight Norm: 56.5295
 Objective: 0
 test ACC(Viterbi): 0.892857   50/56
output7180/model.p0-1.7180
 test ACC(MAP1): 0.678571   38/56
 test ACC(MAP1-L8to3): 0.75   42/56
 train ACC: nan   0/0
