I am  0
$JOB_ID 17613 5
$JOB_ID bcast 17613 5
regularizer 160 160
param: ./tmp.qrUDY0v128.Vortex_gene_num053/cnfsseight.Vortex_gene_num053.9011944.null ./tmp.qrUDY0v128.Vortex_gene_num053/cnfsseight.Vortex_gene_num053.9011944.input output17613
num_states: 272
num_label: 16
num_params: 34548
num_gates: 79
num_ps_gates: 21
num_pi_gates: 58
window_size: 15
dim_features: 1201
dim_one_pos: 79
num_params = 34548
open model success
Loading weights from /home/vpatel/projects/raptorx-ss3-ss8/data/model.p0-900.1561189
Training data0 loaded
0 1
Initialization Finished!
num_data = 0
num_tst = 1
[TRAIN]begin lbfgs

Iteration:  1
 Weight Norm: 56.5295
 Objective: 0
 test ACC(Viterbi): 0.958763   93/97
output17613/model.p0-1.17613
 test ACC(MAP1): 0.463918   45/97
 test ACC(MAP1-L8to3): 0.505155   49/97
 train ACC: nan   0/0
