I am  0
$JOB_ID 2252 4
$JOB_ID bcast 2252 4
regularizer 160 160
param: ./tmp.D11qcofpTY.Redi_gene_num066/cnfsseight.Redi_gene_num066.33709866.null ./tmp.D11qcofpTY.Redi_gene_num066/cnfsseight.Redi_gene_num066.33709866.input output2252
num_states: 272
num_label: 16
num_params: 34548
num_gates: 79
num_ps_gates: 21
num_pi_gates: 58
window_size: 15
dim_features: 1201
dim_one_pos: 79
num_params = 34548
open model success
Loading weights from /home/vpatel/projects/raptorx-ss3-ss8/data/model.p0-900.1561189
Training data0 loaded
0 1
Initialization Finished!
num_data = 0
num_tst = 1
[TRAIN]begin lbfgs

Iteration:  1
 Weight Norm: 56.5295
 Objective: 0
 test ACC(Viterbi): 0.418919   31/74
output2252/model.p0-1.2252
 test ACC(MAP1): 0.121622   9/74
 test ACC(MAP1-L8to3): 0.337838   25/74
 train ACC: nan   0/0
