I am  0
$JOB_ID 4995 4
$JOB_ID bcast 4995 4
regularizer 160 160
param: ./tmp.j9ZRx8XRAR.Lamina13_gene_num058/cnfsseight.Lamina13_gene_num058.89970314.null ./tmp.j9ZRx8XRAR.Lamina13_gene_num058/cnfsseight.Lamina13_gene_num058.89970314.input output4995
num_states: 272
num_label: 16
num_params: 34548
num_gates: 79
num_ps_gates: 21
num_pi_gates: 58
window_size: 15
dim_features: 1201
dim_one_pos: 79
num_params = 34548
open model success
Loading weights from /home/vpatel/projects/raptorx-ss3-ss8/data/model.p0-900.1561189
Training data0 loaded
0 1
Initialization Finished!
num_data = 0
num_tst = 1
[TRAIN]begin lbfgs

Iteration:  1
 Weight Norm: 56.5295
 Objective: 0
 test ACC(Viterbi): 0.948276   55/58
output4995/model.p0-1.4995
 test ACC(MAP1): 0.948276   55/58
 test ACC(MAP1-L8to3): 0.948276   55/58
 train ACC: nan   0/0
