I am  0
$JOB_ID 26418 5
$JOB_ID bcast 26418 5
regularizer 160 160
param: ./tmp.R0DbKy4Rum.Optimus_gene_num119/cnfsseight.Optimus_gene_num119.67350287.null ./tmp.R0DbKy4Rum.Optimus_gene_num119/cnfsseight.Optimus_gene_num119.67350287.input output26418
num_states: 272
num_label: 16
num_params: 34548
num_gates: 79
num_ps_gates: 21
num_pi_gates: 58
window_size: 15
dim_features: 1201
dim_one_pos: 79
num_params = 34548
open model success
Loading weights from /home/vpatel/projects/raptorx-ss3-ss8/data/model.p0-900.1561189
Training data0 loaded
0 1
Initialization Finished!
num_data = 0
num_tst = 1
[TRAIN]begin lbfgs

Iteration:  1
 Weight Norm: 56.5295
 Objective: 0
 test ACC(Viterbi): 0.568182   175/308
output26418/model.p0-1.26418
 test ACC(MAP1): 0.425325   131/308
 test ACC(MAP1-L8to3): 0.594156   183/308
 train ACC: nan   0/0
