I am  0
$JOB_ID 14291 5
$JOB_ID bcast 14291 5
regularizer 160 160
param: ./tmp.n4m18F68SL.Switzer_gene_num080/cnfsseight.Switzer_gene_num080.70390204.null ./tmp.n4m18F68SL.Switzer_gene_num080/cnfsseight.Switzer_gene_num080.70390204.input output14291
num_states: 272
num_label: 16
num_params: 34548
num_gates: 79
num_ps_gates: 21
num_pi_gates: 58
window_size: 15
dim_features: 1201
dim_one_pos: 79
num_params = 34548
open model success
Loading weights from /home/vpatel/projects/raptorx-ss3-ss8/data/model.p0-900.1561189
Training data0 loaded
0 1
Initialization Finished!
num_data = 0
num_tst = 1
[TRAIN]begin lbfgs

Iteration:  1
 Weight Norm: 56.5295
 Objective: 0
 test ACC(Viterbi): 0.853659   35/41
output14291/model.p0-1.14291
 test ACC(MAP1): 0.829268   34/41
 test ACC(MAP1-L8to3): 0.829268   34/41
 train ACC: nan   0/0
