I am  0
$JOB_ID 4136 4
$JOB_ID bcast 4136 4
regularizer 160 160
param: ./tmp.T8SCks8aQb.JoeDirt_gene_num117/cnfsseight.JoeDirt_gene_num117.47598102.null ./tmp.T8SCks8aQb.JoeDirt_gene_num117/cnfsseight.JoeDirt_gene_num117.47598102.input output4136
num_states: 272
num_label: 16
num_params: 34548
num_gates: 79
num_ps_gates: 21
num_pi_gates: 58
window_size: 15
dim_features: 1201
dim_one_pos: 79
num_params = 34548
open model success
Loading weights from /home/vpatel/projects/raptorx-ss3-ss8/data/model.p0-900.1561189
Training data0 loaded
0 1
Initialization Finished!
num_data = 0
num_tst = 1
[TRAIN]begin lbfgs

Iteration:  1
 Weight Norm: 56.5295
 Objective: 0
 test ACC(Viterbi): 0.58427   52/89
output4136/model.p0-1.4136
 test ACC(MAP1): 0.483146   43/89
 test ACC(MAP1-L8to3): 0.707865   63/89
 train ACC: nan   0/0
