I am  0
$JOB_ID 29609 5
$JOB_ID bcast 29609 5
regularizer 160 160
param: ./tmp.1HIkYbrCvd.OSmaximus_gene_num024/cnfsseight.OSmaximus_gene_num024.65255476.null ./tmp.1HIkYbrCvd.OSmaximus_gene_num024/cnfsseight.OSmaximus_gene_num024.65255476.input output29609
num_states: 272
num_label: 16
num_params: 34548
num_gates: 79
num_ps_gates: 21
num_pi_gates: 58
window_size: 15
dim_features: 1201
dim_one_pos: 79
num_params = 34548
open model success
Loading weights from /home/vpatel/projects/raptorx-ss3-ss8/data/model.p0-900.1561189
Training data0 loaded
0 1
Initialization Finished!
num_data = 0
num_tst = 1
[TRAIN]begin lbfgs

Iteration:  1
 Weight Norm: 56.5295
 Objective: 0
 test ACC(Viterbi): 0.273504   32/117
output29609/model.p0-1.29609
 test ACC(MAP1): 0.25641   30/117
 test ACC(MAP1-L8to3): 0.461538   54/117
 train ACC: nan   0/0
