I am  0
$JOB_ID 6126 4
$JOB_ID bcast 6126 4
regularizer 160 160
param: ./tmp.uiIQtiezSc.BigNuz_gene_num063/cnfsseight.BigNuz_gene_num063.25617325.null ./tmp.uiIQtiezSc.BigNuz_gene_num063/cnfsseight.BigNuz_gene_num063.25617325.input output6126
num_states: 272
num_label: 16
num_params: 34548
num_gates: 79
num_ps_gates: 21
num_pi_gates: 58
window_size: 15
dim_features: 1201
dim_one_pos: 79
num_params = 34548
open model success
Loading weights from /home/vpatel/projects/raptorx-ss3-ss8/data/model.p0-900.1561189
Training data0 loaded
0 1
Initialization Finished!
num_data = 0
num_tst = 1
[TRAIN]begin lbfgs

Iteration:  1
 Weight Norm: 56.5295
 Objective: 0
 test ACC(Viterbi): 0.587248   175/298
output6126/model.p0-1.6126
 test ACC(MAP1): 0.375839   112/298
 test ACC(MAP1-L8to3): 0.469799   140/298
 train ACC: nan   0/0
