I am  0
$JOB_ID 27567 5
$JOB_ID bcast 27567 5
regularizer 160 160
param: ./tmp.69GO83nnX6.Piro94_gene_num029/cnfsseight.Piro94_gene_num029.89549206.null ./tmp.69GO83nnX6.Piro94_gene_num029/cnfsseight.Piro94_gene_num029.89549206.input output27567
num_states: 272
num_label: 16
num_params: 34548
num_gates: 79
num_ps_gates: 21
num_pi_gates: 58
window_size: 15
dim_features: 1201
dim_one_pos: 79
num_params = 34548
open model success
Loading weights from /home/vpatel/projects/raptorx-ss3-ss8/data/model.p0-900.1561189
Training data0 loaded
0 1
Initialization Finished!
num_data = 0
num_tst = 1
[TRAIN]begin lbfgs

Iteration:  1
 Weight Norm: 56.5295
 Objective: 0
 test ACC(Viterbi): 0.527027   78/148
output27567/model.p0-1.27567
 test ACC(MAP1): 0.337838   50/148
 test ACC(MAP1-L8to3): 0.418919   62/148
 train ACC: nan   0/0
