I am  0
$JOB_ID 19116 5
$JOB_ID bcast 19116 5
regularizer 160 160
param: ./tmp.SGZicFoWEm.Pleione_gene_num131/cnfsseight.Pleione_gene_num131.88988720.null ./tmp.SGZicFoWEm.Pleione_gene_num131/cnfsseight.Pleione_gene_num131.88988720.input output19116
num_states: 272
num_label: 16
num_params: 34548
num_gates: 79
num_ps_gates: 21
num_pi_gates: 58
window_size: 15
dim_features: 1201
dim_one_pos: 79
num_params = 34548
open model success
Loading weights from /home/vpatel/projects/raptorx-ss3-ss8/data/model.p0-900.1561189
Training data0 loaded
0 1
Initialization Finished!
num_data = 0
num_tst = 1
[TRAIN]begin lbfgs

Iteration:  1
 Weight Norm: 56.5295
 Objective: 0
 test ACC(Viterbi): 0.707447   532/752
output19116/model.p0-1.19116
 test ACC(MAP1): 0.50266   378/752
 test ACC(MAP1-L8to3): 0.607713   457/752
 train ACC: nan   0/0
