I am  0
$JOB_ID 14884 5
$JOB_ID bcast 14884 5
regularizer 160 160
param: ./tmp.7Hv2A1at2i.Ariel_gene_num147/cnfsseight.Ariel_gene_num147.95906923.null ./tmp.7Hv2A1at2i.Ariel_gene_num147/cnfsseight.Ariel_gene_num147.95906923.input output14884
num_states: 272
num_label: 16
num_params: 34548
num_gates: 79
num_ps_gates: 21
num_pi_gates: 58
window_size: 15
dim_features: 1201
dim_one_pos: 79
num_params = 34548
open model success
Loading weights from /home/vpatel/projects/raptorx-ss3-ss8/data/model.p0-900.1561189
Training data0 loaded
0 1
Initialization Finished!
num_data = 0
num_tst = 1
[TRAIN]begin lbfgs

Iteration:  1
 Weight Norm: 56.5295
 Objective: 0
 test ACC(Viterbi): 0.335   67/200
output14884/model.p0-1.14884
 test ACC(MAP1): 0.275   55/200
 test ACC(MAP1-L8to3): 0.675   135/200
 train ACC: nan   0/0
