I am  0
$JOB_ID 11578 5
$JOB_ID bcast 11578 5
regularizer 160 160
param: ./tmp.Zgt2j2L0pZ.Piro94_gene_num073/cnfsseight.Piro94_gene_num073.83467225.null ./tmp.Zgt2j2L0pZ.Piro94_gene_num073/cnfsseight.Piro94_gene_num073.83467225.input output11578
num_states: 272
num_label: 16
num_params: 34548
num_gates: 79
num_ps_gates: 21
num_pi_gates: 58
window_size: 15
dim_features: 1201
dim_one_pos: 79
num_params = 34548
open model success
Loading weights from /home/vpatel/projects/raptorx-ss3-ss8/data/model.p0-900.1561189
Training data0 loaded
0 1
Initialization Finished!
num_data = 0
num_tst = 1
[TRAIN]begin lbfgs

Iteration:  1
 Weight Norm: 56.5295
 Objective: 0
 test ACC(Viterbi): 0.289855   40/138
output11578/model.p0-1.11578
 test ACC(MAP1): 0.275362   38/138
 test ACC(MAP1-L8to3): 0.615942   85/138
 train ACC: nan   0/0
