I am  0
$JOB_ID 9151 4
$JOB_ID bcast 9151 4
regularizer 160 160
param: ./tmp.bDP7i5e1n7.PBI1_gene_num003/cnfsseight.PBI1_gene_num003.25163731.null ./tmp.bDP7i5e1n7.PBI1_gene_num003/cnfsseight.PBI1_gene_num003.25163731.input output9151
num_states: 272
num_label: 16
num_params: 34548
num_gates: 79
num_ps_gates: 21
num_pi_gates: 58
window_size: 15
dim_features: 1201
dim_one_pos: 79
num_params = 34548
open model success
Loading weights from /home/vpatel/projects/raptorx-ss3-ss8/data/model.p0-900.1561189
Training data0 loaded
0 1
Initialization Finished!
num_data = 0
num_tst = 1
[TRAIN]begin lbfgs

Iteration:  1
 Weight Norm: 56.5295
 Objective: 0
 test ACC(Viterbi): 0.34375   22/64
output9151/model.p0-1.9151
 test ACC(MAP1): 0.109375   7/64
 test ACC(MAP1-L8to3): 0.140625   9/64
 train ACC: nan   0/0
