I am  0
$JOB_ID 14764 5
$JOB_ID bcast 14764 5
regularizer 160 160
param: ./tmp.t7gRww3YPW.Zemanar_gene_num048/cnfsseight.Zemanar_gene_num048.72144039.null ./tmp.t7gRww3YPW.Zemanar_gene_num048/cnfsseight.Zemanar_gene_num048.72144039.input output14764
num_states: 272
num_label: 16
num_params: 34548
num_gates: 79
num_ps_gates: 21
num_pi_gates: 58
window_size: 15
dim_features: 1201
dim_one_pos: 79
num_params = 34548
open model success
Loading weights from /home/vpatel/projects/raptorx-ss3-ss8/data/model.p0-900.1561189
Training data0 loaded
0 1
Initialization Finished!
num_data = 0
num_tst = 1
[TRAIN]begin lbfgs

Iteration:  1
 Weight Norm: 56.5295
 Objective: 0
 test ACC(Viterbi): 0.528998   301/569
output14764/model.p0-1.14764
 test ACC(MAP1): 0.427065   243/569
 test ACC(MAP1-L8to3): 0.636204   362/569
 train ACC: nan   0/0
