I am  0
$JOB_ID 576 3
$JOB_ID bcast 576 3
regularizer 160 160
param: ./tmp.fZJO4quPxd.Malithi_gene_num059/cnfsseight.Malithi_gene_num059.34201336.null ./tmp.fZJO4quPxd.Malithi_gene_num059/cnfsseight.Malithi_gene_num059.34201336.input output576
num_states: 272
num_label: 16
num_params: 34548
num_gates: 79
num_ps_gates: 21
num_pi_gates: 58
window_size: 15
dim_features: 1201
dim_one_pos: 79
num_params = 34548
open model success
Loading weights from /home/vpatel/projects/raptorx-ss3-ss8/data/model.p0-900.1561189
Training data0 loaded
0 1
Initialization Finished!
num_data = 0
num_tst = 1
[TRAIN]begin lbfgs

Iteration:  1
 Weight Norm: 56.5295
 Objective: 0
 test ACC(Viterbi): 0.3125   15/48
output576/model.p0-1.576
 test ACC(MAP1): 0.229167   11/48
 test ACC(MAP1-L8to3): 0.333333   16/48
 train ACC: nan   0/0
