I am  0
$JOB_ID 13313 5
$JOB_ID bcast 13313 5
regularizer 160 160
param: ./tmp.f8qxv0A3Sm.Qyrzula_gene_num047/cnfsseight.Qyrzula_gene_num047.10891389.null ./tmp.f8qxv0A3Sm.Qyrzula_gene_num047/cnfsseight.Qyrzula_gene_num047.10891389.input output13313
num_states: 272
num_label: 16
num_params: 34548
num_gates: 79
num_ps_gates: 21
num_pi_gates: 58
window_size: 15
dim_features: 1201
dim_one_pos: 79
num_params = 34548
open model success
Loading weights from /home/vpatel/projects/raptorx-ss3-ss8/data/model.p0-900.1561189
Training data0 loaded
0 1
Initialization Finished!
num_data = 0
num_tst = 1
[TRAIN]begin lbfgs

Iteration:  1
 Weight Norm: 56.5295
 Objective: 0
 test ACC(Viterbi): 0.564835   257/455
output13313/model.p0-1.13313
 test ACC(MAP1): 0.408791   186/455
 test ACC(MAP1-L8to3): 0.538462   245/455
 train ACC: nan   0/0
