I am  0
$JOB_ID 23943 5
$JOB_ID bcast 23943 5
regularizer 160 160
param: ./tmp.LEDj5KB3ih.Benedict_gene_num045/cnfsseight.Benedict_gene_num045.47475617.null ./tmp.LEDj5KB3ih.Benedict_gene_num045/cnfsseight.Benedict_gene_num045.47475617.input output23943
num_states: 272
num_label: 16
num_params: 34548
num_gates: 79
num_ps_gates: 21
num_pi_gates: 58
window_size: 15
dim_features: 1201
dim_one_pos: 79
num_params = 34548
open model success
Loading weights from /home/vpatel/projects/raptorx-ss3-ss8/data/model.p0-900.1561189
Training data0 loaded
0 1
Initialization Finished!
num_data = 0
num_tst = 1
[TRAIN]begin lbfgs

Iteration:  1
 Weight Norm: 56.5295
 Objective: 0
 test ACC(Viterbi): 0.609971   416/682
output23943/model.p0-1.23943
 test ACC(MAP1): 0.466276   318/682
 test ACC(MAP1-L8to3): 0.658358   449/682
 train ACC: nan   0/0
