I am  0
$JOB_ID 32727 5
$JOB_ID bcast 32727 5
regularizer 160 160
param: ./tmp.VBEInicIdd.Cooper_gene_num023/cnfsseight.Cooper_gene_num023.90123890.null ./tmp.VBEInicIdd.Cooper_gene_num023/cnfsseight.Cooper_gene_num023.90123890.input output32727
num_states: 272
num_label: 16
num_params: 34548
num_gates: 79
num_ps_gates: 21
num_pi_gates: 58
window_size: 15
dim_features: 1201
dim_one_pos: 79
num_params = 34548
open model success
Loading weights from /home/vpatel/projects/raptorx-ss3-ss8/data/model.p0-900.1561189
Training data0 loaded
0 1
Initialization Finished!
num_data = 0
num_tst = 1
[TRAIN]begin lbfgs

Iteration:  1
 Weight Norm: 56.5295
 Objective: 0
 test ACC(Viterbi): 0.416058   57/137
output32727/model.p0-1.32727
 test ACC(MAP1): 0.394161   54/137
 test ACC(MAP1-L8to3): 0.671533   92/137
 train ACC: nan   0/0
