I am  0
$JOB_ID 28825 5
$JOB_ID bcast 28825 5
regularizer 160 160
param: ./tmp.7fdhA2midk.Jobu08_gene_num025/cnfsseight.Jobu08_gene_num025.89447922.null ./tmp.7fdhA2midk.Jobu08_gene_num025/cnfsseight.Jobu08_gene_num025.89447922.input output28825
num_states: 272
num_label: 16
num_params: 34548
num_gates: 79
num_ps_gates: 21
num_pi_gates: 58
window_size: 15
dim_features: 1201
dim_one_pos: 79
num_params = 34548
open model success
Loading weights from /home/vpatel/projects/raptorx-ss3-ss8/data/model.p0-900.1561189
Training data0 loaded
0 1
Initialization Finished!
num_data = 0
num_tst = 1
[TRAIN]begin lbfgs

Iteration:  1
 Weight Norm: 56.5295
 Objective: 0
 test ACC(Viterbi): 0.0679825   31/456
output28825/model.p0-1.28825
 test ACC(MAP1): 0.0570175   26/456
 test ACC(MAP1-L8to3): 0.469298   214/456
 train ACC: nan   0/0
