I am  0
$JOB_ID 9814 4
$JOB_ID bcast 9814 4
regularizer 160 160
param: ./tmp.NTzMT6q5ys.Ramsey_gene_num108/cnfsseight.Ramsey_gene_num108.37257482.null ./tmp.NTzMT6q5ys.Ramsey_gene_num108/cnfsseight.Ramsey_gene_num108.37257482.input output9814
num_states: 272
num_label: 16
num_params: 34548
num_gates: 79
num_ps_gates: 21
num_pi_gates: 58
window_size: 15
dim_features: 1201
dim_one_pos: 79
num_params = 34548
open model success
Loading weights from /home/vpatel/projects/raptorx-ss3-ss8/data/model.p0-900.1561189
Training data0 loaded
0 1
Initialization Finished!
num_data = 0
num_tst = 1
[TRAIN]begin lbfgs

Iteration:  1
 Weight Norm: 56.5295
 Objective: 0
 test ACC(Viterbi): 0.374384   76/203
output9814/model.p0-1.9814
 test ACC(MAP1): 0.35468   72/203
 test ACC(MAP1-L8to3): 0.596059   121/203
 train ACC: nan   0/0
