I am  0
$JOB_ID 6968 4
$JOB_ID bcast 6968 4
regularizer 160 160
param: ./tmp.s4EVqwkEWl.Avrafan_gene_num048/cnfsseight.Avrafan_gene_num048.58721050.null ./tmp.s4EVqwkEWl.Avrafan_gene_num048/cnfsseight.Avrafan_gene_num048.58721050.input output6968
num_states: 272
num_label: 16
num_params: 34548
num_gates: 79
num_ps_gates: 21
num_pi_gates: 58
window_size: 15
dim_features: 1201
dim_one_pos: 79
num_params = 34548
open model success
Loading weights from /home/vpatel/projects/raptorx-ss3-ss8/data/model.p0-900.1561189
Training data0 loaded
0 1
Initialization Finished!
num_data = 0
num_tst = 1
[TRAIN]begin lbfgs

Iteration:  1
 Weight Norm: 56.5295
 Objective: 0
 test ACC(Viterbi): 0.222222   18/81
output6968/model.p0-1.6968
 test ACC(MAP1): 0.17284   14/81
 test ACC(MAP1-L8to3): 0.308642   25/81
 train ACC: nan   0/0
