I am  0
$JOB_ID 30016 5
$JOB_ID bcast 30016 5
regularizer 160 160
param: ./tmp.hALpkfMH5u.Colbert_gene_num022/cnfsseight.Colbert_gene_num022.87648165.null ./tmp.hALpkfMH5u.Colbert_gene_num022/cnfsseight.Colbert_gene_num022.87648165.input output30016
num_states: 272
num_label: 16
num_params: 34548
num_gates: 79
num_ps_gates: 21
num_pi_gates: 58
window_size: 15
dim_features: 1201
dim_one_pos: 79
num_params = 34548
open model success
Loading weights from /home/vpatel/projects/raptorx-ss3-ss8/data/model.p0-900.1561189
Training data0 loaded
0 1
Initialization Finished!
num_data = 0
num_tst = 1
[TRAIN]begin lbfgs

Iteration:  1
 Weight Norm: 56.5295
 Objective: 0
 test ACC(Viterbi): 0.289796   71/245
output30016/model.p0-1.30016
 test ACC(MAP1): 0.244898   60/245
 test ACC(MAP1-L8to3): 0.542857   133/245
 train ACC: nan   0/0
