I am  0
$JOB_ID 6882 4
$JOB_ID bcast 6882 4
regularizer 160 160
param: ./tmp.yp77MaFZLQ.Dreamboat_gene_num050/cnfsseight.Dreamboat_gene_num050.23182942.null ./tmp.yp77MaFZLQ.Dreamboat_gene_num050/cnfsseight.Dreamboat_gene_num050.23182942.input output6882
num_states: 272
num_label: 16
num_params: 34548
num_gates: 79
num_ps_gates: 21
num_pi_gates: 58
window_size: 15
dim_features: 1201
dim_one_pos: 79
num_params = 34548
open model success
Loading weights from /home/vpatel/projects/raptorx-ss3-ss8/data/model.p0-900.1561189
Training data0 loaded
0 1
Initialization Finished!
num_data = 0
num_tst = 1
[TRAIN]begin lbfgs

Iteration:  1
 Weight Norm: 56.5295
 Objective: 0
 test ACC(Viterbi): 0.6   36/60
output6882/model.p0-1.6882
 test ACC(MAP1): 0.316667   19/60
 test ACC(MAP1-L8to3): 0.433333   26/60
 train ACC: nan   0/0
