I am  0
$JOB_ID 368 3
$JOB_ID bcast 368 3
regularizer 160 160
param: ./tmp.4zOgBDNe4o.Graduation_gene_num015/cnfsseight.Graduation_gene_num015.86429259.null ./tmp.4zOgBDNe4o.Graduation_gene_num015/cnfsseight.Graduation_gene_num015.86429259.input output368
num_states: 272
num_label: 16
num_params: 34548
num_gates: 79
num_ps_gates: 21
num_pi_gates: 58
window_size: 15
dim_features: 1201
dim_one_pos: 79
num_params = 34548
open model success
Loading weights from /home/vpatel/projects/raptorx-ss3-ss8/data/model.p0-900.1561189
Training data0 loaded
0 1
Initialization Finished!
num_data = 0
num_tst = 1
[TRAIN]begin lbfgs

Iteration:  1
 Weight Norm: 56.5295
 Objective: 0
 test ACC(Viterbi): 0.726962   213/293
output368/model.p0-1.368
 test ACC(MAP1): 0.614334   180/293
 test ACC(MAP1-L8to3): 0.692833   203/293
 train ACC: nan   0/0
