I am  0
$JOB_ID 9081 4
$JOB_ID bcast 9081 4
regularizer 160 160
param: ./tmp.DxaiAlqYtz.Boomer_gene_num100/cnfsseight.Boomer_gene_num100.75035111.null ./tmp.DxaiAlqYtz.Boomer_gene_num100/cnfsseight.Boomer_gene_num100.75035111.input output9081
num_states: 272
num_label: 16
num_params: 34548
num_gates: 79
num_ps_gates: 21
num_pi_gates: 58
window_size: 15
dim_features: 1201
dim_one_pos: 79
num_params = 34548
open model success
Loading weights from /home/vpatel/projects/raptorx-ss3-ss8/data/model.p0-900.1561189
Training data0 loaded
0 1
Initialization Finished!
num_data = 0
num_tst = 1
[TRAIN]begin lbfgs

Iteration:  1
 Weight Norm: 56.5295
 Objective: 0
 test ACC(Viterbi): 0.478261   66/138
output9081/model.p0-1.9081
 test ACC(MAP1): 0.434783   60/138
 test ACC(MAP1-L8to3): 0.601449   83/138
 train ACC: nan   0/0
