I am  0
$JOB_ID 9908 4
$JOB_ID bcast 9908 4
regularizer 160 160
param: ./tmp.WYyrrrT5kB.ZoeJ_gene_num071/cnfsseight.ZoeJ_gene_num071.56089017.null ./tmp.WYyrrrT5kB.ZoeJ_gene_num071/cnfsseight.ZoeJ_gene_num071.56089017.input output9908
num_states: 272
num_label: 16
num_params: 34548
num_gates: 79
num_ps_gates: 21
num_pi_gates: 58
window_size: 15
dim_features: 1201
dim_one_pos: 79
num_params = 34548
open model success
Loading weights from /home/vpatel/projects/raptorx-ss3-ss8/data/model.p0-900.1561189
Training data0 loaded
0 1
Initialization Finished!
num_data = 0
num_tst = 1
[TRAIN]begin lbfgs

Iteration:  1
 Weight Norm: 56.5295
 Objective: 0
 test ACC(Viterbi): 0.53584   456/851
output9908/model.p0-1.9908
 test ACC(MAP1): 0.421857   359/851
 test ACC(MAP1-L8to3): 0.614571   523/851
 train ACC: nan   0/0
