I am  0
$JOB_ID 9558 4
$JOB_ID bcast 9558 4
regularizer 160 160
param: ./tmp.on2xwXvq8H.Pio_gene_num193/cnfsseight.Pio_gene_num193.9418642.null ./tmp.on2xwXvq8H.Pio_gene_num193/cnfsseight.Pio_gene_num193.9418642.input output9558
num_states: 272
num_label: 16
num_params: 34548
num_gates: 79
num_ps_gates: 21
num_pi_gates: 58
window_size: 15
dim_features: 1201
dim_one_pos: 79
num_params = 34548
open model success
Loading weights from /home/vpatel/projects/raptorx-ss3-ss8/data/model.p0-900.1561189
Training data0 loaded
0 1
Initialization Finished!
num_data = 0
num_tst = 1
[TRAIN]begin lbfgs

Iteration:  1
 Weight Norm: 56.5295
 Objective: 0
 test ACC(Viterbi): 0.821561   221/269
output9558/model.p0-1.9558
 test ACC(MAP1): 0.605948   163/269
 test ACC(MAP1-L8to3): 0.710037   191/269
 train ACC: nan   0/0
