I am  0
$JOB_ID 32507 5
$JOB_ID bcast 32507 5
regularizer 160 160
param: ./tmp.coqL8qSVoj.Astro_gene_num020/cnfsseight.Astro_gene_num020.78511291.null ./tmp.coqL8qSVoj.Astro_gene_num020/cnfsseight.Astro_gene_num020.78511291.input output32507
num_states: 272
num_label: 16
num_params: 34548
num_gates: 79
num_ps_gates: 21
num_pi_gates: 58
window_size: 15
dim_features: 1201
dim_one_pos: 79
num_params = 34548
open model success
Loading weights from /home/vpatel/projects/raptorx-ss3-ss8/data/model.p0-900.1561189
Training data0 loaded
0 1
Initialization Finished!
num_data = 0
num_tst = 1
[TRAIN]begin lbfgs

Iteration:  1
 Weight Norm: 56.5295
 Objective: 0
 test ACC(Viterbi): 0.669421   81/121
output32507/model.p0-1.32507
 test ACC(MAP1): 0.586777   71/121
 test ACC(MAP1-L8to3): 0.710744   86/121
 train ACC: nan   0/0
