I am  0
$JOB_ID 21598 5
$JOB_ID bcast 21598 5
regularizer 160 160
param: ./tmp.ChV4NT14br.Wee_gene_num027/cnfsseight.Wee_gene_num027.52019454.null ./tmp.ChV4NT14br.Wee_gene_num027/cnfsseight.Wee_gene_num027.52019454.input output21598
num_states: 272
num_label: 16
num_params: 34548
num_gates: 79
num_ps_gates: 21
num_pi_gates: 58
window_size: 15
dim_features: 1201
dim_one_pos: 79
num_params = 34548
open model success
Loading weights from /home/vpatel/projects/raptorx-ss3-ss8/data/model.p0-900.1561189
Training data0 loaded
0 1
Initialization Finished!
num_data = 0
num_tst = 1
[TRAIN]begin lbfgs

Iteration:  1
 Weight Norm: 56.5295
 Objective: 0
 test ACC(Viterbi): 0.475   57/120
output21598/model.p0-1.21598
 test ACC(MAP1): 0.291667   35/120
 test ACC(MAP1-L8to3): 0.466667   56/120
 train ACC: nan   0/0
