I am  0
$JOB_ID 5422 4
$JOB_ID bcast 5422 4
regularizer 160 160
param: ./tmp.URFZzspYYu.Marvin_gene_num027/cnfsseight.Marvin_gene_num027.10855119.null ./tmp.URFZzspYYu.Marvin_gene_num027/cnfsseight.Marvin_gene_num027.10855119.input output5422
num_states: 272
num_label: 16
num_params: 34548
num_gates: 79
num_ps_gates: 21
num_pi_gates: 58
window_size: 15
dim_features: 1201
dim_one_pos: 79
num_params = 34548
open model success
Loading weights from /home/vpatel/projects/raptorx-ss3-ss8/data/model.p0-900.1561189
Training data0 loaded
0 1
Initialization Finished!
num_data = 0
num_tst = 1
[TRAIN]begin lbfgs

Iteration:  1
 Weight Norm: 56.5295
 Objective: 0
 test ACC(Viterbi): 0.253012   21/83
output5422/model.p0-1.5422
 test ACC(MAP1): 0.0481928   4/83
 test ACC(MAP1-L8to3): 0.301205   25/83
 train ACC: nan   0/0
