I am  0
$JOB_ID 13476 5
$JOB_ID bcast 13476 5
regularizer 160 160
param: ./tmp.6tMeyfCD3A.LRRHood_gene_num092/cnfsseight.LRRHood_gene_num092.98552829.null ./tmp.6tMeyfCD3A.LRRHood_gene_num092/cnfsseight.LRRHood_gene_num092.98552829.input output13476
num_states: 272
num_label: 16
num_params: 34548
num_gates: 79
num_ps_gates: 21
num_pi_gates: 58
window_size: 15
dim_features: 1201
dim_one_pos: 79
num_params = 34548
open model success
Loading weights from /home/vpatel/projects/raptorx-ss3-ss8/data/model.p0-900.1561189
Training data0 loaded
0 1
Initialization Finished!
num_data = 0
num_tst = 1
[TRAIN]begin lbfgs

Iteration:  1
 Weight Norm: 56.5295
 Objective: 0
 test ACC(Viterbi): 0.396721   121/305
output13476/model.p0-1.13476
 test ACC(MAP1): 0.272131   83/305
 test ACC(MAP1-L8to3): 0.42623   130/305
 train ACC: nan   0/0
