I am  0
$JOB_ID 4170 4
$JOB_ID bcast 4170 4
regularizer 160 160
param: ./tmp.SBCweNP4mp.Vortex_gene_num058/cnfsseight.Vortex_gene_num058.9621330.null ./tmp.SBCweNP4mp.Vortex_gene_num058/cnfsseight.Vortex_gene_num058.9621330.input output4170
num_states: 272
num_label: 16
num_params: 34548
num_gates: 79
num_ps_gates: 21
num_pi_gates: 58
window_size: 15
dim_features: 1201
dim_one_pos: 79
num_params = 34548
open model success
Loading weights from /home/vpatel/projects/raptorx-ss3-ss8/data/model.p0-900.1561189
Training data0 loaded
0 1
Initialization Finished!
num_data = 0
num_tst = 1
[TRAIN]begin lbfgs

Iteration:  1
 Weight Norm: 56.5295
 Objective: 0
 test ACC(Viterbi): 0.496257   464/935
output4170/model.p0-1.4170
 test ACC(MAP1): 0.326203   305/935
 test ACC(MAP1-L8to3): 0.503743   471/935
 train ACC: nan   0/0
