I am  0
$JOB_ID 8157 4
$JOB_ID bcast 8157 4
regularizer 160 160
param: ./tmp.ckLluTV7T4.Phantastic_gene_num006/cnfsseight.Phantastic_gene_num006.75780614.null ./tmp.ckLluTV7T4.Phantastic_gene_num006/cnfsseight.Phantastic_gene_num006.75780614.input output8157
num_states: 272
num_label: 16
num_params: 34548
num_gates: 79
num_ps_gates: 21
num_pi_gates: 58
window_size: 15
dim_features: 1201
dim_one_pos: 79
num_params = 34548
open model success
Loading weights from /home/vpatel/projects/raptorx-ss3-ss8/data/model.p0-900.1561189
Training data0 loaded
0 1
Initialization Finished!
num_data = 0
num_tst = 1
[TRAIN]begin lbfgs

Iteration:  1
 Weight Norm: 56.5295
 Objective: 0
 test ACC(Viterbi): 0.390805   34/87
output8157/model.p0-1.8157
 test ACC(MAP1): 0.367816   32/87
 test ACC(MAP1-L8to3): 0.701149   61/87
 train ACC: nan   0/0
