I am  0
$JOB_ID 22504 5
$JOB_ID bcast 22504 5
regularizer 160 160
param: ./tmp.VsFNSS7TJj.PattyP_gene_num008/cnfsseight.PattyP_gene_num008.83720397.null ./tmp.VsFNSS7TJj.PattyP_gene_num008/cnfsseight.PattyP_gene_num008.83720397.input output22504
num_states: 272
num_label: 16
num_params: 34548
num_gates: 79
num_ps_gates: 21
num_pi_gates: 58
window_size: 15
dim_features: 1201
dim_one_pos: 79
num_params = 34548
open model success
Loading weights from /home/vpatel/projects/raptorx-ss3-ss8/data/model.p0-900.1561189
Training data0 loaded
0 1
Initialization Finished!
num_data = 0
num_tst = 1
[TRAIN]begin lbfgs

Iteration:  1
 Weight Norm: 56.5295
 Objective: 0
 test ACC(Viterbi): 0.127907   11/86
output22504/model.p0-1.22504
 test ACC(MAP1): 0.0930233   8/86
 test ACC(MAP1-L8to3): 0.616279   53/86
 train ACC: nan   0/0
