I am  0
$JOB_ID 26795 5
$JOB_ID bcast 26795 5
regularizer 160 160
param: ./tmp.QvXeW5J1oT.Larva_gene_num006/cnfsseight.Larva_gene_num006.90941452.null ./tmp.QvXeW5J1oT.Larva_gene_num006/cnfsseight.Larva_gene_num006.90941452.input output26795
num_states: 272
num_label: 16
num_params: 34548
num_gates: 79
num_ps_gates: 21
num_pi_gates: 58
window_size: 15
dim_features: 1201
dim_one_pos: 79
num_params = 34548
open model success
Loading weights from /home/vpatel/projects/raptorx-ss3-ss8/data/model.p0-900.1561189
Training data0 loaded
0 1
Initialization Finished!
num_data = 0
num_tst = 1
[TRAIN]begin lbfgs

Iteration:  1
 Weight Norm: 56.5295
 Objective: 0
 test ACC(Viterbi): 0.523438   268/512
output26795/model.p0-1.26795
 test ACC(MAP1): 0.427734   219/512
 test ACC(MAP1-L8to3): 0.615234   315/512
 train ACC: nan   0/0
