I am  0
$JOB_ID 2034 4
$JOB_ID bcast 2034 4
regularizer 160 160
param: ./tmp.ywf0LYKjIY.DS6A_gene_num071/cnfsseight.DS6A_gene_num071.85076259.null ./tmp.ywf0LYKjIY.DS6A_gene_num071/cnfsseight.DS6A_gene_num071.85076259.input output2034
num_states: 272
num_label: 16
num_params: 34548
num_gates: 79
num_ps_gates: 21
num_pi_gates: 58
window_size: 15
dim_features: 1201
dim_one_pos: 79
num_params = 34548
open model success
Loading weights from /home/vpatel/projects/raptorx-ss3-ss8/data/model.p0-900.1561189
Training data0 loaded
0 1
Initialization Finished!
num_data = 0
num_tst = 1
[TRAIN]begin lbfgs

Iteration:  1
 Weight Norm: 56.5295
 Objective: 0
 test ACC(Viterbi): 0.442623   54/122
output2034/model.p0-1.2034
 test ACC(MAP1): 0.368852   45/122
 test ACC(MAP1-L8to3): 0.631148   77/122
 train ACC: nan   0/0
