I am  0
$JOB_ID 5862 4
$JOB_ID bcast 5862 4
regularizer 160 160
param: ./tmp.9Hty23HrN5.Inventum_gene_num059/cnfsseight.Inventum_gene_num059.86810857.null ./tmp.9Hty23HrN5.Inventum_gene_num059/cnfsseight.Inventum_gene_num059.86810857.input output5862
num_states: 272
num_label: 16
num_params: 34548
num_gates: 79
num_ps_gates: 21
num_pi_gates: 58
window_size: 15
dim_features: 1201
dim_one_pos: 79
num_params = 34548
open model success
Loading weights from /home/vpatel/projects/raptorx-ss3-ss8/data/model.p0-900.1561189
Training data0 loaded
0 1
Initialization Finished!
num_data = 0
num_tst = 1
[TRAIN]begin lbfgs

Iteration:  1
 Weight Norm: 56.5295
 Objective: 0
 test ACC(Viterbi): 0.566154   184/325
output5862/model.p0-1.5862
 test ACC(MAP1): 0.510769   166/325
 test ACC(MAP1-L8to3): 0.726154   236/325
 train ACC: nan   0/0
