I am  0
$JOB_ID 16120 5
$JOB_ID bcast 16120 5
regularizer 160 160
param: ./tmp.Yx01F5a54Z.Cooper_gene_num044/cnfsseight.Cooper_gene_num044.10635042.null ./tmp.Yx01F5a54Z.Cooper_gene_num044/cnfsseight.Cooper_gene_num044.10635042.input output16120
num_states: 272
num_label: 16
num_params: 34548
num_gates: 79
num_ps_gates: 21
num_pi_gates: 58
window_size: 15
dim_features: 1201
dim_one_pos: 79
num_params = 34548
open model success
Loading weights from /home/vpatel/projects/raptorx-ss3-ss8/data/model.p0-900.1561189
Training data0 loaded
0 1
Initialization Finished!
num_data = 0
num_tst = 1
[TRAIN]begin lbfgs

Iteration:  1
 Weight Norm: 56.5295
 Objective: 0
 test ACC(Viterbi): 0.614035   350/570
output16120/model.p0-1.16120
 test ACC(MAP1): 0.370175   211/570
 test ACC(MAP1-L8to3): 0.489474   279/570
 train ACC: nan   0/0
