I am  0
$JOB_ID 15775 5
$JOB_ID bcast 15775 5
regularizer 160 160
param: ./tmp.tKxrCgAuVd.ScottMcG_gene_num108/cnfsseight.ScottMcG_gene_num108.64584016.null ./tmp.tKxrCgAuVd.ScottMcG_gene_num108/cnfsseight.ScottMcG_gene_num108.64584016.input output15775
num_states: 272
num_label: 16
num_params: 34548
num_gates: 79
num_ps_gates: 21
num_pi_gates: 58
window_size: 15
dim_features: 1201
dim_one_pos: 79
num_params = 34548
open model success
Loading weights from /home/vpatel/projects/raptorx-ss3-ss8/data/model.p0-900.1561189
Training data0 loaded
0 1
Initialization Finished!
num_data = 0
num_tst = 1
[TRAIN]begin lbfgs

Iteration:  1
 Weight Norm: 56.5295
 Objective: 0
 test ACC(Viterbi): 0.0594059   12/202
output15775/model.p0-1.15775
 test ACC(MAP1): 0.00990099   2/202
 test ACC(MAP1-L8to3): 0.544554   110/202
 train ACC: nan   0/0
