I am  0
$JOB_ID 20019 5
$JOB_ID bcast 20019 5
regularizer 160 160
param: ./tmp.2BN3t0BjWz.Serpentine_gene_num067/cnfsseight.Serpentine_gene_num067.90982222.null ./tmp.2BN3t0BjWz.Serpentine_gene_num067/cnfsseight.Serpentine_gene_num067.90982222.input output20019
num_states: 272
num_label: 16
num_params: 34548
num_gates: 79
num_ps_gates: 21
num_pi_gates: 58
window_size: 15
dim_features: 1201
dim_one_pos: 79
num_params = 34548
open model success
Loading weights from /home/vpatel/projects/raptorx-ss3-ss8/data/model.p0-900.1561189
Training data0 loaded
0 1
Initialization Finished!
num_data = 0
num_tst = 1
[TRAIN]begin lbfgs

Iteration:  1
 Weight Norm: 56.5295
 Objective: 0
 test ACC(Viterbi): 0.537549   136/253
output20019/model.p0-1.20019
 test ACC(MAP1): 0.474308   120/253
 test ACC(MAP1-L8to3): 0.699605   177/253
 train ACC: nan   0/0
