I am  0
$JOB_ID 30680 5
$JOB_ID bcast 30680 5
regularizer 160 160
param: ./tmp.AzXOR0mMHz.SiSi_gene_num021/cnfsseight.SiSi_gene_num021.68550758.null ./tmp.AzXOR0mMHz.SiSi_gene_num021/cnfsseight.SiSi_gene_num021.68550758.input output30680
num_states: 272
num_label: 16
num_params: 34548
num_gates: 79
num_ps_gates: 21
num_pi_gates: 58
window_size: 15
dim_features: 1201
dim_one_pos: 79
num_params = 34548
open model success
Loading weights from /home/vpatel/projects/raptorx-ss3-ss8/data/model.p0-900.1561189
Training data0 loaded
0 1
Initialization Finished!
num_data = 0
num_tst = 1
[TRAIN]begin lbfgs

Iteration:  1
 Weight Norm: 56.5295
 Objective: 0
 test ACC(Viterbi): 0.212389   24/113
output30680/model.p0-1.30680
 test ACC(MAP1): 0.115044   13/113
 test ACC(MAP1-L8to3): 0.575221   65/113
 train ACC: nan   0/0
