I am  0
$JOB_ID 2773 4
$JOB_ID bcast 2773 4
regularizer 160 160
param: ./tmp.8vB5DP3vHh.Eagle_gene_num028/cnfsseight.Eagle_gene_num028.69483813.null ./tmp.8vB5DP3vHh.Eagle_gene_num028/cnfsseight.Eagle_gene_num028.69483813.input output2773
num_states: 272
num_label: 16
num_params: 34548
num_gates: 79
num_ps_gates: 21
num_pi_gates: 58
window_size: 15
dim_features: 1201
dim_one_pos: 79
num_params = 34548
open model success
Loading weights from /home/vpatel/projects/raptorx-ss3-ss8/data/model.p0-900.1561189
Training data0 loaded
0 1
Initialization Finished!
num_data = 0
num_tst = 1
[TRAIN]begin lbfgs

Iteration:  1
 Weight Norm: 56.5295
 Objective: 0
 test ACC(Viterbi): 0.905405   134/148
output2773/model.p0-1.2773
 test ACC(MAP1): 0.763514   113/148
 test ACC(MAP1-L8to3): 0.790541   117/148
 train ACC: nan   0/0
