I am  0
$JOB_ID 29222 5
$JOB_ID bcast 29222 5
regularizer 160 160
param: ./tmp.C8zDP7mnum.DaVinci_gene_num082/cnfsseight.DaVinci_gene_num082.14161097.null ./tmp.C8zDP7mnum.DaVinci_gene_num082/cnfsseight.DaVinci_gene_num082.14161097.input output29222
num_states: 272
num_label: 16
num_params: 34548
num_gates: 79
num_ps_gates: 21
num_pi_gates: 58
window_size: 15
dim_features: 1201
dim_one_pos: 79
num_params = 34548
open model success
Loading weights from /home/vpatel/projects/raptorx-ss3-ss8/data/model.p0-900.1561189
Training data0 loaded
0 1
Initialization Finished!
num_data = 0
num_tst = 1
[TRAIN]begin lbfgs

Iteration:  1
 Weight Norm: 56.5295
 Objective: 0
 test ACC(Viterbi): 0.6375   51/80
output29222/model.p0-1.29222
 test ACC(MAP1): 0.5375   43/80
 test ACC(MAP1-L8to3): 0.65   52/80
 train ACC: nan   0/0
