I am  0
$JOB_ID 30861 5
$JOB_ID bcast 30861 5
regularizer 160 160
param: ./tmp.T4s5I8mtGC.Pinto_gene_num045/cnfsseight.Pinto_gene_num045.87925699.null ./tmp.T4s5I8mtGC.Pinto_gene_num045/cnfsseight.Pinto_gene_num045.87925699.input output30861
num_states: 272
num_label: 16
num_params: 34548
num_gates: 79
num_ps_gates: 21
num_pi_gates: 58
window_size: 15
dim_features: 1201
dim_one_pos: 79
num_params = 34548
open model success
Loading weights from /home/vpatel/projects/raptorx-ss3-ss8/data/model.p0-900.1561189
Training data0 loaded
0 1
Initialization Finished!
num_data = 0
num_tst = 1
[TRAIN]begin lbfgs

Iteration:  1
 Weight Norm: 56.5295
 Objective: 0
 test ACC(Viterbi): 0.587849   358/609
output30861/model.p0-1.30861
 test ACC(MAP1): 0.54023   329/609
 test ACC(MAP1-L8to3): 0.678161   413/609
 train ACC: nan   0/0
