I am  0
$JOB_ID 20277 5
$JOB_ID bcast 20277 5
regularizer 160 160
param: ./tmp.ap9C6rvDoR.RidgeCB_gene_num021/cnfsseight.RidgeCB_gene_num021.16010969.null ./tmp.ap9C6rvDoR.RidgeCB_gene_num021/cnfsseight.RidgeCB_gene_num021.16010969.input output20277
num_states: 272
num_label: 16
num_params: 34548
num_gates: 79
num_ps_gates: 21
num_pi_gates: 58
window_size: 15
dim_features: 1201
dim_one_pos: 79
num_params = 34548
open model success
Loading weights from /home/vpatel/projects/raptorx-ss3-ss8/data/model.p0-900.1561189
Training data0 loaded
0 1
Initialization Finished!
num_data = 0
num_tst = 1
[TRAIN]begin lbfgs

Iteration:  1
 Weight Norm: 56.5295
 Objective: 0
 test ACC(Viterbi): 0.123675   35/283
output20277/model.p0-1.20277
 test ACC(MAP1): 0.0954064   27/283
 test ACC(MAP1-L8to3): 0.55477   157/283
 train ACC: nan   0/0
