I am  0
$JOB_ID 25187 5
$JOB_ID bcast 25187 5
regularizer 160 160
param: ./tmp.35dGYUD2bR.PhrostyMug_gene_num092/cnfsseight.PhrostyMug_gene_num092.83204021.null ./tmp.35dGYUD2bR.PhrostyMug_gene_num092/cnfsseight.PhrostyMug_gene_num092.83204021.input output25187
num_states: 272
num_label: 16
num_params: 34548
num_gates: 79
num_ps_gates: 21
num_pi_gates: 58
window_size: 15
dim_features: 1201
dim_one_pos: 79
num_params = 34548
open model success
Loading weights from /home/vpatel/projects/raptorx-ss3-ss8/data/model.p0-900.1561189
Training data0 loaded
0 1
Initialization Finished!
num_data = 0
num_tst = 1
[TRAIN]begin lbfgs

Iteration:  1
 Weight Norm: 56.5295
 Objective: 0
 test ACC(Viterbi): 0.754098   46/61
output25187/model.p0-1.25187
 test ACC(MAP1): 0.245902   15/61
 test ACC(MAP1-L8to3): 0.688525   42/61
 train ACC: nan   0/0
