I am  0
$JOB_ID 29625 5
$JOB_ID bcast 29625 5
regularizer 160 160
param: ./tmp.1DhGz0PtWU.Echild_gene_num061/cnfsseight.Echild_gene_num061.39256777.null ./tmp.1DhGz0PtWU.Echild_gene_num061/cnfsseight.Echild_gene_num061.39256777.input output29625
num_states: 272
num_label: 16
num_params: 34548
num_gates: 79
num_ps_gates: 21
num_pi_gates: 58
window_size: 15
dim_features: 1201
dim_one_pos: 79
num_params = 34548
open model success
Loading weights from /home/vpatel/projects/raptorx-ss3-ss8/data/model.p0-900.1561189
Training data0 loaded
0 1
Initialization Finished!
num_data = 0
num_tst = 1
[TRAIN]begin lbfgs

Iteration:  1
 Weight Norm: 56.5295
 Objective: 0
 test ACC(Viterbi): 0.372093   16/43
output29625/model.p0-1.29625
 test ACC(MAP1): 0.302326   13/43
 test ACC(MAP1-L8to3): 0.72093   31/43
 train ACC: nan   0/0
