I am  0
$JOB_ID 5982 4
$JOB_ID bcast 5982 4
regularizer 160 160
param: ./tmp.xLecR63Vd6.Ares_gene_num039/cnfsseight.Ares_gene_num039.27189186.null ./tmp.xLecR63Vd6.Ares_gene_num039/cnfsseight.Ares_gene_num039.27189186.input output5982
num_states: 272
num_label: 16
num_params: 34548
num_gates: 79
num_ps_gates: 21
num_pi_gates: 58
window_size: 15
dim_features: 1201
dim_one_pos: 79
num_params = 34548
open model success
Loading weights from /home/vpatel/projects/raptorx-ss3-ss8/data/model.p0-900.1561189
Training data0 loaded
0 1
Initialization Finished!
num_data = 0
num_tst = 1
[TRAIN]begin lbfgs

Iteration:  1
 Weight Norm: 56.5295
 Objective: 0
 test ACC(Viterbi): 0.254005   111/437
output5982/model.p0-1.5982
 test ACC(MAP1): 0.0617849   27/437
 test ACC(MAP1-L8to3): 0.544622   238/437
 train ACC: nan   0/0
