I am  0
$JOB_ID 7482 4
$JOB_ID bcast 7482 4
regularizer 160 160
param: ./tmp.LHm4oisIIm.Ariel_gene_num192/cnfsseight.Ariel_gene_num192.27041336.null ./tmp.LHm4oisIIm.Ariel_gene_num192/cnfsseight.Ariel_gene_num192.27041336.input output7482
num_states: 272
num_label: 16
num_params: 34548
num_gates: 79
num_ps_gates: 21
num_pi_gates: 58
window_size: 15
dim_features: 1201
dim_one_pos: 79
num_params = 34548
open model success
Loading weights from /home/vpatel/projects/raptorx-ss3-ss8/data/model.p0-900.1561189
Training data0 loaded
0 1
Initialization Finished!
num_data = 0
num_tst = 1
[TRAIN]begin lbfgs

Iteration:  1
 Weight Norm: 56.5295
 Objective: 0
 test ACC(Viterbi): 0.452941   77/170
output7482/model.p0-1.7482
 test ACC(MAP1): 0.394118   67/170
 test ACC(MAP1-L8to3): 0.541176   92/170
 train ACC: nan   0/0
