I am  0
$JOB_ID 25359 5
$JOB_ID bcast 25359 5
regularizer 160 160
param: ./tmp.JTy02Hba4M.AnnaL29_gene_num037/cnfsseight.AnnaL29_gene_num037.47698874.null ./tmp.JTy02Hba4M.AnnaL29_gene_num037/cnfsseight.AnnaL29_gene_num037.47698874.input output25359
num_states: 272
num_label: 16
num_params: 34548
num_gates: 79
num_ps_gates: 21
num_pi_gates: 58
window_size: 15
dim_features: 1201
dim_one_pos: 79
num_params = 34548
open model success
Loading weights from /home/vpatel/projects/raptorx-ss3-ss8/data/model.p0-900.1561189
Training data0 loaded
0 1
Initialization Finished!
num_data = 0
num_tst = 1
[TRAIN]begin lbfgs

Iteration:  1
 Weight Norm: 56.5295
 Objective: 0
 test ACC(Viterbi): 0.615385   56/91
output25359/model.p0-1.25359
 test ACC(MAP1): 0.582418   53/91
 test ACC(MAP1-L8to3): 0.648352   59/91
 train ACC: nan   0/0
