I am  0
$JOB_ID 27139 5
$JOB_ID bcast 27139 5
regularizer 160 160
param: ./tmp.hawy6ppxmA.Wheeler_gene_num022/cnfsseight.Wheeler_gene_num022.50920392.null ./tmp.hawy6ppxmA.Wheeler_gene_num022/cnfsseight.Wheeler_gene_num022.50920392.input output27139
num_states: 272
num_label: 16
num_params: 34548
num_gates: 79
num_ps_gates: 21
num_pi_gates: 58
window_size: 15
dim_features: 1201
dim_one_pos: 79
num_params = 34548
open model success
Loading weights from /home/vpatel/projects/raptorx-ss3-ss8/data/model.p0-900.1561189
Training data0 loaded
0 1
Initialization Finished!
num_data = 0
num_tst = 1
[TRAIN]begin lbfgs

Iteration:  1
 Weight Norm: 56.5295
 Objective: 0
 test ACC(Viterbi): 0.650376   173/266
output27139/model.p0-1.27139
 test ACC(MAP1): 0.590226   157/266
 test ACC(MAP1-L8to3): 0.650376   173/266
 train ACC: nan   0/0
