I am  0
$JOB_ID 6242 4
$JOB_ID bcast 6242 4
regularizer 160 160
param: ./tmp.F51yjJ1afC.LRRHood_gene_num176/cnfsseight.LRRHood_gene_num176.30281268.null ./tmp.F51yjJ1afC.LRRHood_gene_num176/cnfsseight.LRRHood_gene_num176.30281268.input output6242
num_states: 272
num_label: 16
num_params: 34548
num_gates: 79
num_ps_gates: 21
num_pi_gates: 58
window_size: 15
dim_features: 1201
dim_one_pos: 79
num_params = 34548
open model success
Loading weights from /home/vpatel/projects/raptorx-ss3-ss8/data/model.p0-900.1561189
Training data0 loaded
0 1
Initialization Finished!
num_data = 0
num_tst = 1
[TRAIN]begin lbfgs

Iteration:  1
 Weight Norm: 56.5295
 Objective: 0
 test ACC(Viterbi): 0.218543   33/151
output6242/model.p0-1.6242
 test ACC(MAP1): 0.218543   33/151
 test ACC(MAP1-L8to3): 0.622517   94/151
 train ACC: nan   0/0
