I am  0
$JOB_ID 12432 5
$JOB_ID bcast 12432 5
regularizer 160 160
param: ./tmp.jrBcN7K0w6.Conspiracy_gene_num035/cnfsseight.Conspiracy_gene_num035.5370723.null ./tmp.jrBcN7K0w6.Conspiracy_gene_num035/cnfsseight.Conspiracy_gene_num035.5370723.input output12432
num_states: 272
num_label: 16
num_params: 34548
num_gates: 79
num_ps_gates: 21
num_pi_gates: 58
window_size: 15
dim_features: 1201
dim_one_pos: 79
num_params = 34548
open model success
Loading weights from /home/vpatel/projects/raptorx-ss3-ss8/data/model.p0-900.1561189
Training data0 loaded
0 1
Initialization Finished!
num_data = 0
num_tst = 1
[TRAIN]begin lbfgs

Iteration:  1
 Weight Norm: 56.5295
 Objective: 0
 test ACC(Viterbi): 0.914894   86/94
output12432/model.p0-1.12432
 test ACC(MAP1): 0.414894   39/94
 test ACC(MAP1-L8to3): 0.797872   75/94
 train ACC: nan   0/0
