I am  0
$JOB_ID 3828 4
$JOB_ID bcast 3828 4
regularizer 160 160
param: ./tmp.eoaZEma39B.Pukovnik_gene_num028/cnfsseight.Pukovnik_gene_num028.31913534.null ./tmp.eoaZEma39B.Pukovnik_gene_num028/cnfsseight.Pukovnik_gene_num028.31913534.input output3828
num_states: 272
num_label: 16
num_params: 34548
num_gates: 79
num_ps_gates: 21
num_pi_gates: 58
window_size: 15
dim_features: 1201
dim_one_pos: 79
num_params = 34548
open model success
Loading weights from /home/vpatel/projects/raptorx-ss3-ss8/data/model.p0-900.1561189
Training data0 loaded
0 1
Initialization Finished!
num_data = 0
num_tst = 1
[TRAIN]begin lbfgs

Iteration:  1
 Weight Norm: 56.5295
 Objective: 0
 test ACC(Viterbi): 0.0650888   22/338
output3828/model.p0-1.3828
 test ACC(MAP1): 0.0710059   24/338
 test ACC(MAP1-L8to3): 0.47929   162/338
 train ACC: nan   0/0
