I am  0
$JOB_ID 4272 4
$JOB_ID bcast 4272 4
regularizer 160 160
param: ./tmp.J4TXSyCvcI.Ramsey_gene_num007/cnfsseight.Ramsey_gene_num007.79836880.null ./tmp.J4TXSyCvcI.Ramsey_gene_num007/cnfsseight.Ramsey_gene_num007.79836880.input output4272
num_states: 272
num_label: 16
num_params: 34548
num_gates: 79
num_ps_gates: 21
num_pi_gates: 58
window_size: 15
dim_features: 1201
dim_one_pos: 79
num_params = 34548
open model success
Loading weights from /home/vpatel/projects/raptorx-ss3-ss8/data/model.p0-900.1561189
Training data0 loaded
0 1
Initialization Finished!
num_data = 0
num_tst = 1
[TRAIN]begin lbfgs

Iteration:  1
 Weight Norm: 56.5295
 Objective: 0
 test ACC(Viterbi): 0.350993   106/302
output4272/model.p0-1.4272
 test ACC(MAP1): 0.248344   75/302
 test ACC(MAP1-L8to3): 0.562914   170/302
 train ACC: nan   0/0
