I am  0
$JOB_ID 9987 4
$JOB_ID bcast 9987 4
regularizer 160 160
param: ./tmp.loqIwbvM3r.Milly_gene_num023/cnfsseight.Milly_gene_num023.44541015.null ./tmp.loqIwbvM3r.Milly_gene_num023/cnfsseight.Milly_gene_num023.44541015.input output9987
num_states: 272
num_label: 16
num_params: 34548
num_gates: 79
num_ps_gates: 21
num_pi_gates: 58
window_size: 15
dim_features: 1201
dim_one_pos: 79
num_params = 34548
open model success
Loading weights from /home/vpatel/projects/raptorx-ss3-ss8/data/model.p0-900.1561189
Training data0 loaded
0 1
Initialization Finished!
num_data = 0
num_tst = 1
[TRAIN]begin lbfgs

Iteration:  1
 Weight Norm: 56.5295
 Objective: 0
 test ACC(Viterbi): 0.28113   219/779
output9987/model.p0-1.9987
 test ACC(MAP1): 0.213094   166/779
 test ACC(MAP1-L8to3): 0.62516   487/779
 train ACC: nan   0/0
