I am  0
$JOB_ID 14899 5
$JOB_ID bcast 14899 5
regularizer 160 160
param: ./tmp.OXUC6MmfOI.Fishburne_gene_num076/cnfsseight.Fishburne_gene_num076.99623729.null ./tmp.OXUC6MmfOI.Fishburne_gene_num076/cnfsseight.Fishburne_gene_num076.99623729.input output14899
num_states: 272
num_label: 16
num_params: 34548
num_gates: 79
num_ps_gates: 21
num_pi_gates: 58
window_size: 15
dim_features: 1201
dim_one_pos: 79
num_params = 34548
open model success
Loading weights from /home/vpatel/projects/raptorx-ss3-ss8/data/model.p0-900.1561189
Training data0 loaded
0 1
Initialization Finished!
num_data = 0
num_tst = 1
[TRAIN]begin lbfgs

Iteration:  1
 Weight Norm: 56.5295
 Objective: 0
 test ACC(Viterbi): 0.487805   40/82
output14899/model.p0-1.14899
 test ACC(MAP1): 0.426829   35/82
 test ACC(MAP1-L8to3): 0.597561   49/82
 train ACC: nan   0/0
