I am  0
$JOB_ID 20240 5
$JOB_ID bcast 20240 5
regularizer 160 160
param: ./tmp.6GWPh4FVuo.SirDuracell_gene_num123/cnfsseight.SirDuracell_gene_num123.58723957.null ./tmp.6GWPh4FVuo.SirDuracell_gene_num123/cnfsseight.SirDuracell_gene_num123.58723957.input output20240
num_states: 272
num_label: 16
num_params: 34548
num_gates: 79
num_ps_gates: 21
num_pi_gates: 58
window_size: 15
dim_features: 1201
dim_one_pos: 79
num_params = 34548
open model success
Loading weights from /home/vpatel/projects/raptorx-ss3-ss8/data/model.p0-900.1561189
Training data0 loaded
0 1
Initialization Finished!
num_data = 0
num_tst = 1
[TRAIN]begin lbfgs

Iteration:  1
 Weight Norm: 56.5295
 Objective: 0
 test ACC(Viterbi): 0.899083   98/109
output20240/model.p0-1.20240
 test ACC(MAP1): 0.330275   36/109
 test ACC(MAP1-L8to3): 0.633028   69/109
 train ACC: nan   0/0
