I am  0
$JOB_ID 26279 5
$JOB_ID bcast 26279 5
regularizer 160 160
param: ./tmp.A2Gw72wCYC.Twister_gene_num075/cnfsseight.Twister_gene_num075.30354716.null ./tmp.A2Gw72wCYC.Twister_gene_num075/cnfsseight.Twister_gene_num075.30354716.input output26279
num_states: 272
num_label: 16
num_params: 34548
num_gates: 79
num_ps_gates: 21
num_pi_gates: 58
window_size: 15
dim_features: 1201
dim_one_pos: 79
num_params = 34548
open model success
Loading weights from /home/vpatel/projects/raptorx-ss3-ss8/data/model.p0-900.1561189
Training data0 loaded
0 1
Initialization Finished!
num_data = 0
num_tst = 1
[TRAIN]begin lbfgs

Iteration:  1
 Weight Norm: 56.5295
 Objective: 0
 test ACC(Viterbi): 0.317073   39/123
output26279/model.p0-1.26279
 test ACC(MAP1): 0.0406504   5/123
 test ACC(MAP1-L8to3): 0.430894   53/123
 train ACC: nan   0/0
