I am  0
$JOB_ID 1250 4
$JOB_ID bcast 1250 4
regularizer 160 160
param: ./tmp.vyndaMsfTM.Dylan_gene_num109/cnfsseight.Dylan_gene_num109.39217112.null ./tmp.vyndaMsfTM.Dylan_gene_num109/cnfsseight.Dylan_gene_num109.39217112.input output1250
num_states: 272
num_label: 16
num_params: 34548
num_gates: 79
num_ps_gates: 21
num_pi_gates: 58
window_size: 15
dim_features: 1201
dim_one_pos: 79
num_params = 34548
open model success
Loading weights from /home/vpatel/projects/raptorx-ss3-ss8/data/model.p0-900.1561189
Training data0 loaded
0 1
Initialization Finished!
num_data = 0
num_tst = 1
[TRAIN]begin lbfgs

Iteration:  1
 Weight Norm: 56.5295
 Objective: 0
 test ACC(Viterbi): 0.567568   21/37
output1250/model.p0-1.1250
 test ACC(MAP1): 0.108108   4/37
 test ACC(MAP1-L8to3): 0.324324   12/37
 train ACC: nan   0/0
