I am  0
$JOB_ID 18929 5
$JOB_ID bcast 18929 5
regularizer 160 160
param: ./tmp.kQGjJxYYZi.Suffolk_gene_num004/cnfsseight.Suffolk_gene_num004.10259159.null ./tmp.kQGjJxYYZi.Suffolk_gene_num004/cnfsseight.Suffolk_gene_num004.10259159.input output18929
num_states: 272
num_label: 16
num_params: 34548
num_gates: 79
num_ps_gates: 21
num_pi_gates: 58
window_size: 15
dim_features: 1201
dim_one_pos: 79
num_params = 34548
open model success
Loading weights from /home/vpatel/projects/raptorx-ss3-ss8/data/model.p0-900.1561189
Training data0 loaded
0 1
Initialization Finished!
num_data = 0
num_tst = 1
[TRAIN]begin lbfgs

Iteration:  1
 Weight Norm: 56.5295
 Objective: 0
 test ACC(Viterbi): 0.85124   103/121
output18929/model.p0-1.18929
 test ACC(MAP1): 0.677686   82/121
 test ACC(MAP1-L8to3): 0.68595   83/121
 train ACC: nan   0/0
