I am  0
$JOB_ID 5461 4
$JOB_ID bcast 5461 4
regularizer 160 160
param: ./tmp.3nTa4oGWDU.Catera_gene_num048/cnfsseight.Catera_gene_num048.10113033.null ./tmp.3nTa4oGWDU.Catera_gene_num048/cnfsseight.Catera_gene_num048.10113033.input output5461
num_states: 272
num_label: 16
num_params: 34548
num_gates: 79
num_ps_gates: 21
num_pi_gates: 58
window_size: 15
dim_features: 1201
dim_one_pos: 79
num_params = 34548
open model success
Loading weights from /home/vpatel/projects/raptorx-ss3-ss8/data/model.p0-900.1561189
Training data0 loaded
0 1
Initialization Finished!
num_data = 0
num_tst = 1
[TRAIN]begin lbfgs

Iteration:  1
 Weight Norm: 56.5295
 Objective: 0
 test ACC(Viterbi): 0.189873   15/79
output5461/model.p0-1.5461
 test ACC(MAP1): 0.189873   15/79
 test ACC(MAP1-L8to3): 0.670886   53/79
 train ACC: nan   0/0
