I am  0
$JOB_ID 3147 4
$JOB_ID bcast 3147 4
regularizer 160 160
param: ./tmp.pWxOPNmZ6f.Kamiyu_gene_num052/cnfsseight.Kamiyu_gene_num052.4168303.null ./tmp.pWxOPNmZ6f.Kamiyu_gene_num052/cnfsseight.Kamiyu_gene_num052.4168303.input output3147
num_states: 272
num_label: 16
num_params: 34548
num_gates: 79
num_ps_gates: 21
num_pi_gates: 58
window_size: 15
dim_features: 1201
dim_one_pos: 79
num_params = 34548
open model success
Loading weights from /home/vpatel/projects/raptorx-ss3-ss8/data/model.p0-900.1561189
Training data0 loaded
0 1
Initialization Finished!
num_data = 0
num_tst = 1
[TRAIN]begin lbfgs

Iteration:  1
 Weight Norm: 56.5295
 Objective: 0
 test ACC(Viterbi): 0.48581   291/599
output3147/model.p0-1.3147
 test ACC(MAP1): 0.42404   254/599
 test ACC(MAP1-L8to3): 0.634391   380/599
 train ACC: nan   0/0
