I am  0
$JOB_ID 27361 5
$JOB_ID bcast 27361 5
regularizer 160 160
param: ./tmp.BkstmZ6G03.Zaka_gene_num044/cnfsseight.Zaka_gene_num044.22835141.null ./tmp.BkstmZ6G03.Zaka_gene_num044/cnfsseight.Zaka_gene_num044.22835141.input output27361
num_states: 272
num_label: 16
num_params: 34548
num_gates: 79
num_ps_gates: 21
num_pi_gates: 58
window_size: 15
dim_features: 1201
dim_one_pos: 79
num_params = 34548
open model success
Loading weights from /home/vpatel/projects/raptorx-ss3-ss8/data/model.p0-900.1561189
Training data0 loaded
0 1
Initialization Finished!
num_data = 0
num_tst = 1
[TRAIN]begin lbfgs

Iteration:  1
 Weight Norm: 56.5295
 Objective: 0
 test ACC(Viterbi): 0.303571   34/112
output27361/model.p0-1.27361
 test ACC(MAP1): 0.3125   35/112
 test ACC(MAP1-L8to3): 0.598214   67/112
 train ACC: nan   0/0
