I am  0
$JOB_ID 16288 5
$JOB_ID bcast 16288 5
regularizer 160 160
param: ./tmp.xdOD5FEuRH.LHTSCC_gene_num065/cnfsseight.LHTSCC_gene_num065.27131080.null ./tmp.xdOD5FEuRH.LHTSCC_gene_num065/cnfsseight.LHTSCC_gene_num065.27131080.input output16288
num_states: 272
num_label: 16
num_params: 34548
num_gates: 79
num_ps_gates: 21
num_pi_gates: 58
window_size: 15
dim_features: 1201
dim_one_pos: 79
num_params = 34548
open model success
Loading weights from /home/vpatel/projects/raptorx-ss3-ss8/data/model.p0-900.1561189
Training data0 loaded
0 1
Initialization Finished!
num_data = 0
num_tst = 1
[TRAIN]begin lbfgs

Iteration:  1
 Weight Norm: 56.5295
 Objective: 0
 test ACC(Viterbi): 0.392265   71/181
output16288/model.p0-1.16288
 test ACC(MAP1): 0.331492   60/181
 test ACC(MAP1-L8to3): 0.60221   109/181
 train ACC: nan   0/0
