I am  0
$JOB_ID 10944 5
$JOB_ID bcast 10944 5
regularizer 160 160
param: ./tmp.k76EmexJ0g.PG1_gene_num083/cnfsseight.PG1_gene_num083.75201979.null ./tmp.k76EmexJ0g.PG1_gene_num083/cnfsseight.PG1_gene_num083.75201979.input output10944
num_states: 272
num_label: 16
num_params: 34548
num_gates: 79
num_ps_gates: 21
num_pi_gates: 58
window_size: 15
dim_features: 1201
dim_one_pos: 79
num_params = 34548
open model success
Loading weights from /home/vpatel/projects/raptorx-ss3-ss8/data/model.p0-900.1561189
Training data0 loaded
0 1
Initialization Finished!
num_data = 0
num_tst = 1
[TRAIN]begin lbfgs

Iteration:  1
 Weight Norm: 56.5295
 Objective: 0
 test ACC(Viterbi): 0.535433   68/127
output10944/model.p0-1.10944
 test ACC(MAP1): 0.362205   46/127
 test ACC(MAP1-L8to3): 0.559055   71/127
 train ACC: nan   0/0
