I am  0
$JOB_ID 8729 4
$JOB_ID bcast 8729 4
regularizer 160 160
param: ./tmp.X9Omyf1UJN.Breezona_gene_num126/cnfsseight.Breezona_gene_num126.80273097.null ./tmp.X9Omyf1UJN.Breezona_gene_num126/cnfsseight.Breezona_gene_num126.80273097.input output8729
num_states: 272
num_label: 16
num_params: 34548
num_gates: 79
num_ps_gates: 21
num_pi_gates: 58
window_size: 15
dim_features: 1201
dim_one_pos: 79
num_params = 34548
open model success
Loading weights from /home/vpatel/projects/raptorx-ss3-ss8/data/model.p0-900.1561189
Training data0 loaded
0 1
Initialization Finished!
num_data = 0
num_tst = 1
[TRAIN]begin lbfgs

Iteration:  1
 Weight Norm: 56.5295
 Objective: 0
 test ACC(Viterbi): 0.632509   179/283
output8729/model.p0-1.8729
 test ACC(MAP1): 0.39576   112/283
 test ACC(MAP1-L8to3): 0.565371   160/283
 train ACC: nan   0/0
