I am  0
$JOB_ID 26458 5
$JOB_ID bcast 26458 5
regularizer 160 160
param: ./tmp.Ltac9zjDQU.Myrna_gene_num049/cnfsseight.Myrna_gene_num049.27714784.null ./tmp.Ltac9zjDQU.Myrna_gene_num049/cnfsseight.Myrna_gene_num049.27714784.input output26458
num_states: 272
num_label: 16
num_params: 34548
num_gates: 79
num_ps_gates: 21
num_pi_gates: 58
window_size: 15
dim_features: 1201
dim_one_pos: 79
num_params = 34548
open model success
Loading weights from /home/vpatel/projects/raptorx-ss3-ss8/data/model.p0-900.1561189
Training data0 loaded
0 1
Initialization Finished!
num_data = 0
num_tst = 1
[TRAIN]begin lbfgs

Iteration:  1
 Weight Norm: 56.5295
 Objective: 0
 test ACC(Viterbi): 0.661972   47/71
output26458/model.p0-1.26458
 test ACC(MAP1): 0.478873   34/71
 test ACC(MAP1-L8to3): 0.56338   40/71
 train ACC: nan   0/0
