I am  0
$JOB_ID 928 3
$JOB_ID bcast 928 3
regularizer 160 160
param: ./tmp.gwgRpernk6.Minerva_gene_num125/cnfsseight.Minerva_gene_num125.93875852.null ./tmp.gwgRpernk6.Minerva_gene_num125/cnfsseight.Minerva_gene_num125.93875852.input output928
num_states: 272
num_label: 16
num_params: 34548
num_gates: 79
num_ps_gates: 21
num_pi_gates: 58
window_size: 15
dim_features: 1201
dim_one_pos: 79
num_params = 34548
open model success
Loading weights from /home/vpatel/projects/raptorx-ss3-ss8/data/model.p0-900.1561189
Training data0 loaded
0 1
Initialization Finished!
num_data = 0
num_tst = 1
[TRAIN]begin lbfgs

Iteration:  1
 Weight Norm: 56.5295
 Objective: 0
 test ACC(Viterbi): 0.692308   72/104
output928/model.p0-1.928
 test ACC(MAP1): 0.394231   41/104
 test ACC(MAP1-L8to3): 0.653846   68/104
 train ACC: nan   0/0
