I am  0
$JOB_ID 8922 4
$JOB_ID bcast 8922 4
regularizer 160 160
param: ./tmp.EIS5Omf8C4.Wanda_gene_num147/cnfsseight.Wanda_gene_num147.84060639.null ./tmp.EIS5Omf8C4.Wanda_gene_num147/cnfsseight.Wanda_gene_num147.84060639.input output8922
num_states: 272
num_label: 16
num_params: 34548
num_gates: 79
num_ps_gates: 21
num_pi_gates: 58
window_size: 15
dim_features: 1201
dim_one_pos: 79
num_params = 34548
open model success
Loading weights from /home/vpatel/projects/raptorx-ss3-ss8/data/model.p0-900.1561189
Training data0 loaded
0 1
Initialization Finished!
num_data = 0
num_tst = 1
[TRAIN]begin lbfgs

Iteration:  1
 Weight Norm: 56.5295
 Objective: 0
 test ACC(Viterbi): 0.607565   257/423
output8922/model.p0-1.8922
 test ACC(MAP1): 0.295508   125/423
 test ACC(MAP1-L8to3): 0.524823   222/423
 train ACC: nan   0/0
