I am  0
$JOB_ID 1532 4
$JOB_ID bcast 1532 4
regularizer 160 160
param: ./tmp.uzf1XXjpXe.VohminGhazi_gene_num046/cnfsseight.VohminGhazi_gene_num046.38547464.null ./tmp.uzf1XXjpXe.VohminGhazi_gene_num046/cnfsseight.VohminGhazi_gene_num046.38547464.input output1532
num_states: 272
num_label: 16
num_params: 34548
num_gates: 79
num_ps_gates: 21
num_pi_gates: 58
window_size: 15
dim_features: 1201
dim_one_pos: 79
num_params = 34548
open model success
Loading weights from /home/vpatel/projects/raptorx-ss3-ss8/data/model.p0-900.1561189
Training data0 loaded
0 1
Initialization Finished!
num_data = 0
num_tst = 1
[TRAIN]begin lbfgs

Iteration:  1
 Weight Norm: 56.5295
 Objective: 0
 test ACC(Viterbi): 0.626761   89/142
output1532/model.p0-1.1532
 test ACC(MAP1): 0.584507   83/142
 test ACC(MAP1-L8to3): 0.669014   95/142
 train ACC: nan   0/0
