I am  0
$JOB_ID 5120 4
$JOB_ID bcast 5120 4
regularizer 160 160
param: ./tmp.msyYKwOB9V.Bruns_gene_num069/cnfsseight.Bruns_gene_num069.40600645.null ./tmp.msyYKwOB9V.Bruns_gene_num069/cnfsseight.Bruns_gene_num069.40600645.input output5120
num_states: 272
num_label: 16
num_params: 34548
num_gates: 79
num_ps_gates: 21
num_pi_gates: 58
window_size: 15
dim_features: 1201
dim_one_pos: 79
num_params = 34548
open model success
Loading weights from /home/vpatel/projects/raptorx-ss3-ss8/data/model.p0-900.1561189
Training data0 loaded
0 1
Initialization Finished!
num_data = 0
num_tst = 1
[TRAIN]begin lbfgs

Iteration:  1
 Weight Norm: 56.5295
 Objective: 0
 test ACC(Viterbi): 0.320755   34/106
output5120/model.p0-1.5120
 test ACC(MAP1): 0.264151   28/106
 test ACC(MAP1-L8to3): 0.54717   58/106
 train ACC: nan   0/0
