I am  0
$JOB_ID 19555 5
$JOB_ID bcast 19555 5
regularizer 160 160
param: ./tmp.cDhLWVZMAC.Kratio_gene_num093/cnfsseight.Kratio_gene_num093.51157263.null ./tmp.cDhLWVZMAC.Kratio_gene_num093/cnfsseight.Kratio_gene_num093.51157263.input output19555
num_states: 272
num_label: 16
num_params: 34548
num_gates: 79
num_ps_gates: 21
num_pi_gates: 58
window_size: 15
dim_features: 1201
dim_one_pos: 79
num_params = 34548
open model success
Loading weights from /home/vpatel/projects/raptorx-ss3-ss8/data/model.p0-900.1561189
Training data0 loaded
0 1
Initialization Finished!
num_data = 0
num_tst = 1
[TRAIN]begin lbfgs

Iteration:  1
 Weight Norm: 56.5295
 Objective: 0
 test ACC(Viterbi): 0.366972   40/109
output19555/model.p0-1.19555
 test ACC(MAP1): 0.211009   23/109
 test ACC(MAP1-L8to3): 0.522936   57/109
 train ACC: nan   0/0
