I am  0
$JOB_ID 28279 5
$JOB_ID bcast 28279 5
regularizer 160 160
param: ./tmp.w8nWwiWey6.Hawkeye_gene_num038/cnfsseight.Hawkeye_gene_num038.7680720.null ./tmp.w8nWwiWey6.Hawkeye_gene_num038/cnfsseight.Hawkeye_gene_num038.7680720.input output28279
num_states: 272
num_label: 16
num_params: 34548
num_gates: 79
num_ps_gates: 21
num_pi_gates: 58
window_size: 15
dim_features: 1201
dim_one_pos: 79
num_params = 34548
open model success
Loading weights from /home/vpatel/projects/raptorx-ss3-ss8/data/model.p0-900.1561189
Training data0 loaded
0 1
Initialization Finished!
num_data = 0
num_tst = 1
[TRAIN]begin lbfgs

Iteration:  1
 Weight Norm: 56.5295
 Objective: 0
 test ACC(Viterbi): 0.433846   141/325
output28279/model.p0-1.28279
 test ACC(MAP1): 0.338462   110/325
 test ACC(MAP1-L8to3): 0.507692   165/325
 train ACC: nan   0/0
