I am  0
$JOB_ID 5074 4
$JOB_ID bcast 5074 4
regularizer 160 160
param: ./tmp.AA9n93kmVR.Predator_gene_num001/cnfsseight.Predator_gene_num001.47974856.null ./tmp.AA9n93kmVR.Predator_gene_num001/cnfsseight.Predator_gene_num001.47974856.input output5074
num_states: 272
num_label: 16
num_params: 34548
num_gates: 79
num_ps_gates: 21
num_pi_gates: 58
window_size: 15
dim_features: 1201
dim_one_pos: 79
num_params = 34548
open model success
Loading weights from /home/vpatel/projects/raptorx-ss3-ss8/data/model.p0-900.1561189
Training data0 loaded
0 1
Initialization Finished!
num_data = 0
num_tst = 1
[TRAIN]begin lbfgs

Iteration:  1
 Weight Norm: 56.5295
 Objective: 0
 test ACC(Viterbi): 0.373913   43/115
output5074/model.p0-1.5074
 test ACC(MAP1): 0.234783   27/115
 test ACC(MAP1-L8to3): 0.347826   40/115
 train ACC: nan   0/0
