I am  0
$JOB_ID 19187 5
$JOB_ID bcast 19187 5
regularizer 160 160
param: ./tmp.uxoegkXzgD.Gizmo_gene_num102/cnfsseight.Gizmo_gene_num102.16897012.null ./tmp.uxoegkXzgD.Gizmo_gene_num102/cnfsseight.Gizmo_gene_num102.16897012.input output19187
num_states: 272
num_label: 16
num_params: 34548
num_gates: 79
num_ps_gates: 21
num_pi_gates: 58
window_size: 15
dim_features: 1201
dim_one_pos: 79
num_params = 34548
open model success
Loading weights from /home/vpatel/projects/raptorx-ss3-ss8/data/model.p0-900.1561189
Training data0 loaded
0 1
Initialization Finished!
num_data = 0
num_tst = 1
[TRAIN]begin lbfgs

Iteration:  1
 Weight Norm: 56.5295
 Objective: 0
 test ACC(Viterbi): 0.613208   130/212
output19187/model.p0-1.19187
 test ACC(MAP1): 0.509434   108/212
 test ACC(MAP1-L8to3): 0.669811   142/212
 train ACC: nan   0/0
