I am  0
$JOB_ID 6514 4
$JOB_ID bcast 6514 4
regularizer 160 160
param: ./tmp.BDqCMMvkNB.MosMoris_gene_num003/cnfsseight.MosMoris_gene_num003.57694679.null ./tmp.BDqCMMvkNB.MosMoris_gene_num003/cnfsseight.MosMoris_gene_num003.57694679.input output6514
num_states: 272
num_label: 16
num_params: 34548
num_gates: 79
num_ps_gates: 21
num_pi_gates: 58
window_size: 15
dim_features: 1201
dim_one_pos: 79
num_params = 34548
open model success
Loading weights from /home/vpatel/projects/raptorx-ss3-ss8/data/model.p0-900.1561189
Training data0 loaded
0 1
Initialization Finished!
num_data = 0
num_tst = 1
[TRAIN]begin lbfgs

Iteration:  1
 Weight Norm: 56.5295
 Objective: 0
 test ACC(Viterbi): 0.359649   41/114
output6514/model.p0-1.6514
 test ACC(MAP1): 0.307018   35/114
 test ACC(MAP1-L8to3): 0.552632   63/114
 train ACC: nan   0/0
