I am  0
$JOB_ID 12208 5
$JOB_ID bcast 12208 5
regularizer 160 160
param: ./tmp.QjfUkAoKak.Mosby_gene_num088/cnfsseight.Mosby_gene_num088.55542567.null ./tmp.QjfUkAoKak.Mosby_gene_num088/cnfsseight.Mosby_gene_num088.55542567.input output12208
num_states: 272
num_label: 16
num_params: 34548
num_gates: 79
num_ps_gates: 21
num_pi_gates: 58
window_size: 15
dim_features: 1201
dim_one_pos: 79
num_params = 34548
open model success
Loading weights from /home/vpatel/projects/raptorx-ss3-ss8/data/model.p0-900.1561189
Training data0 loaded
0 1
Initialization Finished!
num_data = 0
num_tst = 1
[TRAIN]begin lbfgs

Iteration:  1
 Weight Norm: 56.5295
 Objective: 0
 test ACC(Viterbi): 0.7603   203/267
output12208/model.p0-1.12208
 test ACC(MAP1): 0.561798   150/267
 test ACC(MAP1-L8to3): 0.58427   156/267
 train ACC: nan   0/0
