I am  0
$JOB_ID 31833 5
$JOB_ID bcast 31833 5
regularizer 160 160
param: ./tmp.V2HYwkLHwU.BAKA_gene_num070/cnfsseight.BAKA_gene_num070.33478140.null ./tmp.V2HYwkLHwU.BAKA_gene_num070/cnfsseight.BAKA_gene_num070.33478140.input output31833
num_states: 272
num_label: 16
num_params: 34548
num_gates: 79
num_ps_gates: 21
num_pi_gates: 58
window_size: 15
dim_features: 1201
dim_one_pos: 79
num_params = 34548
open model success
Loading weights from /home/vpatel/projects/raptorx-ss3-ss8/data/model.p0-900.1561189
Training data0 loaded
0 1
Initialization Finished!
num_data = 0
num_tst = 1
[TRAIN]begin lbfgs

Iteration:  1
 Weight Norm: 56.5295
 Objective: 0
 test ACC(Viterbi): 0.490196   75/153
output31833/model.p0-1.31833
 test ACC(MAP1): 0.359477   55/153
 test ACC(MAP1-L8to3): 0.535948   82/153
 train ACC: nan   0/0
