I am  0
$JOB_ID 779 3
$JOB_ID bcast 779 3
regularizer 160 160
param: ./tmp.uQJ3IfcuuO.Lilac_gene_num026/cnfsseight.Lilac_gene_num026.56673576.null ./tmp.uQJ3IfcuuO.Lilac_gene_num026/cnfsseight.Lilac_gene_num026.56673576.input output779
num_states: 272
num_label: 16
num_params: 34548
num_gates: 79
num_ps_gates: 21
num_pi_gates: 58
window_size: 15
dim_features: 1201
dim_one_pos: 79
num_params = 34548
open model success
Loading weights from /home/vpatel/projects/raptorx-ss3-ss8/data/model.p0-900.1561189
Training data0 loaded
0 1
Initialization Finished!
num_data = 0
num_tst = 1
[TRAIN]begin lbfgs

Iteration:  1
 Weight Norm: 56.5295
 Objective: 0
 test ACC(Viterbi): 0.418605   234/559
output779/model.p0-1.779
 test ACC(MAP1): 0.325581   182/559
 test ACC(MAP1-L8to3): 0.644007   360/559
 train ACC: nan   0/0
