I am  0
$JOB_ID 4501 4
$JOB_ID bcast 4501 4
regularizer 160 160
param: ./tmp.9os5a3Go0M.Fruitloop_gene_num074/cnfsseight.Fruitloop_gene_num074.64255692.null ./tmp.9os5a3Go0M.Fruitloop_gene_num074/cnfsseight.Fruitloop_gene_num074.64255692.input output4501
num_states: 272
num_label: 16
num_params: 34548
num_gates: 79
num_ps_gates: 21
num_pi_gates: 58
window_size: 15
dim_features: 1201
dim_one_pos: 79
num_params = 34548
open model success
Loading weights from /home/vpatel/projects/raptorx-ss3-ss8/data/model.p0-900.1561189
Training data0 loaded
0 1
Initialization Finished!
num_data = 0
num_tst = 1
[TRAIN]begin lbfgs

Iteration:  1
 Weight Norm: 56.5295
 Objective: 0
 test ACC(Viterbi): 0.504065   62/123
output4501/model.p0-1.4501
 test ACC(MAP1): 0.447154   55/123
 test ACC(MAP1-L8to3): 0.634146   78/123
 train ACC: nan   0/0
