I am  0
$JOB_ID 1677 4
$JOB_ID bcast 1677 4
regularizer 160 160
param: ./tmp.O7PxVwZwyv.Redno2_gene_num079/cnfsseight.Redno2_gene_num079.43737569.null ./tmp.O7PxVwZwyv.Redno2_gene_num079/cnfsseight.Redno2_gene_num079.43737569.input output1677
num_states: 272
num_label: 16
num_params: 34548
num_gates: 79
num_ps_gates: 21
num_pi_gates: 58
window_size: 15
dim_features: 1201
dim_one_pos: 79
num_params = 34548
open model success
Loading weights from /home/vpatel/projects/raptorx-ss3-ss8/data/model.p0-900.1561189
Training data0 loaded
0 1
Initialization Finished!
num_data = 0
num_tst = 1
[TRAIN]begin lbfgs

Iteration:  1
 Weight Norm: 56.5295
 Objective: 0
 test ACC(Viterbi): 0.723077   94/130
output1677/model.p0-1.1677
 test ACC(MAP1): 0.523077   68/130
 test ACC(MAP1-L8to3): 0.684615   89/130
 train ACC: nan   0/0
