I am  0
$JOB_ID 25758 5
$JOB_ID bcast 25758 5
regularizer 160 160
param: ./tmp.b3yXp7vj0j.Troll4_gene_num073/cnfsseight.Troll4_gene_num073.59568015.null ./tmp.b3yXp7vj0j.Troll4_gene_num073/cnfsseight.Troll4_gene_num073.59568015.input output25758
num_states: 272
num_label: 16
num_params: 34548
num_gates: 79
num_ps_gates: 21
num_pi_gates: 58
window_size: 15
dim_features: 1201
dim_one_pos: 79
num_params = 34548
open model success
Loading weights from /home/vpatel/projects/raptorx-ss3-ss8/data/model.p0-900.1561189
Training data0 loaded
0 1
Initialization Finished!
num_data = 0
num_tst = 1
[TRAIN]begin lbfgs

Iteration:  1
 Weight Norm: 56.5295
 Objective: 0
 test ACC(Viterbi): 0.241758   22/91
output25758/model.p0-1.25758
 test ACC(MAP1): 0.10989   10/91
 test ACC(MAP1-L8to3): 0.340659   31/91
 train ACC: nan   0/0
