I am  0
$JOB_ID 6900 4
$JOB_ID bcast 6900 4
regularizer 160 160
param: ./tmp.XTxbf11DGZ.Saintus_gene_num029/cnfsseight.Saintus_gene_num029.70725097.null ./tmp.XTxbf11DGZ.Saintus_gene_num029/cnfsseight.Saintus_gene_num029.70725097.input output6900
num_states: 272
num_label: 16
num_params: 34548
num_gates: 79
num_ps_gates: 21
num_pi_gates: 58
window_size: 15
dim_features: 1201
dim_one_pos: 79
num_params = 34548
open model success
Loading weights from /home/vpatel/projects/raptorx-ss3-ss8/data/model.p0-900.1561189
Training data0 loaded
0 1
Initialization Finished!
num_data = 0
num_tst = 1
[TRAIN]begin lbfgs

Iteration:  1
 Weight Norm: 56.5295
 Objective: 0
 test ACC(Viterbi): 0.508333   61/120
output6900/model.p0-1.6900
 test ACC(MAP1): 0.491667   59/120
 test ACC(MAP1-L8to3): 0.691667   83/120
 train ACC: nan   0/0
