I am  0
$JOB_ID 32660 5
$JOB_ID bcast 32660 5
regularizer 160 160
param: ./tmp.F0nsvqQAoq.LeBron_gene_num016/cnfsseight.LeBron_gene_num016.10393035.null ./tmp.F0nsvqQAoq.LeBron_gene_num016/cnfsseight.LeBron_gene_num016.10393035.input output32660
num_states: 272
num_label: 16
num_params: 34548
num_gates: 79
num_ps_gates: 21
num_pi_gates: 58
window_size: 15
dim_features: 1201
dim_one_pos: 79
num_params = 34548
open model success
Loading weights from /home/vpatel/projects/raptorx-ss3-ss8/data/model.p0-900.1561189
Training data0 loaded
0 1
Initialization Finished!
num_data = 0
num_tst = 1
[TRAIN]begin lbfgs

Iteration:  1
 Weight Norm: 56.5295
 Objective: 0
 test ACC(Viterbi): 0.601572   995/1654
output32660/model.p0-1.32660
 test ACC(MAP1): 0.198307   328/1654
 test ACC(MAP1-L8to3): 0.224909   372/1654
 train ACC: nan   0/0
