I am  0
$JOB_ID 14739 5
$JOB_ID bcast 14739 5
regularizer 160 160
param: ./tmp.MOg1939kvM.Stinger_gene_num065/cnfsseight.Stinger_gene_num065.47082132.null ./tmp.MOg1939kvM.Stinger_gene_num065/cnfsseight.Stinger_gene_num065.47082132.input output14739
num_states: 272
num_label: 16
num_params: 34548
num_gates: 79
num_ps_gates: 21
num_pi_gates: 58
window_size: 15
dim_features: 1201
dim_one_pos: 79
num_params = 34548
open model success
Loading weights from /home/vpatel/projects/raptorx-ss3-ss8/data/model.p0-900.1561189
Training data0 loaded
0 1
Initialization Finished!
num_data = 0
num_tst = 1
[TRAIN]begin lbfgs

Iteration:  1
 Weight Norm: 56.5295
 Objective: 0
 test ACC(Viterbi): 0.387097   24/62
output14739/model.p0-1.14739
 test ACC(MAP1): 0.322581   20/62
 test ACC(MAP1-L8to3): 0.596774   37/62
 train ACC: nan   0/0
