I am  0
$JOB_ID 13776 5
$JOB_ID bcast 13776 5
regularizer 160 160
param: ./tmp.6AtxhWjH5l.Cuco_gene_num021/cnfsseight.Cuco_gene_num021.39398836.null ./tmp.6AtxhWjH5l.Cuco_gene_num021/cnfsseight.Cuco_gene_num021.39398836.input output13776
num_states: 272
num_label: 16
num_params: 34548
num_gates: 79
num_ps_gates: 21
num_pi_gates: 58
window_size: 15
dim_features: 1201
dim_one_pos: 79
num_params = 34548
open model success
Loading weights from /home/vpatel/projects/raptorx-ss3-ss8/data/model.p0-900.1561189
Training data0 loaded
0 1
Initialization Finished!
num_data = 0
num_tst = 1
[TRAIN]begin lbfgs

Iteration:  1
 Weight Norm: 56.5295
 Objective: 0
 test ACC(Viterbi): 0.972122   1081/1112
output13776/model.p0-1.13776
 test ACC(MAP1): 0.958633   1066/1112
 test ACC(MAP1-L8to3): 0.968525   1077/1112
 train ACC: nan   0/0
