I am  0
$JOB_ID 2134 4
$JOB_ID bcast 2134 4
regularizer 160 160
param: ./tmp.5XjUaayPgB.Redno2_gene_num167/cnfsseight.Redno2_gene_num167.76607013.null ./tmp.5XjUaayPgB.Redno2_gene_num167/cnfsseight.Redno2_gene_num167.76607013.input output2134
num_states: 272
num_label: 16
num_params: 34548
num_gates: 79
num_ps_gates: 21
num_pi_gates: 58
window_size: 15
dim_features: 1201
dim_one_pos: 79
num_params = 34548
open model success
Loading weights from /home/vpatel/projects/raptorx-ss3-ss8/data/model.p0-900.1561189
Training data0 loaded
0 1
Initialization Finished!
num_data = 0
num_tst = 1
[TRAIN]begin lbfgs

Iteration:  1
 Weight Norm: 56.5295
 Objective: 0
 test ACC(Viterbi): 0.410714   23/56
output2134/model.p0-1.2134
 test ACC(MAP1): 0   0/56
 test ACC(MAP1-L8to3): 0.267857   15/56
 train ACC: nan   0/0
