I am  0
$JOB_ID 3300 4
$JOB_ID bcast 3300 4
regularizer 160 160
param: ./tmp.vCf6fkv9F3.Ghost_gene_num208/cnfsseight.Ghost_gene_num208.97741338.null ./tmp.vCf6fkv9F3.Ghost_gene_num208/cnfsseight.Ghost_gene_num208.97741338.input output3300
num_states: 272
num_label: 16
num_params: 34548
num_gates: 79
num_ps_gates: 21
num_pi_gates: 58
window_size: 15
dim_features: 1201
dim_one_pos: 79
num_params = 34548
open model success
Loading weights from /home/vpatel/projects/raptorx-ss3-ss8/data/model.p0-900.1561189
Training data0 loaded
0 1
Initialization Finished!
num_data = 0
num_tst = 1
[TRAIN]begin lbfgs

Iteration:  1
 Weight Norm: 56.5295
 Objective: 0
 test ACC(Viterbi): 0.461883   103/223
output3300/model.p0-1.3300
 test ACC(MAP1): 0.327354   73/223
 test ACC(MAP1-L8to3): 0.596413   133/223
 train ACC: nan   0/0
