I am  0
$JOB_ID 9653 4
$JOB_ID bcast 9653 4
regularizer 160 160
param: ./tmp.5EWr003rhH.Phrux_gene_num078/cnfsseight.Phrux_gene_num078.35360139.null ./tmp.5EWr003rhH.Phrux_gene_num078/cnfsseight.Phrux_gene_num078.35360139.input output9653
num_states: 272
num_label: 16
num_params: 34548
num_gates: 79
num_ps_gates: 21
num_pi_gates: 58
window_size: 15
dim_features: 1201
dim_one_pos: 79
num_params = 34548
open model success
Loading weights from /home/vpatel/projects/raptorx-ss3-ss8/data/model.p0-900.1561189
Training data0 loaded
0 1
Initialization Finished!
num_data = 0
num_tst = 1
[TRAIN]begin lbfgs

Iteration:  1
 Weight Norm: 56.5295
 Objective: 0
 test ACC(Viterbi): 0.664286   279/420
output9653/model.p0-1.9653
 test ACC(MAP1): 0.492857   207/420
 test ACC(MAP1-L8to3): 0.633333   266/420
 train ACC: nan   0/0
