I am  0
$JOB_ID 30181 5
$JOB_ID bcast 30181 5
regularizer 160 160
param: ./tmp.hRw3dO1kzr.Jovo_gene_num077/cnfsseight.Jovo_gene_num077.39142343.null ./tmp.hRw3dO1kzr.Jovo_gene_num077/cnfsseight.Jovo_gene_num077.39142343.input output30181
num_states: 272
num_label: 16
num_params: 34548
num_gates: 79
num_ps_gates: 21
num_pi_gates: 58
window_size: 15
dim_features: 1201
dim_one_pos: 79
num_params = 34548
open model success
Loading weights from /home/vpatel/projects/raptorx-ss3-ss8/data/model.p0-900.1561189
Training data0 loaded
0 1
Initialization Finished!
num_data = 0
num_tst = 1
[TRAIN]begin lbfgs

Iteration:  1
 Weight Norm: 56.5295
 Objective: 0
 test ACC(Viterbi): 0.391304   18/46
output30181/model.p0-1.30181
 test ACC(MAP1): 0.282609   13/46
 test ACC(MAP1-L8to3): 0.608696   28/46
 train ACC: nan   0/0
