I am  0
$JOB_ID 4851 4
$JOB_ID bcast 4851 4
regularizer 160 160
param: ./tmp.Egez4Cgvwr.Thor_gene_num031/cnfsseight.Thor_gene_num031.74890013.null ./tmp.Egez4Cgvwr.Thor_gene_num031/cnfsseight.Thor_gene_num031.74890013.input output4851
num_states: 272
num_label: 16
num_params: 34548
num_gates: 79
num_ps_gates: 21
num_pi_gates: 58
window_size: 15
dim_features: 1201
dim_one_pos: 79
num_params = 34548
open model success
Loading weights from /home/vpatel/projects/raptorx-ss3-ss8/data/model.p0-900.1561189
Training data0 loaded
0 1
Initialization Finished!
num_data = 0
num_tst = 1
[TRAIN]begin lbfgs

Iteration:  1
 Weight Norm: 56.5295
 Objective: 0
 test ACC(Viterbi): 0.380875   235/617
output4851/model.p0-1.4851
 test ACC(MAP1): 0.272285   168/617
 test ACC(MAP1-L8to3): 0.549433   339/617
 train ACC: nan   0/0
