I am  0
$JOB_ID 30110 5
$JOB_ID bcast 30110 5
regularizer 160 160
param: ./tmp.TMEKiXy9GK.Oline_gene_num065/cnfsseight.Oline_gene_num065.64307127.null ./tmp.TMEKiXy9GK.Oline_gene_num065/cnfsseight.Oline_gene_num065.64307127.input output30110
num_states: 272
num_label: 16
num_params: 34548
num_gates: 79
num_ps_gates: 21
num_pi_gates: 58
window_size: 15
dim_features: 1201
dim_one_pos: 79
num_params = 34548
open model success
Loading weights from /home/vpatel/projects/raptorx-ss3-ss8/data/model.p0-900.1561189
Training data0 loaded
0 1
Initialization Finished!
num_data = 0
num_tst = 1
[TRAIN]begin lbfgs

Iteration:  1
 Weight Norm: 56.5295
 Objective: 0
 test ACC(Viterbi): 0.409938   66/161
output30110/model.p0-1.30110
 test ACC(MAP1): 0.360248   58/161
 test ACC(MAP1-L8to3): 0.47205   76/161
 train ACC: nan   0/0
