I am  0
$JOB_ID 19193 5
$JOB_ID bcast 19193 5
regularizer 160 160
param: ./tmp.lSk7CVtxce.Violet_gene_num075/cnfsseight.Violet_gene_num075.35340201.null ./tmp.lSk7CVtxce.Violet_gene_num075/cnfsseight.Violet_gene_num075.35340201.input output19193
num_states: 272
num_label: 16
num_params: 34548
num_gates: 79
num_ps_gates: 21
num_pi_gates: 58
window_size: 15
dim_features: 1201
dim_one_pos: 79
num_params = 34548
open model success
Loading weights from /home/vpatel/projects/raptorx-ss3-ss8/data/model.p0-900.1561189
Training data0 loaded
0 1
Initialization Finished!
num_data = 0
num_tst = 1
[TRAIN]begin lbfgs

Iteration:  1
 Weight Norm: 56.5295
 Objective: 0
 test ACC(Viterbi): 0.693548   43/62
output19193/model.p0-1.19193
 test ACC(MAP1): 0.677419   42/62
 test ACC(MAP1-L8to3): 0.806452   50/62
 train ACC: nan   0/0
