I am  0
$JOB_ID 345 3
$JOB_ID bcast 345 3
regularizer 160 160
param: ./tmp.R9E4OS2a8l.Vivaldi_gene_num050/cnfsseight.Vivaldi_gene_num050.77505685.null ./tmp.R9E4OS2a8l.Vivaldi_gene_num050/cnfsseight.Vivaldi_gene_num050.77505685.input output345
num_states: 272
num_label: 16
num_params: 34548
num_gates: 79
num_ps_gates: 21
num_pi_gates: 58
window_size: 15
dim_features: 1201
dim_one_pos: 79
num_params = 34548
open model success
Loading weights from /home/vpatel/projects/raptorx-ss3-ss8/data/model.p0-900.1561189
Training data0 loaded
0 1
Initialization Finished!
num_data = 0
num_tst = 1
[TRAIN]begin lbfgs

Iteration:  1
 Weight Norm: 56.5295
 Objective: 0
 test ACC(Viterbi): 0.607539   274/451
output345/model.p0-1.345
 test ACC(MAP1): 0.361419   163/451
 test ACC(MAP1-L8to3): 0.465632   210/451
 train ACC: nan   0/0
