I am  0
$JOB_ID 12823 5
$JOB_ID bcast 12823 5
regularizer 160 160
param: ./tmp.uKVFmwGa7T.Mozy_gene_num103/cnfsseight.Mozy_gene_num103.20143807.null ./tmp.uKVFmwGa7T.Mozy_gene_num103/cnfsseight.Mozy_gene_num103.20143807.input output12823
num_states: 272
num_label: 16
num_params: 34548
num_gates: 79
num_ps_gates: 21
num_pi_gates: 58
window_size: 15
dim_features: 1201
dim_one_pos: 79
num_params = 34548
open model success
Loading weights from /home/vpatel/projects/raptorx-ss3-ss8/data/model.p0-900.1561189
Training data0 loaded
0 1
Initialization Finished!
num_data = 0
num_tst = 1
[TRAIN]begin lbfgs

Iteration:  1
 Weight Norm: 56.5295
 Objective: 0
 test ACC(Viterbi): 0.3375   27/80
output12823/model.p0-1.12823
 test ACC(MAP1): 0.325   26/80
 test ACC(MAP1-L8to3): 0.625   50/80
 train ACC: nan   0/0
