I am  0
$JOB_ID 24564 5
$JOB_ID bcast 24564 5
regularizer 160 160
param: ./tmp.wqTdPzmZ3B.Alma_gene_num096/cnfsseight.Alma_gene_num096.99156761.null ./tmp.wqTdPzmZ3B.Alma_gene_num096/cnfsseight.Alma_gene_num096.99156761.input output24564
num_states: 272
num_label: 16
num_params: 34548
num_gates: 79
num_ps_gates: 21
num_pi_gates: 58
window_size: 15
dim_features: 1201
dim_one_pos: 79
num_params = 34548
open model success
Loading weights from /home/vpatel/projects/raptorx-ss3-ss8/data/model.p0-900.1561189
Training data0 loaded
0 1
Initialization Finished!
num_data = 0
num_tst = 1
[TRAIN]begin lbfgs

Iteration:  1
 Weight Norm: 56.5295
 Objective: 0
 test ACC(Viterbi): 0.530612   52/98
output24564/model.p0-1.24564
 test ACC(MAP1): 0.265306   26/98
 test ACC(MAP1-L8to3): 0.479592   47/98
 train ACC: nan   0/0
