I am  0
$JOB_ID 24895 5
$JOB_ID bcast 24895 5
regularizer 160 160
param: ./tmp.ymoVC1Xtbj.Daenerys_gene_num040/cnfsseight.Daenerys_gene_num040.75386158.null ./tmp.ymoVC1Xtbj.Daenerys_gene_num040/cnfsseight.Daenerys_gene_num040.75386158.input output24895
num_states: 272
num_label: 16
num_params: 34548
num_gates: 79
num_ps_gates: 21
num_pi_gates: 58
window_size: 15
dim_features: 1201
dim_one_pos: 79
num_params = 34548
open model success
Loading weights from /home/vpatel/projects/raptorx-ss3-ss8/data/model.p0-900.1561189
Training data0 loaded
0 1
Initialization Finished!
num_data = 0
num_tst = 1
[TRAIN]begin lbfgs

Iteration:  1
 Weight Norm: 56.5295
 Objective: 0
 test ACC(Viterbi): 0.517321   224/433
output24895/model.p0-1.24895
 test ACC(MAP1): 0.429561   186/433
 test ACC(MAP1-L8to3): 0.551963   239/433
 train ACC: nan   0/0
