I am  0
$JOB_ID 19010 5
$JOB_ID bcast 19010 5
regularizer 160 160
param: ./tmp.Vu1x6sVWSw.Gyarad_gene_num070/cnfsseight.Gyarad_gene_num070.81422601.null ./tmp.Vu1x6sVWSw.Gyarad_gene_num070/cnfsseight.Gyarad_gene_num070.81422601.input output19010
num_states: 272
num_label: 16
num_params: 34548
num_gates: 79
num_ps_gates: 21
num_pi_gates: 58
window_size: 15
dim_features: 1201
dim_one_pos: 79
num_params = 34548
open model success
Loading weights from /home/vpatel/projects/raptorx-ss3-ss8/data/model.p0-900.1561189
Training data0 loaded
0 1
Initialization Finished!
num_data = 0
num_tst = 1
[TRAIN]begin lbfgs

Iteration:  1
 Weight Norm: 56.5295
 Objective: 0
 test ACC(Viterbi): 0.657143   92/140
output19010/model.p0-1.19010
 test ACC(MAP1): 0.435714   61/140
 test ACC(MAP1-L8to3): 0.7   98/140
 train ACC: nan   0/0
