I am  0
$JOB_ID 5166 4
$JOB_ID bcast 5166 4
regularizer 160 160
param: ./tmp.FJ6aWjtQnK.Wally_gene_num071/cnfsseight.Wally_gene_num071.48725244.null ./tmp.FJ6aWjtQnK.Wally_gene_num071/cnfsseight.Wally_gene_num071.48725244.input output5166
num_states: 272
num_label: 16
num_params: 34548
num_gates: 79
num_ps_gates: 21
num_pi_gates: 58
window_size: 15
dim_features: 1201
dim_one_pos: 79
num_params = 34548
open model success
Loading weights from /home/vpatel/projects/raptorx-ss3-ss8/data/model.p0-900.1561189
Training data0 loaded
0 1
Initialization Finished!
num_data = 0
num_tst = 1
[TRAIN]begin lbfgs

Iteration:  1
 Weight Norm: 56.5295
 Objective: 0
 test ACC(Viterbi): 0.666667   80/120
output5166/model.p0-1.5166
 test ACC(MAP1): 0.591667   71/120
 test ACC(MAP1-L8to3): 0.641667   77/120
 train ACC: nan   0/0
