I am  0
$JOB_ID 675 3
$JOB_ID bcast 675 3
regularizer 160 160
param: ./tmp.GsI0u77lsn.Cali_gene_num041/cnfsseight.Cali_gene_num041.58809254.null ./tmp.GsI0u77lsn.Cali_gene_num041/cnfsseight.Cali_gene_num041.58809254.input output675
num_states: 272
num_label: 16
num_params: 34548
num_gates: 79
num_ps_gates: 21
num_pi_gates: 58
window_size: 15
dim_features: 1201
dim_one_pos: 79
num_params = 34548
open model success
Loading weights from /home/vpatel/projects/raptorx-ss3-ss8/data/model.p0-900.1561189
Training data0 loaded
0 1
Initialization Finished!
num_data = 0
num_tst = 1
[TRAIN]begin lbfgs

Iteration:  1
 Weight Norm: 56.5295
 Objective: 0
 test ACC(Viterbi): 0.946429   53/56
output675/model.p0-1.675
 test ACC(MAP1): 0.875   49/56
 test ACC(MAP1-L8to3): 0.910714   51/56
 train ACC: nan   0/0
