I am  0
$JOB_ID 5394 4
$JOB_ID bcast 5394 4
regularizer 160 160
param: ./tmp.2UitOxnyMu.Reprobate_gene_num013/cnfsseight.Reprobate_gene_num013.51944295.null ./tmp.2UitOxnyMu.Reprobate_gene_num013/cnfsseight.Reprobate_gene_num013.51944295.input output5394
num_states: 272
num_label: 16
num_params: 34548
num_gates: 79
num_ps_gates: 21
num_pi_gates: 58
window_size: 15
dim_features: 1201
dim_one_pos: 79
num_params = 34548
open model success
Loading weights from /home/vpatel/projects/raptorx-ss3-ss8/data/model.p0-900.1561189
Training data0 loaded
0 1
Initialization Finished!
num_data = 0
num_tst = 1
[TRAIN]begin lbfgs

Iteration:  1
 Weight Norm: 56.5295
 Objective: 0
 test ACC(Viterbi): 0.55935   344/615
output5394/model.p0-1.5394
 test ACC(MAP1): 0.357724   220/615
 test ACC(MAP1-L8to3): 0.518699   319/615
 train ACC: nan   0/0
