I am  0
$JOB_ID 5831 4
$JOB_ID bcast 5831 4
regularizer 160 160
param: ./tmp.mYSE0TER2x.JacAttac_gene_num057/cnfsseight.JacAttac_gene_num057.73593038.null ./tmp.mYSE0TER2x.JacAttac_gene_num057/cnfsseight.JacAttac_gene_num057.73593038.input output5831
num_states: 272
num_label: 16
num_params: 34548
num_gates: 79
num_ps_gates: 21
num_pi_gates: 58
window_size: 15
dim_features: 1201
dim_one_pos: 79
num_params = 34548
open model success
Loading weights from /home/vpatel/projects/raptorx-ss3-ss8/data/model.p0-900.1561189
Training data0 loaded
0 1
Initialization Finished!
num_data = 0
num_tst = 1
[TRAIN]begin lbfgs

Iteration:  1
 Weight Norm: 56.5295
 Objective: 0
 test ACC(Viterbi): 0.203252   25/123
output5831/model.p0-1.5831
 test ACC(MAP1): 0.178862   22/123
 test ACC(MAP1-L8to3): 0.544715   67/123
 train ACC: nan   0/0
