I am  0
$JOB_ID 14330 5
$JOB_ID bcast 14330 5
regularizer 160 160
param: ./tmp.Ve2P8sGQOx.Cali_gene_num152/cnfsseight.Cali_gene_num152.57000566.null ./tmp.Ve2P8sGQOx.Cali_gene_num152/cnfsseight.Cali_gene_num152.57000566.input output14330
num_states: 272
num_label: 16
num_params: 34548
num_gates: 79
num_ps_gates: 21
num_pi_gates: 58
window_size: 15
dim_features: 1201
dim_one_pos: 79
num_params = 34548
open model success
Loading weights from /home/vpatel/projects/raptorx-ss3-ss8/data/model.p0-900.1561189
Training data0 loaded
0 1
Initialization Finished!
num_data = 0
num_tst = 1
[TRAIN]begin lbfgs

Iteration:  1
 Weight Norm: 56.5295
 Objective: 0
 test ACC(Viterbi): 0.921986   130/141
output14330/model.p0-1.14330
 test ACC(MAP1): 0.723404   102/141
 test ACC(MAP1-L8to3): 0.737589   104/141
 train ACC: nan   0/0
