I am  0
$JOB_ID 10312 5
$JOB_ID bcast 10312 5
regularizer 160 160
param: ./tmp.gazRDtZvVM.Akoma_gene_num001/cnfsseight.Akoma_gene_num001.56898124.null ./tmp.gazRDtZvVM.Akoma_gene_num001/cnfsseight.Akoma_gene_num001.56898124.input output10312
num_states: 272
num_label: 16
num_params: 34548
num_gates: 79
num_ps_gates: 21
num_pi_gates: 58
window_size: 15
dim_features: 1201
dim_one_pos: 79
num_params = 34548
open model success
Loading weights from /home/vpatel/projects/raptorx-ss3-ss8/data/model.p0-900.1561189
Training data0 loaded
0 1
Initialization Finished!
num_data = 0
num_tst = 1
[TRAIN]begin lbfgs

Iteration:  1
 Weight Norm: 56.5295
 Objective: 0
 test ACC(Viterbi): 0.508696   117/230
output10312/model.p0-1.10312
 test ACC(MAP1): 0.404348   93/230
 test ACC(MAP1-L8to3): 0.526087   121/230
 train ACC: nan   0/0
