I am  0
$JOB_ID 28483 5
$JOB_ID bcast 28483 5
regularizer 160 160
param: ./tmp.jCXoqP3BkJ.BPs_gene_num023/cnfsseight.BPs_gene_num023.42573081.null ./tmp.jCXoqP3BkJ.BPs_gene_num023/cnfsseight.BPs_gene_num023.42573081.input output28483
num_states: 272
num_label: 16
num_params: 34548
num_gates: 79
num_ps_gates: 21
num_pi_gates: 58
window_size: 15
dim_features: 1201
dim_one_pos: 79
num_params = 34548
open model success
Loading weights from /home/vpatel/projects/raptorx-ss3-ss8/data/model.p0-900.1561189
Training data0 loaded
0 1
Initialization Finished!
num_data = 0
num_tst = 1
[TRAIN]begin lbfgs

Iteration:  1
 Weight Norm: 56.5295
 Objective: 0
 test ACC(Viterbi): 0.311321   33/106
output28483/model.p0-1.28483
 test ACC(MAP1): 0.273585   29/106
 test ACC(MAP1-L8to3): 0.707547   75/106
 train ACC: nan   0/0
