I am  0
$JOB_ID 1669 4
$JOB_ID bcast 1669 4
regularizer 160 160
param: ./tmp.AOJ5aW4pQE.Wanda_gene_num070/cnfsseight.Wanda_gene_num070.1593418.null ./tmp.AOJ5aW4pQE.Wanda_gene_num070/cnfsseight.Wanda_gene_num070.1593418.input output1669
num_states: 272
num_label: 16
num_params: 34548
num_gates: 79
num_ps_gates: 21
num_pi_gates: 58
window_size: 15
dim_features: 1201
dim_one_pos: 79
num_params = 34548
open model success
Loading weights from /home/vpatel/projects/raptorx-ss3-ss8/data/model.p0-900.1561189
Training data0 loaded
0 1
Initialization Finished!
num_data = 0
num_tst = 1
[TRAIN]begin lbfgs

Iteration:  1
 Weight Norm: 56.5295
 Objective: 0
 test ACC(Viterbi): 0.356688   56/157
output1669/model.p0-1.1669
 test ACC(MAP1): 0.343949   54/157
 test ACC(MAP1-L8to3): 0.611465   96/157
 train ACC: nan   0/0
