I am  0
$JOB_ID 1966 4
$JOB_ID bcast 1966 4
regularizer 160 160
param: ./tmp.JJepm5GIhd.Airmid_gene_num047/cnfsseight.Airmid_gene_num047.20093917.null ./tmp.JJepm5GIhd.Airmid_gene_num047/cnfsseight.Airmid_gene_num047.20093917.input output1966
num_states: 272
num_label: 16
num_params: 34548
num_gates: 79
num_ps_gates: 21
num_pi_gates: 58
window_size: 15
dim_features: 1201
dim_one_pos: 79
num_params = 34548
open model success
Loading weights from /home/vpatel/projects/raptorx-ss3-ss8/data/model.p0-900.1561189
Training data0 loaded
0 1
Initialization Finished!
num_data = 0
num_tst = 1
[TRAIN]begin lbfgs

Iteration:  1
 Weight Norm: 56.5295
 Objective: 0
 test ACC(Viterbi): 0.772512   163/211
output1966/model.p0-1.1966
 test ACC(MAP1): 0.635071   134/211
 test ACC(MAP1-L8to3): 0.649289   137/211
 train ACC: nan   0/0
