I am  0
$JOB_ID 3112 4
$JOB_ID bcast 3112 4
regularizer 160 160
param: ./tmp.eN4ssfYoHy.Firecracker_gene_num088/cnfsseight.Firecracker_gene_num088.27931515.null ./tmp.eN4ssfYoHy.Firecracker_gene_num088/cnfsseight.Firecracker_gene_num088.27931515.input output3112
num_states: 272
num_label: 16
num_params: 34548
num_gates: 79
num_ps_gates: 21
num_pi_gates: 58
window_size: 15
dim_features: 1201
dim_one_pos: 79
num_params = 34548
open model success
Loading weights from /home/vpatel/projects/raptorx-ss3-ss8/data/model.p0-900.1561189
Training data0 loaded
0 1
Initialization Finished!
num_data = 0
num_tst = 1
[TRAIN]begin lbfgs

Iteration:  1
 Weight Norm: 56.5295
 Objective: 0
 test ACC(Viterbi): 0.728261   67/92
output3112/model.p0-1.3112
 test ACC(MAP1): 0.597826   55/92
 test ACC(MAP1-L8to3): 0.641304   59/92
 train ACC: nan   0/0
