I am  0
$JOB_ID 5064 4
$JOB_ID bcast 5064 4
regularizer 160 160
param: ./tmp.ZFo2oeZVGs.Shauna1_gene_num091/cnfsseight.Shauna1_gene_num091.30581256.null ./tmp.ZFo2oeZVGs.Shauna1_gene_num091/cnfsseight.Shauna1_gene_num091.30581256.input output5064
num_states: 272
num_label: 16
num_params: 34548
num_gates: 79
num_ps_gates: 21
num_pi_gates: 58
window_size: 15
dim_features: 1201
dim_one_pos: 79
num_params = 34548
open model success
Loading weights from /home/vpatel/projects/raptorx-ss3-ss8/data/model.p0-900.1561189
Training data0 loaded
0 1
Initialization Finished!
num_data = 0
num_tst = 1
[TRAIN]begin lbfgs

Iteration:  1
 Weight Norm: 56.5295
 Objective: 0
 test ACC(Viterbi): 0.202128   19/94
output5064/model.p0-1.5064
 test ACC(MAP1): 0.0638298   6/94
 test ACC(MAP1-L8to3): 0.457447   43/94
 train ACC: nan   0/0
