I am  0
$JOB_ID 24301 5
$JOB_ID bcast 24301 5
regularizer 160 160
param: ./tmp.MVOtuaVlcl.Elph10_gene_num103/cnfsseight.Elph10_gene_num103.74570835.null ./tmp.MVOtuaVlcl.Elph10_gene_num103/cnfsseight.Elph10_gene_num103.74570835.input output24301
num_states: 272
num_label: 16
num_params: 34548
num_gates: 79
num_ps_gates: 21
num_pi_gates: 58
window_size: 15
dim_features: 1201
dim_one_pos: 79
num_params = 34548
open model success
Loading weights from /home/vpatel/projects/raptorx-ss3-ss8/data/model.p0-900.1561189
Training data0 loaded
0 1
Initialization Finished!
num_data = 0
num_tst = 1
[TRAIN]begin lbfgs

Iteration:  1
 Weight Norm: 56.5295
 Objective: 0
 test ACC(Viterbi): 0.8125   78/96
output24301/model.p0-1.24301
 test ACC(MAP1): 0.59375   57/96
 test ACC(MAP1-L8to3): 0.760417   73/96
 train ACC: nan   0/0
