I am  0
$JOB_ID 17208 5
$JOB_ID bcast 17208 5
regularizer 160 160
param: ./tmp.B4uVLAdPym.Thibault_gene_num085/cnfsseight.Thibault_gene_num085.35518039.null ./tmp.B4uVLAdPym.Thibault_gene_num085/cnfsseight.Thibault_gene_num085.35518039.input output17208
num_states: 272
num_label: 16
num_params: 34548
num_gates: 79
num_ps_gates: 21
num_pi_gates: 58
window_size: 15
dim_features: 1201
dim_one_pos: 79
num_params = 34548
open model success
Loading weights from /home/vpatel/projects/raptorx-ss3-ss8/data/model.p0-900.1561189
Training data0 loaded
0 1
Initialization Finished!
num_data = 0
num_tst = 1
[TRAIN]begin lbfgs

Iteration:  1
 Weight Norm: 56.5295
 Objective: 0
 test ACC(Viterbi): 0.366038   97/265
output17208/model.p0-1.17208
 test ACC(MAP1): 0.335849   89/265
 test ACC(MAP1-L8to3): 0.550943   146/265
 train ACC: nan   0/0
