I am  0
$JOB_ID 30941 5
$JOB_ID bcast 30941 5
regularizer 160 160
param: ./tmp.F9g7Gtj8xm.Aeneas_gene_num015/cnfsseight.Aeneas_gene_num015.75810457.null ./tmp.F9g7Gtj8xm.Aeneas_gene_num015/cnfsseight.Aeneas_gene_num015.75810457.input output30941
num_states: 272
num_label: 16
num_params: 34548
num_gates: 79
num_ps_gates: 21
num_pi_gates: 58
window_size: 15
dim_features: 1201
dim_one_pos: 79
num_params = 34548
open model success
Loading weights from /home/vpatel/projects/raptorx-ss3-ss8/data/model.p0-900.1561189
Training data0 loaded
0 1
Initialization Finished!
num_data = 0
num_tst = 1
[TRAIN]begin lbfgs

Iteration:  1
 Weight Norm: 56.5295
 Objective: 0
 test ACC(Viterbi): 0.750853   220/293
output30941/model.p0-1.30941
 test ACC(MAP1): 0.662116   194/293
 test ACC(MAP1-L8to3): 0.737201   216/293
 train ACC: nan   0/0
