I am  0
$JOB_ID 9265 4
$JOB_ID bcast 9265 4
regularizer 160 160
param: ./tmp.XRW4jRCbOT.DotProduct_gene_num077/cnfsseight.DotProduct_gene_num077.97849190.null ./tmp.XRW4jRCbOT.DotProduct_gene_num077/cnfsseight.DotProduct_gene_num077.97849190.input output9265
num_states: 272
num_label: 16
num_params: 34548
num_gates: 79
num_ps_gates: 21
num_pi_gates: 58
window_size: 15
dim_features: 1201
dim_one_pos: 79
num_params = 34548
open model success
Loading weights from /home/vpatel/projects/raptorx-ss3-ss8/data/model.p0-900.1561189
Training data0 loaded
0 1
Initialization Finished!
num_data = 0
num_tst = 1
[TRAIN]begin lbfgs

Iteration:  1
 Weight Norm: 56.5295
 Objective: 0
 test ACC(Viterbi): 0.717391   66/92
output9265/model.p0-1.9265
 test ACC(MAP1): 0.478261   44/92
 test ACC(MAP1-L8to3): 0.684783   63/92
 train ACC: nan   0/0
