I am  0
$JOB_ID 27243 5
$JOB_ID bcast 27243 5
regularizer 160 160
param: ./tmp.j2i7qH5sqs.LittleE_gene_num211/cnfsseight.LittleE_gene_num211.61574697.null ./tmp.j2i7qH5sqs.LittleE_gene_num211/cnfsseight.LittleE_gene_num211.61574697.input output27243
num_states: 272
num_label: 16
num_params: 34548
num_gates: 79
num_ps_gates: 21
num_pi_gates: 58
window_size: 15
dim_features: 1201
dim_one_pos: 79
num_params = 34548
open model success
Loading weights from /home/vpatel/projects/raptorx-ss3-ss8/data/model.p0-900.1561189
Training data0 loaded
0 1
Initialization Finished!
num_data = 0
num_tst = 1
[TRAIN]begin lbfgs

Iteration:  1
 Weight Norm: 56.5295
 Objective: 0
 test ACC(Viterbi): 0.610063   97/159
output27243/model.p0-1.27243
 test ACC(MAP1): 0.308176   49/159
 test ACC(MAP1-L8to3): 0.610063   97/159
 train ACC: nan   0/0
