I am  0
$JOB_ID 19842 5
$JOB_ID bcast 19842 5
regularizer 160 160
param: ./tmp.Fx6skB7GAq.Drago_gene_num055/cnfsseight.Drago_gene_num055.5844301.null ./tmp.Fx6skB7GAq.Drago_gene_num055/cnfsseight.Drago_gene_num055.5844301.input output19842
num_states: 272
num_label: 16
num_params: 34548
num_gates: 79
num_ps_gates: 21
num_pi_gates: 58
window_size: 15
dim_features: 1201
dim_one_pos: 79
num_params = 34548
open model success
Loading weights from /home/vpatel/projects/raptorx-ss3-ss8/data/model.p0-900.1561189
Training data0 loaded
0 1
Initialization Finished!
num_data = 0
num_tst = 1
[TRAIN]begin lbfgs

Iteration:  1
 Weight Norm: 56.5295
 Objective: 0
 test ACC(Viterbi): 0.707317   116/164
output19842/model.p0-1.19842
 test ACC(MAP1): 0.432927   71/164
 test ACC(MAP1-L8to3): 0.469512   77/164
 train ACC: nan   0/0
