I am  0
$JOB_ID 8699 4
$JOB_ID bcast 8699 4
regularizer 160 160
param: ./tmp.Tc5kJQJNcX.Hedgerow_gene_num006/cnfsseight.Hedgerow_gene_num006.99519053.null ./tmp.Tc5kJQJNcX.Hedgerow_gene_num006/cnfsseight.Hedgerow_gene_num006.99519053.input output8699
num_states: 272
num_label: 16
num_params: 34548
num_gates: 79
num_ps_gates: 21
num_pi_gates: 58
window_size: 15
dim_features: 1201
dim_one_pos: 79
num_params = 34548
open model success
Loading weights from /home/vpatel/projects/raptorx-ss3-ss8/data/model.p0-900.1561189
Training data0 loaded
0 1
Initialization Finished!
num_data = 0
num_tst = 1
[TRAIN]begin lbfgs

Iteration:  1
 Weight Norm: 56.5295
 Objective: 0
 test ACC(Viterbi): 0.460733   88/191
output8699/model.p0-1.8699
 test ACC(MAP1): 0.471204   90/191
 test ACC(MAP1-L8to3): 0.691099   132/191
 train ACC: nan   0/0
