I am  0
$JOB_ID 26758 5
$JOB_ID bcast 26758 5
regularizer 160 160
param: ./tmp.aNxCGIACLl.Daenerys_gene_num055/cnfsseight.Daenerys_gene_num055.75072869.null ./tmp.aNxCGIACLl.Daenerys_gene_num055/cnfsseight.Daenerys_gene_num055.75072869.input output26758
num_states: 272
num_label: 16
num_params: 34548
num_gates: 79
num_ps_gates: 21
num_pi_gates: 58
window_size: 15
dim_features: 1201
dim_one_pos: 79
num_params = 34548
open model success
Loading weights from /home/vpatel/projects/raptorx-ss3-ss8/data/model.p0-900.1561189
Training data0 loaded
0 1
Initialization Finished!
num_data = 0
num_tst = 1
[TRAIN]begin lbfgs

Iteration:  1
 Weight Norm: 56.5295
 Objective: 0
 test ACC(Viterbi): 0.56   28/50
output26758/model.p0-1.26758
 test ACC(MAP1): 0.22   11/50
 test ACC(MAP1-L8to3): 0.42   21/50
 train ACC: nan   0/0
