I am  0
$JOB_ID 20685 5
$JOB_ID bcast 20685 5
regularizer 160 160
param: ./tmp.poDk0BZ1Rn.Aeneas_gene_num062/cnfsseight.Aeneas_gene_num062.72883556.null ./tmp.poDk0BZ1Rn.Aeneas_gene_num062/cnfsseight.Aeneas_gene_num062.72883556.input output20685
num_states: 272
num_label: 16
num_params: 34548
num_gates: 79
num_ps_gates: 21
num_pi_gates: 58
window_size: 15
dim_features: 1201
dim_one_pos: 79
num_params = 34548
open model success
Loading weights from /home/vpatel/projects/raptorx-ss3-ss8/data/model.p0-900.1561189
Training data0 loaded
0 1
Initialization Finished!
num_data = 0
num_tst = 1
[TRAIN]begin lbfgs

Iteration:  1
 Weight Norm: 56.5295
 Objective: 0
 test ACC(Viterbi): 0.625344   227/363
output20685/model.p0-1.20685
 test ACC(MAP1): 0.325069   118/363
 test ACC(MAP1-L8to3): 0.482094   175/363
 train ACC: nan   0/0
