I am  0
$JOB_ID 30120 5
$JOB_ID bcast 30120 5
regularizer 160 160
param: ./tmp.RWXbIyGNYe.Jasper_gene_num089/cnfsseight.Jasper_gene_num089.65465919.null ./tmp.RWXbIyGNYe.Jasper_gene_num089/cnfsseight.Jasper_gene_num089.65465919.input output30120
num_states: 272
num_label: 16
num_params: 34548
num_gates: 79
num_ps_gates: 21
num_pi_gates: 58
window_size: 15
dim_features: 1201
dim_one_pos: 79
num_params = 34548
open model success
Loading weights from /home/vpatel/projects/raptorx-ss3-ss8/data/model.p0-900.1561189
Training data0 loaded
0 1
Initialization Finished!
num_data = 0
num_tst = 1
[TRAIN]begin lbfgs

Iteration:  1
 Weight Norm: 56.5295
 Objective: 0
 test ACC(Viterbi): 0.975   78/80
output30120/model.p0-1.30120
 test ACC(MAP1): 0.7125   57/80
 test ACC(MAP1-L8to3): 0.7125   57/80
 train ACC: nan   0/0
