I am  0
$JOB_ID 23661 5
$JOB_ID bcast 23661 5
regularizer 160 160
param: ./tmp.WVfdd6PBT4.Ares_gene_num046/cnfsseight.Ares_gene_num046.82682265.null ./tmp.WVfdd6PBT4.Ares_gene_num046/cnfsseight.Ares_gene_num046.82682265.input output23661
num_states: 272
num_label: 16
num_params: 34548
num_gates: 79
num_ps_gates: 21
num_pi_gates: 58
window_size: 15
dim_features: 1201
dim_one_pos: 79
num_params = 34548
open model success
Loading weights from /home/vpatel/projects/raptorx-ss3-ss8/data/model.p0-900.1561189
Training data0 loaded
0 1
Initialization Finished!
num_data = 0
num_tst = 1
[TRAIN]begin lbfgs

Iteration:  1
 Weight Norm: 56.5295
 Objective: 0
 test ACC(Viterbi): 0.65748   167/254
output23661/model.p0-1.23661
 test ACC(MAP1): 0.535433   136/254
 test ACC(MAP1-L8to3): 0.688976   175/254
 train ACC: nan   0/0
