I am  0
$JOB_ID 317 3
$JOB_ID bcast 317 3
regularizer 160 160
param: ./tmp.U6vjfaM1Cl.Sbash_gene_num088/cnfsseight.Sbash_gene_num088.44738323.null ./tmp.U6vjfaM1Cl.Sbash_gene_num088/cnfsseight.Sbash_gene_num088.44738323.input output317
num_states: 272
num_label: 16
num_params: 34548
num_gates: 79
num_ps_gates: 21
num_pi_gates: 58
window_size: 15
dim_features: 1201
dim_one_pos: 79
num_params = 34548
open model success
Loading weights from /home/vpatel/projects/raptorx-ss3-ss8/data/model.p0-900.1561189
Training data0 loaded
0 1
Initialization Finished!
num_data = 0
num_tst = 1
[TRAIN]begin lbfgs

Iteration:  1
 Weight Norm: 56.5295
 Objective: 0
 test ACC(Viterbi): 0.442308   92/208
output317/model.p0-1.317
 test ACC(MAP1): 0.307692   64/208
 test ACC(MAP1-L8to3): 0.605769   126/208
 train ACC: nan   0/0
