I am  0
$JOB_ID 19874 5
$JOB_ID bcast 19874 5
regularizer 160 160
param: ./tmp.ilda1AkbLw.Damien_gene_num067/cnfsseight.Damien_gene_num067.64725447.null ./tmp.ilda1AkbLw.Damien_gene_num067/cnfsseight.Damien_gene_num067.64725447.input output19874
num_states: 272
num_label: 16
num_params: 34548
num_gates: 79
num_ps_gates: 21
num_pi_gates: 58
window_size: 15
dim_features: 1201
dim_one_pos: 79
num_params = 34548
open model success
Loading weights from /home/vpatel/projects/raptorx-ss3-ss8/data/model.p0-900.1561189
Training data0 loaded
0 1
Initialization Finished!
num_data = 0
num_tst = 1
[TRAIN]begin lbfgs

Iteration:  1
 Weight Norm: 56.5295
 Objective: 0
 test ACC(Viterbi): 0.636364   273/429
output19874/model.p0-1.19874
 test ACC(MAP1): 0.412587   177/429
 test ACC(MAP1-L8to3): 0.55711   239/429
 train ACC: nan   0/0
