I am  0
$JOB_ID 5262 4
$JOB_ID bcast 5262 4
regularizer 160 160
param: ./tmp.bUlb2Ufy1m.Dandelion_gene_num174/cnfsseight.Dandelion_gene_num174.29530519.null ./tmp.bUlb2Ufy1m.Dandelion_gene_num174/cnfsseight.Dandelion_gene_num174.29530519.input output5262
num_states: 272
num_label: 16
num_params: 34548
num_gates: 79
num_ps_gates: 21
num_pi_gates: 58
window_size: 15
dim_features: 1201
dim_one_pos: 79
num_params = 34548
open model success
Loading weights from /home/vpatel/projects/raptorx-ss3-ss8/data/model.p0-900.1561189
Training data0 loaded
0 1
Initialization Finished!
num_data = 0
num_tst = 1
[TRAIN]begin lbfgs

Iteration:  1
 Weight Norm: 56.5295
 Objective: 0
 test ACC(Viterbi): 0.464516   72/155
output5262/model.p0-1.5262
 test ACC(MAP1): 0.283871   44/155
 test ACC(MAP1-L8to3): 0.567742   88/155
 train ACC: nan   0/0
