I am  0
$JOB_ID 24319 5
$JOB_ID bcast 24319 5
regularizer 160 160
param: ./tmp.x1rcy1ucfU.ABCat_gene_num117/cnfsseight.ABCat_gene_num117.15265726.null ./tmp.x1rcy1ucfU.ABCat_gene_num117/cnfsseight.ABCat_gene_num117.15265726.input output24319
num_states: 272
num_label: 16
num_params: 34548
num_gates: 79
num_ps_gates: 21
num_pi_gates: 58
window_size: 15
dim_features: 1201
dim_one_pos: 79
num_params = 34548
open model success
Loading weights from /home/vpatel/projects/raptorx-ss3-ss8/data/model.p0-900.1561189
Training data0 loaded
0 1
Initialization Finished!
num_data = 0
num_tst = 1
[TRAIN]begin lbfgs

Iteration:  1
 Weight Norm: 56.5295
 Objective: 0
 test ACC(Viterbi): 0.771429   54/70
output24319/model.p0-1.24319
 test ACC(MAP1): 0.557143   39/70
 test ACC(MAP1-L8to3): 0.628571   44/70
 train ACC: nan   0/0
