I am  0
$JOB_ID 5938 4
$JOB_ID bcast 5938 4
regularizer 160 160
param: ./tmp.hNOAxdofl9.Bxz2_gene_num055/cnfsseight.Bxz2_gene_num055.29923594.null ./tmp.hNOAxdofl9.Bxz2_gene_num055/cnfsseight.Bxz2_gene_num055.29923594.input output5938
num_states: 272
num_label: 16
num_params: 34548
num_gates: 79
num_ps_gates: 21
num_pi_gates: 58
window_size: 15
dim_features: 1201
dim_one_pos: 79
num_params = 34548
open model success
Loading weights from /home/vpatel/projects/raptorx-ss3-ss8/data/model.p0-900.1561189
Training data0 loaded
0 1
Initialization Finished!
num_data = 0
num_tst = 1
[TRAIN]begin lbfgs

Iteration:  1
 Weight Norm: 56.5295
 Objective: 0
 test ACC(Viterbi): 0.388535   61/157
output5938/model.p0-1.5938
 test ACC(MAP1): 0.382166   60/157
 test ACC(MAP1-L8to3): 0.592357   93/157
 train ACC: nan   0/0
