I am  0
$JOB_ID 2092 4
$JOB_ID bcast 2092 4
regularizer 160 160
param: ./tmp.OKZBntHWZk.Giles_gene_num047/cnfsseight.Giles_gene_num047.88360013.null ./tmp.OKZBntHWZk.Giles_gene_num047/cnfsseight.Giles_gene_num047.88360013.input output2092
num_states: 272
num_label: 16
num_params: 34548
num_gates: 79
num_ps_gates: 21
num_pi_gates: 58
window_size: 15
dim_features: 1201
dim_one_pos: 79
num_params = 34548
open model success
Loading weights from /home/vpatel/projects/raptorx-ss3-ss8/data/model.p0-900.1561189
Training data0 loaded
0 1
Initialization Finished!
num_data = 0
num_tst = 1
[TRAIN]begin lbfgs

Iteration:  1
 Weight Norm: 56.5295
 Objective: 0
 test ACC(Viterbi): 0.347826   48/138
output2092/model.p0-1.2092
 test ACC(MAP1): 0.173913   24/138
 test ACC(MAP1-L8to3): 0.492754   68/138
 train ACC: nan   0/0
