I am  0
$JOB_ID 13414 5
$JOB_ID bcast 13414 5
regularizer 160 160
param: ./tmp.7J1X50w7cH.Sparky_gene_num079/cnfsseight.Sparky_gene_num079.4631506.null ./tmp.7J1X50w7cH.Sparky_gene_num079/cnfsseight.Sparky_gene_num079.4631506.input output13414
num_states: 272
num_label: 16
num_params: 34548
num_gates: 79
num_ps_gates: 21
num_pi_gates: 58
window_size: 15
dim_features: 1201
dim_one_pos: 79
num_params = 34548
open model success
Loading weights from /home/vpatel/projects/raptorx-ss3-ss8/data/model.p0-900.1561189
Training data0 loaded
0 1
Initialization Finished!
num_data = 0
num_tst = 1
[TRAIN]begin lbfgs

Iteration:  1
 Weight Norm: 56.5295
 Objective: 0
 test ACC(Viterbi): 0.382353   26/68
output13414/model.p0-1.13414
 test ACC(MAP1): 0.0882353   6/68
 test ACC(MAP1-L8to3): 0.529412   36/68
 train ACC: nan   0/0
