I am  0
$JOB_ID 1347 4
$JOB_ID bcast 1347 4
regularizer 160 160
param: ./tmp.Mv5VmeyBSk.Soto_gene_num049/cnfsseight.Soto_gene_num049.89880884.null ./tmp.Mv5VmeyBSk.Soto_gene_num049/cnfsseight.Soto_gene_num049.89880884.input output1347
num_states: 272
num_label: 16
num_params: 34548
num_gates: 79
num_ps_gates: 21
num_pi_gates: 58
window_size: 15
dim_features: 1201
dim_one_pos: 79
num_params = 34548
open model success
Loading weights from /home/vpatel/projects/raptorx-ss3-ss8/data/model.p0-900.1561189
Training data0 loaded
0 1
Initialization Finished!
num_data = 0
num_tst = 1
[TRAIN]begin lbfgs

Iteration:  1
 Weight Norm: 56.5295
 Objective: 0
 test ACC(Viterbi): 0.592018   267/451
output1347/model.p0-1.1347
 test ACC(MAP1): 0.370288   167/451
 test ACC(MAP1-L8to3): 0.485588   219/451
 train ACC: nan   0/0
