I am  0
$JOB_ID 5764 4
$JOB_ID bcast 5764 4
regularizer 160 160
param: ./tmp.hmjAaP5pLq.PhatBacter_gene_num114/cnfsseight.PhatBacter_gene_num114.87425705.null ./tmp.hmjAaP5pLq.PhatBacter_gene_num114/cnfsseight.PhatBacter_gene_num114.87425705.input output5764
num_states: 272
num_label: 16
num_params: 34548
num_gates: 79
num_ps_gates: 21
num_pi_gates: 58
window_size: 15
dim_features: 1201
dim_one_pos: 79
num_params = 34548
open model success
Loading weights from /home/vpatel/projects/raptorx-ss3-ss8/data/model.p0-900.1561189
Training data0 loaded
0 1
Initialization Finished!
num_data = 0
num_tst = 1
[TRAIN]begin lbfgs

Iteration:  1
 Weight Norm: 56.5295
 Objective: 0
 test ACC(Viterbi): 0.59387   155/261
output5764/model.p0-1.5764
 test ACC(MAP1): 0.429119   112/261
 test ACC(MAP1-L8to3): 0.613027   160/261
 train ACC: nan   0/0
