I am  0
$JOB_ID 15120 5
$JOB_ID bcast 15120 5
regularizer 160 160
param: ./tmp.9DnHfkyAcT.MosMoris_gene_num039/cnfsseight.MosMoris_gene_num039.19927764.null ./tmp.9DnHfkyAcT.MosMoris_gene_num039/cnfsseight.MosMoris_gene_num039.19927764.input output15120
num_states: 272
num_label: 16
num_params: 34548
num_gates: 79
num_ps_gates: 21
num_pi_gates: 58
window_size: 15
dim_features: 1201
dim_one_pos: 79
num_params = 34548
open model success
Loading weights from /home/vpatel/projects/raptorx-ss3-ss8/data/model.p0-900.1561189
Training data0 loaded
0 1
Initialization Finished!
num_data = 0
num_tst = 1
[TRAIN]begin lbfgs

Iteration:  1
 Weight Norm: 56.5295
 Objective: 0
 test ACC(Viterbi): 0.446809   63/141
output15120/model.p0-1.15120
 test ACC(MAP1): 0.404255   57/141
 test ACC(MAP1-L8to3): 0.560284   79/141
 train ACC: nan   0/0
