I am  0
$JOB_ID 9852 4
$JOB_ID bcast 9852 4
regularizer 160 160
param: ./tmp.6X71NIgJBA.Scoot17C_gene_num047/cnfsseight.Scoot17C_gene_num047.3549954.null ./tmp.6X71NIgJBA.Scoot17C_gene_num047/cnfsseight.Scoot17C_gene_num047.3549954.input output9852
num_states: 272
num_label: 16
num_params: 34548
num_gates: 79
num_ps_gates: 21
num_pi_gates: 58
window_size: 15
dim_features: 1201
dim_one_pos: 79
num_params = 34548
open model success
Loading weights from /home/vpatel/projects/raptorx-ss3-ss8/data/model.p0-900.1561189
Training data0 loaded
0 1
Initialization Finished!
num_data = 0
num_tst = 1
[TRAIN]begin lbfgs

Iteration:  1
 Weight Norm: 56.5295
 Objective: 0
 test ACC(Viterbi): 0.435897   34/78
output9852/model.p0-1.9852
 test ACC(MAP1): 0.358974   28/78
 test ACC(MAP1-L8to3): 0.692308   54/78
 train ACC: nan   0/0
