I am  0
$JOB_ID 5091 4
$JOB_ID bcast 5091 4
regularizer 160 160
param: ./tmp.ds9s0Wivow.MiaZeal_gene_num215/cnfsseight.MiaZeal_gene_num215.68262274.null ./tmp.ds9s0Wivow.MiaZeal_gene_num215/cnfsseight.MiaZeal_gene_num215.68262274.input output5091
num_states: 272
num_label: 16
num_params: 34548
num_gates: 79
num_ps_gates: 21
num_pi_gates: 58
window_size: 15
dim_features: 1201
dim_one_pos: 79
num_params = 34548
open model success
Loading weights from /home/vpatel/projects/raptorx-ss3-ss8/data/model.p0-900.1561189
Training data0 loaded
0 1
Initialization Finished!
num_data = 0
num_tst = 1
[TRAIN]begin lbfgs

Iteration:  1
 Weight Norm: 56.5295
 Objective: 0
 test ACC(Viterbi): 0.581395   50/86
output5091/model.p0-1.5091
 test ACC(MAP1): 0.569767   49/86
 test ACC(MAP1-L8to3): 0.697674   60/86
 train ACC: nan   0/0
