I am  0
$JOB_ID 7150 4
$JOB_ID bcast 7150 4
regularizer 160 160
param: ./tmp.2Hm0ZSqsz4.Cjw1_gene_num010/cnfsseight.Cjw1_gene_num010.18974284.null ./tmp.2Hm0ZSqsz4.Cjw1_gene_num010/cnfsseight.Cjw1_gene_num010.18974284.input output7150
num_states: 272
num_label: 16
num_params: 34548
num_gates: 79
num_ps_gates: 21
num_pi_gates: 58
window_size: 15
dim_features: 1201
dim_one_pos: 79
num_params = 34548
open model success
Loading weights from /home/vpatel/projects/raptorx-ss3-ss8/data/model.p0-900.1561189
Training data0 loaded
0 1
Initialization Finished!
num_data = 0
num_tst = 1
[TRAIN]begin lbfgs

Iteration:  1
 Weight Norm: 56.5295
 Objective: 0
 test ACC(Viterbi): 0.513514   266/518
output7150/model.p0-1.7150
 test ACC(MAP1): 0.401544   208/518
 test ACC(MAP1-L8to3): 0.57529   298/518
 train ACC: nan   0/0
