I am  0
$JOB_ID 3633 4
$JOB_ID bcast 3633 4
regularizer 160 160
param: ./tmp.jm2LC4NwLL.Swirley_gene_num011/cnfsseight.Swirley_gene_num011.43322653.null ./tmp.jm2LC4NwLL.Swirley_gene_num011/cnfsseight.Swirley_gene_num011.43322653.input output3633
num_states: 272
num_label: 16
num_params: 34548
num_gates: 79
num_ps_gates: 21
num_pi_gates: 58
window_size: 15
dim_features: 1201
dim_one_pos: 79
num_params = 34548
open model success
Loading weights from /home/vpatel/projects/raptorx-ss3-ss8/data/model.p0-900.1561189
Training data0 loaded
0 1
Initialization Finished!
num_data = 0
num_tst = 1
[TRAIN]begin lbfgs

Iteration:  1
 Weight Norm: 56.5295
 Objective: 0
 test ACC(Viterbi): 0.674556   114/169
output3633/model.p0-1.3633
 test ACC(MAP1): 0.656805   111/169
 test ACC(MAP1-L8to3): 0.656805   111/169
 train ACC: nan   0/0
