I am  0
$JOB_ID 27076 5
$JOB_ID bcast 27076 5
regularizer 160 160
param: ./tmp.PYrxiYZuQq.Nala_gene_num008/cnfsseight.Nala_gene_num008.70505171.null ./tmp.PYrxiYZuQq.Nala_gene_num008/cnfsseight.Nala_gene_num008.70505171.input output27076
num_states: 272
num_label: 16
num_params: 34548
num_gates: 79
num_ps_gates: 21
num_pi_gates: 58
window_size: 15
dim_features: 1201
dim_one_pos: 79
num_params = 34548
open model success
Loading weights from /home/vpatel/projects/raptorx-ss3-ss8/data/model.p0-900.1561189
Training data0 loaded
0 1
Initialization Finished!
num_data = 0
num_tst = 1
[TRAIN]begin lbfgs

Iteration:  1
 Weight Norm: 56.5295
 Objective: 0
 test ACC(Viterbi): 0.608794   540/887
output27076/model.p0-1.27076
 test ACC(MAP1): 0.374295   332/887
 test ACC(MAP1-L8to3): 0.613303   544/887
 train ACC: nan   0/0
