I am  0
$JOB_ID 12111 5
$JOB_ID bcast 12111 5
regularizer 160 160
param: ./tmp.Dqr7WJMtn7.Island3_gene_num045/cnfsseight.Island3_gene_num045.55862284.null ./tmp.Dqr7WJMtn7.Island3_gene_num045/cnfsseight.Island3_gene_num045.55862284.input output12111
num_states: 272
num_label: 16
num_params: 34548
num_gates: 79
num_ps_gates: 21
num_pi_gates: 58
window_size: 15
dim_features: 1201
dim_one_pos: 79
num_params = 34548
open model success
Loading weights from /home/vpatel/projects/raptorx-ss3-ss8/data/model.p0-900.1561189
Training data0 loaded
0 1
Initialization Finished!
num_data = 0
num_tst = 1
[TRAIN]begin lbfgs

Iteration:  1
 Weight Norm: 56.5295
 Objective: 0
 test ACC(Viterbi): 0   0/40
output12111/model.p0-1.12111
 test ACC(MAP1): 0   0/40
 test ACC(MAP1-L8to3): 0.175   7/40
 train ACC: nan   0/0
