I am  0
$JOB_ID 2802 4
$JOB_ID bcast 2802 4
regularizer 160 160
param: ./tmp.SMu60gN8RQ.Shaka_gene_num061/cnfsseight.Shaka_gene_num061.23578336.null ./tmp.SMu60gN8RQ.Shaka_gene_num061/cnfsseight.Shaka_gene_num061.23578336.input output2802
num_states: 272
num_label: 16
num_params: 34548
num_gates: 79
num_ps_gates: 21
num_pi_gates: 58
window_size: 15
dim_features: 1201
dim_one_pos: 79
num_params = 34548
open model success
Loading weights from /home/vpatel/projects/raptorx-ss3-ss8/data/model.p0-900.1561189
Training data0 loaded
0 1
Initialization Finished!
num_data = 0
num_tst = 1
[TRAIN]begin lbfgs

Iteration:  1
 Weight Norm: 56.5295
 Objective: 0
 test ACC(Viterbi): 0.393258   70/178
output2802/model.p0-1.2802
 test ACC(MAP1): 0.280899   50/178
 test ACC(MAP1-L8to3): 0.539326   96/178
 train ACC: nan   0/0
