I am  0
$JOB_ID 6649 4
$JOB_ID bcast 6649 4
regularizer 160 160
param: ./tmp.K07aABqyDn.Daenerys_gene_num087/cnfsseight.Daenerys_gene_num087.90999754.null ./tmp.K07aABqyDn.Daenerys_gene_num087/cnfsseight.Daenerys_gene_num087.90999754.input output6649
num_states: 272
num_label: 16
num_params: 34548
num_gates: 79
num_ps_gates: 21
num_pi_gates: 58
window_size: 15
dim_features: 1201
dim_one_pos: 79
num_params = 34548
open model success
Loading weights from /home/vpatel/projects/raptorx-ss3-ss8/data/model.p0-900.1561189
Training data0 loaded
0 1
Initialization Finished!
num_data = 0
num_tst = 1
[TRAIN]begin lbfgs

Iteration:  1
 Weight Norm: 56.5295
 Objective: 0
 test ACC(Viterbi): 0.820755   87/106
output6649/model.p0-1.6649
 test ACC(MAP1): 0.726415   77/106
 test ACC(MAP1-L8to3): 0.764151   81/106
 train ACC: nan   0/0
