I am  0
$JOB_ID 29980 5
$JOB_ID bcast 29980 5
regularizer 160 160
param: ./tmp.S4NT3unF7a.Minerva_gene_num014/cnfsseight.Minerva_gene_num014.22991764.null ./tmp.S4NT3unF7a.Minerva_gene_num014/cnfsseight.Minerva_gene_num014.22991764.input output29980
num_states: 272
num_label: 16
num_params: 34548
num_gates: 79
num_ps_gates: 21
num_pi_gates: 58
window_size: 15
dim_features: 1201
dim_one_pos: 79
num_params = 34548
open model success
Loading weights from /home/vpatel/projects/raptorx-ss3-ss8/data/model.p0-900.1561189
Training data0 loaded
0 1
Initialization Finished!
num_data = 0
num_tst = 1
[TRAIN]begin lbfgs

Iteration:  1
 Weight Norm: 56.5295
 Objective: 0
 test ACC(Viterbi): 0.438017   106/242
output29980/model.p0-1.29980
 test ACC(MAP1): 0.38843   94/242
 test ACC(MAP1-L8to3): 0.603306   146/242
 train ACC: nan   0/0
