I am  0
$JOB_ID 15407 5
$JOB_ID bcast 15407 5
regularizer 160 160
param: ./tmp.XAL6XPRvot.Pumpkin_gene_num029/cnfsseight.Pumpkin_gene_num029.89768757.null ./tmp.XAL6XPRvot.Pumpkin_gene_num029/cnfsseight.Pumpkin_gene_num029.89768757.input output15407
num_states: 272
num_label: 16
num_params: 34548
num_gates: 79
num_ps_gates: 21
num_pi_gates: 58
window_size: 15
dim_features: 1201
dim_one_pos: 79
num_params = 34548
open model success
Loading weights from /home/vpatel/projects/raptorx-ss3-ss8/data/model.p0-900.1561189
Training data0 loaded
0 1
Initialization Finished!
num_data = 0
num_tst = 1
[TRAIN]begin lbfgs

Iteration:  1
 Weight Norm: 56.5295
 Objective: 0
 test ACC(Viterbi): 0.268499   254/946
output15407/model.p0-1.15407
 test ACC(MAP1): 0.20296   192/946
 test ACC(MAP1-L8to3): 0.458774   434/946
 train ACC: nan   0/0
