I am  0
$JOB_ID 7046 4
$JOB_ID bcast 7046 4
regularizer 160 160
param: ./tmp.dZh1Q8Sl7y.Breeniome_gene_num051/cnfsseight.Breeniome_gene_num051.70972646.null ./tmp.dZh1Q8Sl7y.Breeniome_gene_num051/cnfsseight.Breeniome_gene_num051.70972646.input output7046
num_states: 272
num_label: 16
num_params: 34548
num_gates: 79
num_ps_gates: 21
num_pi_gates: 58
window_size: 15
dim_features: 1201
dim_one_pos: 79
num_params = 34548
open model success
Loading weights from /home/vpatel/projects/raptorx-ss3-ss8/data/model.p0-900.1561189
Training data0 loaded
0 1
Initialization Finished!
num_data = 0
num_tst = 1
[TRAIN]begin lbfgs

Iteration:  1
 Weight Norm: 56.5295
 Objective: 0
 test ACC(Viterbi): 0.185185   15/81
output7046/model.p0-1.7046
 test ACC(MAP1): 0.185185   15/81
 test ACC(MAP1-L8to3): 0.691358   56/81
 train ACC: nan   0/0
