I am  0
$JOB_ID 6142 4
$JOB_ID bcast 6142 4
regularizer 160 160
param: ./tmp.HJLy6qV0hn.Gumball_gene_num032/cnfsseight.Gumball_gene_num032.31760997.null ./tmp.HJLy6qV0hn.Gumball_gene_num032/cnfsseight.Gumball_gene_num032.31760997.input output6142
num_states: 272
num_label: 16
num_params: 34548
num_gates: 79
num_ps_gates: 21
num_pi_gates: 58
window_size: 15
dim_features: 1201
dim_one_pos: 79
num_params = 34548
open model success
Loading weights from /home/vpatel/projects/raptorx-ss3-ss8/data/model.p0-900.1561189
Training data0 loaded
0 1
Initialization Finished!
num_data = 0
num_tst = 1
[TRAIN]begin lbfgs

Iteration:  1
 Weight Norm: 56.5295
 Objective: 0
 test ACC(Viterbi): 0.494737   47/95
output6142/model.p0-1.6142
 test ACC(MAP1): 0.515789   49/95
 test ACC(MAP1-L8to3): 0.694737   66/95
 train ACC: nan   0/0
