I am  0
$JOB_ID 7145 4
$JOB_ID bcast 7145 4
regularizer 160 160
param: ./tmp.ecKVvF6wBy.Drago_gene_num015/cnfsseight.Drago_gene_num015.66611598.null ./tmp.ecKVvF6wBy.Drago_gene_num015/cnfsseight.Drago_gene_num015.66611598.input output7145
num_states: 272
num_label: 16
num_params: 34548
num_gates: 79
num_ps_gates: 21
num_pi_gates: 58
window_size: 15
dim_features: 1201
dim_one_pos: 79
num_params = 34548
open model success
Loading weights from /home/vpatel/projects/raptorx-ss3-ss8/data/model.p0-900.1561189
Training data0 loaded
0 1
Initialization Finished!
num_data = 0
num_tst = 1
[TRAIN]begin lbfgs

Iteration:  1
 Weight Norm: 56.5295
 Objective: 0
 test ACC(Viterbi): 0.737607   863/1170
output7145/model.p0-1.7145
 test ACC(MAP1): 0.652991   764/1170
 test ACC(MAP1-L8to3): 0.662393   775/1170
 train ACC: nan   0/0
