I am  0
$JOB_ID 24037 5
$JOB_ID bcast 24037 5
regularizer 160 160
param: ./tmp.oGDVcNfA8N.Willis_gene_num185/cnfsseight.Willis_gene_num185.24354477.null ./tmp.oGDVcNfA8N.Willis_gene_num185/cnfsseight.Willis_gene_num185.24354477.input output24037
num_states: 272
num_label: 16
num_params: 34548
num_gates: 79
num_ps_gates: 21
num_pi_gates: 58
window_size: 15
dim_features: 1201
dim_one_pos: 79
num_params = 34548
open model success
Loading weights from /home/vpatel/projects/raptorx-ss3-ss8/data/model.p0-900.1561189
Training data0 loaded
0 1
Initialization Finished!
num_data = 0
num_tst = 1
[TRAIN]begin lbfgs

Iteration:  1
 Weight Norm: 56.5295
 Objective: 0
 test ACC(Viterbi): 0.870293   208/239
output24037/model.p0-1.24037
 test ACC(MAP1): 0.648536   155/239
 test ACC(MAP1-L8to3): 0.761506   182/239
 train ACC: nan   0/0
