I am  0
$JOB_ID 27333 5
$JOB_ID bcast 27333 5
regularizer 160 160
param: ./tmp.Xs2pyxdhQ3.Brujita_gene_num027/cnfsseight.Brujita_gene_num027.53174474.null ./tmp.Xs2pyxdhQ3.Brujita_gene_num027/cnfsseight.Brujita_gene_num027.53174474.input output27333
num_states: 272
num_label: 16
num_params: 34548
num_gates: 79
num_ps_gates: 21
num_pi_gates: 58
window_size: 15
dim_features: 1201
dim_one_pos: 79
num_params = 34548
open model success
Loading weights from /home/vpatel/projects/raptorx-ss3-ss8/data/model.p0-900.1561189
Training data0 loaded
0 1
Initialization Finished!
num_data = 0
num_tst = 1
[TRAIN]begin lbfgs

Iteration:  1
 Weight Norm: 56.5295
 Objective: 0
 test ACC(Viterbi): 0.0995671   23/231
output27333/model.p0-1.27333
 test ACC(MAP1): 0.0606061   14/231
 test ACC(MAP1-L8to3): 0.5671   131/231
 train ACC: nan   0/0
