I am  0
$JOB_ID 3356 4
$JOB_ID bcast 3356 4
regularizer 160 160
param: ./tmp.aBd7L9O7E1.Nova_gene_num011/cnfsseight.Nova_gene_num011.76750379.null ./tmp.aBd7L9O7E1.Nova_gene_num011/cnfsseight.Nova_gene_num011.76750379.input output3356
num_states: 272
num_label: 16
num_params: 34548
num_gates: 79
num_ps_gates: 21
num_pi_gates: 58
window_size: 15
dim_features: 1201
dim_one_pos: 79
num_params = 34548
open model success
Loading weights from /home/vpatel/projects/raptorx-ss3-ss8/data/model.p0-900.1561189
Training data0 loaded
0 1
Initialization Finished!
num_data = 0
num_tst = 1
[TRAIN]begin lbfgs

Iteration:  1
 Weight Norm: 56.5295
 Objective: 0
 test ACC(Viterbi): 0.215686   33/153
output3356/model.p0-1.3356
 test ACC(MAP1): 0.222222   34/153
 test ACC(MAP1-L8to3): 0.588235   90/153
 train ACC: nan   0/0
