I am  0
$JOB_ID 5107 4
$JOB_ID bcast 5107 4
regularizer 160 160
param: ./tmp.sxnDP7Uxz8.Pacc40_gene_num032/cnfsseight.Pacc40_gene_num032.91631669.null ./tmp.sxnDP7Uxz8.Pacc40_gene_num032/cnfsseight.Pacc40_gene_num032.91631669.input output5107
num_states: 272
num_label: 16
num_params: 34548
num_gates: 79
num_ps_gates: 21
num_pi_gates: 58
window_size: 15
dim_features: 1201
dim_one_pos: 79
num_params = 34548
open model success
Loading weights from /home/vpatel/projects/raptorx-ss3-ss8/data/model.p0-900.1561189
Training data0 loaded
0 1
Initialization Finished!
num_data = 0
num_tst = 1
[TRAIN]begin lbfgs

Iteration:  1
 Weight Norm: 56.5295
 Objective: 0
 test ACC(Viterbi): 0.792208   61/77
output5107/model.p0-1.5107
 test ACC(MAP1): 0.675325   52/77
 test ACC(MAP1-L8to3): 0.688312   53/77
 train ACC: nan   0/0
