I am  0
$JOB_ID 28143 5
$JOB_ID bcast 28143 5
regularizer 160 160
param: ./tmp.ZvW1SePbgY.Hammer_gene_num066/cnfsseight.Hammer_gene_num066.54705382.null ./tmp.ZvW1SePbgY.Hammer_gene_num066/cnfsseight.Hammer_gene_num066.54705382.input output28143
num_states: 272
num_label: 16
num_params: 34548
num_gates: 79
num_ps_gates: 21
num_pi_gates: 58
window_size: 15
dim_features: 1201
dim_one_pos: 79
num_params = 34548
open model success
Loading weights from /home/vpatel/projects/raptorx-ss3-ss8/data/model.p0-900.1561189
Training data0 loaded
0 1
Initialization Finished!
num_data = 0
num_tst = 1
[TRAIN]begin lbfgs

Iteration:  1
 Weight Norm: 56.5295
 Objective: 0
 test ACC(Viterbi): 0.347458   41/118
output28143/model.p0-1.28143
 test ACC(MAP1): 0.254237   30/118
 test ACC(MAP1-L8to3): 0.677966   80/118
 train ACC: nan   0/0
