I am  0
$JOB_ID 3827 4
$JOB_ID bcast 3827 4
regularizer 160 160
param: ./tmp.l3AfAI34xN.Hawkeye_gene_num008/cnfsseight.Hawkeye_gene_num008.36647171.null ./tmp.l3AfAI34xN.Hawkeye_gene_num008/cnfsseight.Hawkeye_gene_num008.36647171.input output3827
num_states: 272
num_label: 16
num_params: 34548
num_gates: 79
num_ps_gates: 21
num_pi_gates: 58
window_size: 15
dim_features: 1201
dim_one_pos: 79
num_params = 34548
open model success
Loading weights from /home/vpatel/projects/raptorx-ss3-ss8/data/model.p0-900.1561189
Training data0 loaded
0 1
Initialization Finished!
num_data = 0
num_tst = 1
[TRAIN]begin lbfgs

Iteration:  1
 Weight Norm: 56.5295
 Objective: 0
 test ACC(Viterbi): 0.271739   25/92
output3827/model.p0-1.3827
 test ACC(MAP1): 0.0978261   9/92
 test ACC(MAP1-L8to3): 0.619565   57/92
 train ACC: nan   0/0
