I am  0
$JOB_ID 31032 5
$JOB_ID bcast 31032 5
regularizer 160 160
param: ./tmp.2m1BKdovN3.BuzzLyseyear_gene_num060/cnfsseight.BuzzLyseyear_gene_num060.95812190.null ./tmp.2m1BKdovN3.BuzzLyseyear_gene_num060/cnfsseight.BuzzLyseyear_gene_num060.95812190.input output31032
num_states: 272
num_label: 16
num_params: 34548
num_gates: 79
num_ps_gates: 21
num_pi_gates: 58
window_size: 15
dim_features: 1201
dim_one_pos: 79
num_params = 34548
open model success
Loading weights from /home/vpatel/projects/raptorx-ss3-ss8/data/model.p0-900.1561189
Training data0 loaded
0 1
Initialization Finished!
num_data = 0
num_tst = 1
[TRAIN]begin lbfgs

Iteration:  1
 Weight Norm: 56.5295
 Objective: 0
 test ACC(Viterbi): 0.408602   38/93
output31032/model.p0-1.31032
 test ACC(MAP1): 0.376344   35/93
 test ACC(MAP1-L8to3): 0.623656   58/93
 train ACC: nan   0/0
