I am  0
$JOB_ID 7716 4
$JOB_ID bcast 7716 4
regularizer 160 160
param: ./tmp.obZvuiX2Ff.Astraea_gene_num003/cnfsseight.Astraea_gene_num003.9243035.null ./tmp.obZvuiX2Ff.Astraea_gene_num003/cnfsseight.Astraea_gene_num003.9243035.input output7716
num_states: 272
num_label: 16
num_params: 34548
num_gates: 79
num_ps_gates: 21
num_pi_gates: 58
window_size: 15
dim_features: 1201
dim_one_pos: 79
num_params = 34548
open model success
Loading weights from /home/vpatel/projects/raptorx-ss3-ss8/data/model.p0-900.1561189
Training data0 loaded
0 1
Initialization Finished!
num_data = 0
num_tst = 1
[TRAIN]begin lbfgs

Iteration:  1
 Weight Norm: 56.5295
 Objective: 0
 test ACC(Viterbi): 0.560606   37/66
output7716/model.p0-1.7716
 test ACC(MAP1): 0.530303   35/66
 test ACC(MAP1-L8to3): 0.590909   39/66
 train ACC: nan   0/0
