I am  0
$JOB_ID 5151 4
$JOB_ID bcast 5151 4
regularizer 160 160
param: ./tmp.b8RWOsSSIm.Reprobate_gene_num082/cnfsseight.Reprobate_gene_num082.28347587.null ./tmp.b8RWOsSSIm.Reprobate_gene_num082/cnfsseight.Reprobate_gene_num082.28347587.input output5151
num_states: 272
num_label: 16
num_params: 34548
num_gates: 79
num_ps_gates: 21
num_pi_gates: 58
window_size: 15
dim_features: 1201
dim_one_pos: 79
num_params = 34548
open model success
Loading weights from /home/vpatel/projects/raptorx-ss3-ss8/data/model.p0-900.1561189
Training data0 loaded
0 1
Initialization Finished!
num_data = 0
num_tst = 1
[TRAIN]begin lbfgs

Iteration:  1
 Weight Norm: 56.5295
 Objective: 0
 test ACC(Viterbi): 0.358696   33/92
output5151/model.p0-1.5151
 test ACC(MAP1): 0.347826   32/92
 test ACC(MAP1-L8to3): 0.543478   50/92
 train ACC: nan   0/0
