I am  0
$JOB_ID 30165 5
$JOB_ID bcast 30165 5
regularizer 160 160
param: ./tmp.X2bx64MF6Z.Redi_gene_num018/cnfsseight.Redi_gene_num018.6864981.null ./tmp.X2bx64MF6Z.Redi_gene_num018/cnfsseight.Redi_gene_num018.6864981.input output30165
num_states: 272
num_label: 16
num_params: 34548
num_gates: 79
num_ps_gates: 21
num_pi_gates: 58
window_size: 15
dim_features: 1201
dim_one_pos: 79
num_params = 34548
open model success
Loading weights from /home/vpatel/projects/raptorx-ss3-ss8/data/model.p0-900.1561189
Training data0 loaded
0 1
Initialization Finished!
num_data = 0
num_tst = 1
[TRAIN]begin lbfgs

Iteration:  1
 Weight Norm: 56.5295
 Objective: 0
 test ACC(Viterbi): 0.420035   239/569
output30165/model.p0-1.30165
 test ACC(MAP1): 0.328647   187/569
 test ACC(MAP1-L8to3): 0.650264   370/569
 train ACC: nan   0/0
