I am  0
$JOB_ID 26202 5
$JOB_ID bcast 26202 5
regularizer 160 160
param: ./tmp.XWs9nH9iJi.Scoot17C_gene_num061/cnfsseight.Scoot17C_gene_num061.68993764.null ./tmp.XWs9nH9iJi.Scoot17C_gene_num061/cnfsseight.Scoot17C_gene_num061.68993764.input output26202
num_states: 272
num_label: 16
num_params: 34548
num_gates: 79
num_ps_gates: 21
num_pi_gates: 58
window_size: 15
dim_features: 1201
dim_one_pos: 79
num_params = 34548
open model success
Loading weights from /home/vpatel/projects/raptorx-ss3-ss8/data/model.p0-900.1561189
Training data0 loaded
0 1
Initialization Finished!
num_data = 0
num_tst = 1
[TRAIN]begin lbfgs

Iteration:  1
 Weight Norm: 56.5295
 Objective: 0
 test ACC(Viterbi): 0.567044   351/619
output26202/model.p0-1.26202
 test ACC(MAP1): 0.470113   291/619
 test ACC(MAP1-L8to3): 0.61874   383/619
 train ACC: nan   0/0
