I am  0
$JOB_ID 3015 4
$JOB_ID bcast 3015 4
regularizer 160 160
param: ./tmp.3JWpw0sseF.Orion_gene_num028/cnfsseight.Orion_gene_num028.42092486.null ./tmp.3JWpw0sseF.Orion_gene_num028/cnfsseight.Orion_gene_num028.42092486.input output3015
num_states: 272
num_label: 16
num_params: 34548
num_gates: 79
num_ps_gates: 21
num_pi_gates: 58
window_size: 15
dim_features: 1201
dim_one_pos: 79
num_params = 34548
open model success
Loading weights from /home/vpatel/projects/raptorx-ss3-ss8/data/model.p0-900.1561189
Training data0 loaded
0 1
Initialization Finished!
num_data = 0
num_tst = 1
[TRAIN]begin lbfgs

Iteration:  1
 Weight Norm: 56.5295
 Objective: 0
 test ACC(Viterbi): 0.831241   1655/1991
output3015/model.p0-1.3015
 test ACC(MAP1): 0.416374   829/1991
 test ACC(MAP1-L8to3): 0.489704   975/1991
 train ACC: nan   0/0
