I am  0
$JOB_ID 19086 5
$JOB_ID bcast 19086 5
regularizer 160 160
param: ./tmp.1XheWhILwy.Ghost_gene_num173/cnfsseight.Ghost_gene_num173.36600436.null ./tmp.1XheWhILwy.Ghost_gene_num173/cnfsseight.Ghost_gene_num173.36600436.input output19086
num_states: 272
num_label: 16
num_params: 34548
num_gates: 79
num_ps_gates: 21
num_pi_gates: 58
window_size: 15
dim_features: 1201
dim_one_pos: 79
num_params = 34548
open model success
Loading weights from /home/vpatel/projects/raptorx-ss3-ss8/data/model.p0-900.1561189
Training data0 loaded
0 1
Initialization Finished!
num_data = 0
num_tst = 1
[TRAIN]begin lbfgs

Iteration:  1
 Weight Norm: 56.5295
 Objective: 0
 test ACC(Viterbi): 0.498599   178/357
output19086/model.p0-1.19086
 test ACC(MAP1): 0.439776   157/357
 test ACC(MAP1-L8to3): 0.605042   216/357
 train ACC: nan   0/0
