I am  0
$JOB_ID 24959 5
$JOB_ID bcast 24959 5
regularizer 160 160
param: ./tmp.wwnHLym8So.Lamina13_gene_num054/cnfsseight.Lamina13_gene_num054.13888018.null ./tmp.wwnHLym8So.Lamina13_gene_num054/cnfsseight.Lamina13_gene_num054.13888018.input output24959
num_states: 272
num_label: 16
num_params: 34548
num_gates: 79
num_ps_gates: 21
num_pi_gates: 58
window_size: 15
dim_features: 1201
dim_one_pos: 79
num_params = 34548
open model success
Loading weights from /home/vpatel/projects/raptorx-ss3-ss8/data/model.p0-900.1561189
Training data0 loaded
0 1
Initialization Finished!
num_data = 0
num_tst = 1
[TRAIN]begin lbfgs

Iteration:  1
 Weight Norm: 56.5295
 Objective: 0
 test ACC(Viterbi): 0.636771   142/223
output24959/model.p0-1.24959
 test ACC(MAP1): 0.300448   67/223
 test ACC(MAP1-L8to3): 0.470852   105/223
 train ACC: nan   0/0
