I am  0
$JOB_ID 32109 5
$JOB_ID bcast 32109 5
regularizer 160 160
param: ./tmp.djtF28Bs6r.ScottMcG_gene_num138/cnfsseight.ScottMcG_gene_num138.34776929.null ./tmp.djtF28Bs6r.ScottMcG_gene_num138/cnfsseight.ScottMcG_gene_num138.34776929.input output32109
num_states: 272
num_label: 16
num_params: 34548
num_gates: 79
num_ps_gates: 21
num_pi_gates: 58
window_size: 15
dim_features: 1201
dim_one_pos: 79
num_params = 34548
open model success
Loading weights from /home/vpatel/projects/raptorx-ss3-ss8/data/model.p0-900.1561189
Training data0 loaded
0 1
Initialization Finished!
num_data = 0
num_tst = 1
[TRAIN]begin lbfgs

Iteration:  1
 Weight Norm: 56.5295
 Objective: 0
 test ACC(Viterbi): 0.651515   86/132
output32109/model.p0-1.32109
 test ACC(MAP1): 0.469697   62/132
 test ACC(MAP1-L8to3): 0.613636   81/132
 train ACC: nan   0/0
