I am  0
$JOB_ID 8419 4
$JOB_ID bcast 8419 4
regularizer 160 160
param: ./tmp.i1cYq114F4.Courthouse_gene_num185/cnfsseight.Courthouse_gene_num185.55951924.null ./tmp.i1cYq114F4.Courthouse_gene_num185/cnfsseight.Courthouse_gene_num185.55951924.input output8419
num_states: 272
num_label: 16
num_params: 34548
num_gates: 79
num_ps_gates: 21
num_pi_gates: 58
window_size: 15
dim_features: 1201
dim_one_pos: 79
num_params = 34548
open model success
Loading weights from /home/vpatel/projects/raptorx-ss3-ss8/data/model.p0-900.1561189
Training data0 loaded
0 1
Initialization Finished!
num_data = 0
num_tst = 1
[TRAIN]begin lbfgs

Iteration:  1
 Weight Norm: 56.5295
 Objective: 0
 test ACC(Viterbi): 0.426471   58/136
output8419/model.p0-1.8419
 test ACC(MAP1): 0.389706   53/136
 test ACC(MAP1-L8to3): 0.558824   76/136
 train ACC: nan   0/0
