I am  0
$JOB_ID 16464 5
$JOB_ID bcast 16464 5
regularizer 160 160
param: ./tmp.VDwZUGiTMq.DS6A_gene_num034/cnfsseight.DS6A_gene_num034.86765869.null ./tmp.VDwZUGiTMq.DS6A_gene_num034/cnfsseight.DS6A_gene_num034.86765869.input output16464
num_states: 272
num_label: 16
num_params: 34548
num_gates: 79
num_ps_gates: 21
num_pi_gates: 58
window_size: 15
dim_features: 1201
dim_one_pos: 79
num_params = 34548
open model success
Loading weights from /home/vpatel/projects/raptorx-ss3-ss8/data/model.p0-900.1561189
Training data0 loaded
0 1
Initialization Finished!
num_data = 0
num_tst = 1
[TRAIN]begin lbfgs

Iteration:  1
 Weight Norm: 56.5295
 Objective: 0
 test ACC(Viterbi): 0.21671   83/383
output16464/model.p0-1.16464
 test ACC(MAP1): 0.190601   73/383
 test ACC(MAP1-L8to3): 0.642298   246/383
 train ACC: nan   0/0
