I am  0
$JOB_ID 4810 4
$JOB_ID bcast 4810 4
regularizer 160 160
param: ./tmp.hphsN7lsCR.Barnyard_gene_num062/cnfsseight.Barnyard_gene_num062.89523231.null ./tmp.hphsN7lsCR.Barnyard_gene_num062/cnfsseight.Barnyard_gene_num062.89523231.input output4810
num_states: 272
num_label: 16
num_params: 34548
num_gates: 79
num_ps_gates: 21
num_pi_gates: 58
window_size: 15
dim_features: 1201
dim_one_pos: 79
num_params = 34548
open model success
Loading weights from /home/vpatel/projects/raptorx-ss3-ss8/data/model.p0-900.1561189
Training data0 loaded
0 1
Initialization Finished!
num_data = 0
num_tst = 1
[TRAIN]begin lbfgs

Iteration:  1
 Weight Norm: 56.5295
 Objective: 0
 test ACC(Viterbi): 0.711111   64/90
output4810/model.p0-1.4810
 test ACC(MAP1): 0.544444   49/90
 test ACC(MAP1-L8to3): 0.644444   58/90
 train ACC: nan   0/0
