I am  0
$JOB_ID 3917 4
$JOB_ID bcast 3917 4
regularizer 160 160
param: ./tmp.jvNKWdqwp0.Angel_gene_num015/cnfsseight.Angel_gene_num015.34833763.null ./tmp.jvNKWdqwp0.Angel_gene_num015/cnfsseight.Angel_gene_num015.34833763.input output3917
num_states: 272
num_label: 16
num_params: 34548
num_gates: 79
num_ps_gates: 21
num_pi_gates: 58
window_size: 15
dim_features: 1201
dim_one_pos: 79
num_params = 34548
open model success
Loading weights from /home/vpatel/projects/raptorx-ss3-ss8/data/model.p0-900.1561189
Training data0 loaded
0 1
Initialization Finished!
num_data = 0
num_tst = 1
[TRAIN]begin lbfgs

Iteration:  1
 Weight Norm: 56.5295
 Objective: 0
 test ACC(Viterbi): 0.502959   85/169
output3917/model.p0-1.3917
 test ACC(MAP1): 0.366864   62/169
 test ACC(MAP1-L8to3): 0.455621   77/169
 train ACC: nan   0/0
