I am  0
$JOB_ID 26493 5
$JOB_ID bcast 26493 5
regularizer 160 160
param: ./tmp.GzzFsEOrEB.Switzer_gene_num014/cnfsseight.Switzer_gene_num014.55728203.null ./tmp.GzzFsEOrEB.Switzer_gene_num014/cnfsseight.Switzer_gene_num014.55728203.input output26493
num_states: 272
num_label: 16
num_params: 34548
num_gates: 79
num_ps_gates: 21
num_pi_gates: 58
window_size: 15
dim_features: 1201
dim_one_pos: 79
num_params = 34548
open model success
Loading weights from /home/vpatel/projects/raptorx-ss3-ss8/data/model.p0-900.1561189
Training data0 loaded
0 1
Initialization Finished!
num_data = 0
num_tst = 1
[TRAIN]begin lbfgs

Iteration:  1
 Weight Norm: 56.5295
 Objective: 0
 test ACC(Viterbi): 0.788396   231/293
output26493/model.p0-1.26493
 test ACC(MAP1): 0.65529   192/293
 test ACC(MAP1-L8to3): 0.730375   214/293
 train ACC: nan   0/0
