I am  0
$JOB_ID 3191 4
$JOB_ID bcast 3191 4
regularizer 160 160
param: ./tmp.iXjN1ROMLS.Firecracker_gene_num053/cnfsseight.Firecracker_gene_num053.41909728.null ./tmp.iXjN1ROMLS.Firecracker_gene_num053/cnfsseight.Firecracker_gene_num053.41909728.input output3191
num_states: 272
num_label: 16
num_params: 34548
num_gates: 79
num_ps_gates: 21
num_pi_gates: 58
window_size: 15
dim_features: 1201
dim_one_pos: 79
num_params = 34548
open model success
Loading weights from /home/vpatel/projects/raptorx-ss3-ss8/data/model.p0-900.1561189
Training data0 loaded
0 1
Initialization Finished!
num_data = 0
num_tst = 1
[TRAIN]begin lbfgs

Iteration:  1
 Weight Norm: 56.5295
 Objective: 0
 test ACC(Viterbi): 0.768707   113/147
output3191/model.p0-1.3191
 test ACC(MAP1): 0.591837   87/147
 test ACC(MAP1-L8to3): 0.605442   89/147
 train ACC: nan   0/0
