I am  0
$JOB_ID 3812 4
$JOB_ID bcast 3812 4
regularizer 160 160
param: ./tmp.6sJGtFBB2V.Rizal_gene_num173/cnfsseight.Rizal_gene_num173.63035037.null ./tmp.6sJGtFBB2V.Rizal_gene_num173/cnfsseight.Rizal_gene_num173.63035037.input output3812
num_states: 272
num_label: 16
num_params: 34548
num_gates: 79
num_ps_gates: 21
num_pi_gates: 58
window_size: 15
dim_features: 1201
dim_one_pos: 79
num_params = 34548
open model success
Loading weights from /home/vpatel/projects/raptorx-ss3-ss8/data/model.p0-900.1561189
Training data0 loaded
0 1
Initialization Finished!
num_data = 0
num_tst = 1
[TRAIN]begin lbfgs

Iteration:  1
 Weight Norm: 56.5295
 Objective: 0
 test ACC(Viterbi): 0.463373   272/587
output3812/model.p0-1.3812
 test ACC(MAP1): 0.335605   197/587
 test ACC(MAP1-L8to3): 0.660988   388/587
 train ACC: nan   0/0
