I am  0
$JOB_ID 4201 4
$JOB_ID bcast 4201 4
regularizer 160 160
param: ./tmp.j7c1O1wXQM.Halo_gene_num004/cnfsseight.Halo_gene_num004.65619576.null ./tmp.j7c1O1wXQM.Halo_gene_num004/cnfsseight.Halo_gene_num004.65619576.input output4201
num_states: 272
num_label: 16
num_params: 34548
num_gates: 79
num_ps_gates: 21
num_pi_gates: 58
window_size: 15
dim_features: 1201
dim_one_pos: 79
num_params = 34548
open model success
Loading weights from /home/vpatel/projects/raptorx-ss3-ss8/data/model.p0-900.1561189
Training data0 loaded
0 1
Initialization Finished!
num_data = 0
num_tst = 1
[TRAIN]begin lbfgs

Iteration:  1
 Weight Norm: 56.5295
 Objective: 0
 test ACC(Viterbi): 0.96986   901/929
output4201/model.p0-1.4201
 test ACC(MAP1): 0.917115   852/929
 test ACC(MAP1-L8to3): 0.917115   852/929
 train ACC: nan   0/0
