I am  0
$JOB_ID 8914 4
$JOB_ID bcast 8914 4
regularizer 160 160
param: ./tmp.EC9hB2UyPX.Piglet_gene_num040/cnfsseight.Piglet_gene_num040.23434101.null ./tmp.EC9hB2UyPX.Piglet_gene_num040/cnfsseight.Piglet_gene_num040.23434101.input output8914
num_states: 272
num_label: 16
num_params: 34548
num_gates: 79
num_ps_gates: 21
num_pi_gates: 58
window_size: 15
dim_features: 1201
dim_one_pos: 79
num_params = 34548
open model success
Loading weights from /home/vpatel/projects/raptorx-ss3-ss8/data/model.p0-900.1561189
Training data0 loaded
0 1
Initialization Finished!
num_data = 0
num_tst = 1
[TRAIN]begin lbfgs

Iteration:  1
 Weight Norm: 56.5295
 Objective: 0
 test ACC(Viterbi): 0.437037   59/135
output8914/model.p0-1.8914
 test ACC(MAP1): 0.17037   23/135
 test ACC(MAP1-L8to3): 0.251852   34/135
 train ACC: nan   0/0
