I am  0
$JOB_ID 970 3
$JOB_ID bcast 970 3
regularizer 160 160
param: ./tmp.sQeTmlyAWy.Swirley_gene_num031/cnfsseight.Swirley_gene_num031.20415996.null ./tmp.sQeTmlyAWy.Swirley_gene_num031/cnfsseight.Swirley_gene_num031.20415996.input output970
num_states: 272
num_label: 16
num_params: 34548
num_gates: 79
num_ps_gates: 21
num_pi_gates: 58
window_size: 15
dim_features: 1201
dim_one_pos: 79
num_params = 34548
open model success
Loading weights from /home/vpatel/projects/raptorx-ss3-ss8/data/model.p0-900.1561189
Training data0 loaded
0 1
Initialization Finished!
num_data = 0
num_tst = 1
[TRAIN]begin lbfgs

Iteration:  1
 Weight Norm: 56.5295
 Objective: 0
 test ACC(Viterbi): 0.386905   65/168
output970/model.p0-1.970
 test ACC(MAP1): 0.327381   55/168
 test ACC(MAP1-L8to3): 0.559524   94/168
 train ACC: nan   0/0
