I am  0
$JOB_ID 15160 5
$JOB_ID bcast 15160 5
regularizer 160 160
param: ./tmp.xr2RlIzBvy.Konstantine_gene_num057/cnfsseight.Konstantine_gene_num057.86124799.null ./tmp.xr2RlIzBvy.Konstantine_gene_num057/cnfsseight.Konstantine_gene_num057.86124799.input output15160
num_states: 272
num_label: 16
num_params: 34548
num_gates: 79
num_ps_gates: 21
num_pi_gates: 58
window_size: 15
dim_features: 1201
dim_one_pos: 79
num_params = 34548
open model success
Loading weights from /home/vpatel/projects/raptorx-ss3-ss8/data/model.p0-900.1561189
Training data0 loaded
0 1
Initialization Finished!
num_data = 0
num_tst = 1
[TRAIN]begin lbfgs

Iteration:  1
 Weight Norm: 56.5295
 Objective: 0
 test ACC(Viterbi): 0.667494   269/403
output15160/model.p0-1.15160
 test ACC(MAP1): 0.431762   174/403
 test ACC(MAP1-L8to3): 0.662531   267/403
 train ACC: nan   0/0
