I am  0
$JOB_ID 19255 5
$JOB_ID bcast 19255 5
regularizer 160 160
param: ./tmp.gmpAeiSXUm.Che12_gene_num045/cnfsseight.Che12_gene_num045.45771832.null ./tmp.gmpAeiSXUm.Che12_gene_num045/cnfsseight.Che12_gene_num045.45771832.input output19255
num_states: 272
num_label: 16
num_params: 34548
num_gates: 79
num_ps_gates: 21
num_pi_gates: 58
window_size: 15
dim_features: 1201
dim_one_pos: 79
num_params = 34548
open model success
Loading weights from /home/vpatel/projects/raptorx-ss3-ss8/data/model.p0-900.1561189
Training data0 loaded
0 1
Initialization Finished!
num_data = 0
num_tst = 1
[TRAIN]begin lbfgs

Iteration:  1
 Weight Norm: 56.5295
 Objective: 0
 test ACC(Viterbi): 0.359551   32/89
output19255/model.p0-1.19255
 test ACC(MAP1): 0.292135   26/89
 test ACC(MAP1-L8to3): 0.52809   47/89
 train ACC: nan   0/0
